 0.100000E+00   0.327197E+00   0.170940E+03   0.329532E+00   0.209161E-01
 0.132000E+00   0.292155E+00   0.178381E+03   0.294207E+00   0.275908E-01
 0.164000E+00   0.240226E+00   0.179877E+03   0.241834E+00   0.342578E-01
 0.196000E+00   0.163722E+00   0.156045E+03   0.164678E+00   0.409171E-01
 0.228000E+00   0.114736E+00   0.129090E+03   0.115280E+00   0.475692E-01
 0.260000E+00   0.965268E-01   0.115049E+03   0.969174E-01   0.542140E-01
 0.292000E+00   0.890492E-01   0.923674E+02   0.893733E-01   0.608520E-01
 0.324000E+00   0.883474E-01   0.831047E+02   0.886642E-01   0.671946E-01
 0.356000E+00   0.881473E-01   0.770662E+02   0.884600E-01   0.737977E-01
 0.388000E+00   0.881119E-01   0.740487E+02   0.884217E-01   0.803992E-01
 0.420000E+00   0.881007E-01   0.725050E+02   0.884075E-01   0.869993E-01
 0.452000E+00   0.880175E-01   0.708538E+02   0.883202E-01   0.935979E-01
 0.484000E+00   0.878792E-01   0.696347E+02   0.881769E-01   0.100195E+00
 0.516000E+00   0.875999E-01   0.678387E+02   0.878899E-01   0.106790E+00
 0.548000E+00   0.871595E-01   0.656357E+02   0.874377E-01   0.113382E+00
 0.580000E+00   0.865852E-01   0.626096E+02   0.868472E-01   0.119972E+00
 0.612000E+00   0.860350E-01   0.575319E+02   0.862765E-01   0.126557E+00
 0.644000E+00   0.859422E-01   0.503668E+02   0.861621E-01   0.133136E+00
 0.676000E+00   0.870010E-01   0.448417E+02   0.872047E-01   0.139709E+00
 0.708000E+00   0.898450E-01   0.405077E+02   0.900456E-01   0.146274E+00
 0.740000E+00   0.950153E-01   0.386706E+02   0.952353E-01   0.152831E+00
 0.772000E+00   0.102841E+00   0.299808E+02   0.103115E+00   0.159377E+00
 0.804000E+00   0.113435E+00   0.235805E+02   0.113809E+00   0.165913E+00
 0.836000E+00   0.126780E+00   0.196285E+02   0.127319E+00   0.172435E+00
 0.868000E+00   0.142799E+00   0.170986E+02   0.143582E+00   0.178944E+00
 0.900000E+00   0.161381E+00   0.154117E+02   0.162508E+00   0.185438E+00
 0.932000E+00   0.182395E+00   0.142727E+02   0.183985E+00   0.191915E+00
 0.964000E+00   0.205699E+00   0.134767E+02   0.207893E+00   0.198376E+00
 0.996000E+00   0.231144E+00   0.129184E+02   0.234101E+00   0.204818E+00
 0.102800E+01   0.258568E+00   0.125186E+02   0.262467E+00   0.211241E+00
 0.106000E+01   0.287808E+00   0.122367E+02   0.292846E+00   0.217644E+00
 0.109200E+01   0.318692E+00   0.120454E+02   0.325081E+00   0.224025E+00
 0.112400E+01   0.351048E+00   0.119050E+02   0.359015E+00   0.230385E+00
 0.115600E+01   0.384703E+00   0.118108E+02   0.394488E+00   0.236721E+00
 0.118800E+01   0.419489E+00   0.117514E+02   0.431337E+00   0.243035E+00
 0.122000E+01   0.455238E+00   0.117238E+02   0.469403E+00   0.249324E+00
 0.125200E+01   0.491791E+00   0.117078E+02   0.508530E+00   0.255588E+00
 0.128400E+01   0.528992E+00   0.117034E+02   0.548566E+00   0.261827E+00
 0.131600E+01   0.566697E+00   0.117183E+02   0.589364E+00   0.268040E+00
 0.134800E+01   0.604769E+00   0.117334E+02   0.630784E+00   0.274227E+00
 0.138000E+01   0.643079E+00   0.117538E+02   0.672692E+00   0.280387E+00
 0.141200E+01   0.681508E+00   0.117851E+02   0.714965E+00   0.286521E+00
 0.144400E+01   0.719947E+00   0.118165E+02   0.757484E+00   0.292626E+00
 0.147600E+01   0.758296E+00   0.118532E+02   0.800138E+00   0.298704E+00
 0.150800E+01   0.796464E+00   0.118835E+02   0.842828E+00   0.304754E+00
 0.154000E+01   0.834367E+00   0.119122E+02   0.885458E+00   0.310776E+00
 0.157200E+01   0.871934E+00   0.119531E+02   0.927943E+00   0.316769E+00
 0.160400E+01   0.909097E+00   0.119842E+02   0.970203E+00   0.322734E+00
 0.163600E+01   0.945798E+00   0.120162E+02   0.101217E+01   0.328670E+00
 0.166800E+01   0.981986E+00   0.120464E+02   0.105377E+01   0.334577E+00
 0.170000E+01   0.101762E+01   0.120753E+02   0.109496E+01   0.340456E+00
 0.173200E+01   0.105265E+01   0.120948E+02   0.113567E+01   0.346305E+00
 0.176400E+01   0.108706E+01   0.121220E+02   0.117587E+01   0.352126E+00
 0.179600E+01   0.112081E+01   0.121507E+02   0.121551E+01   0.357918E+00
 0.182800E+01   0.115389E+01   0.121768E+02   0.125456E+01   0.363681E+00
 0.186000E+01   0.118627E+01   0.121949E+02   0.129298E+01   0.369415E+00
 0.189200E+01   0.121793E+01   0.122108E+02   0.133075E+01   0.375120E+00
 0.192400E+01   0.124888E+01   0.122302E+02   0.136785E+01   0.380796E+00
 0.195600E+01   0.127911E+01   0.122488E+02   0.140426E+01   0.386444E+00
 0.198800E+01   0.130860E+01   0.122625E+02   0.143997E+01   0.392063E+00
 0.202000E+01   0.133736E+01   0.122796E+02   0.147495E+01   0.397654E+00
 0.205200E+01   0.136539E+01   0.122898E+02   0.150921E+01   0.403217E+00
 0.208400E+01   0.139269E+01   0.123063E+02   0.154274E+01   0.408752E+00
 0.211600E+01   0.141927E+01   0.123085E+02   0.157553E+01   0.414258E+00
 0.214800E+01   0.144513E+01   0.123157E+02   0.160759E+01   0.419737E+00
 0.218000E+01   0.147028E+01   0.123313E+02   0.163891E+01   0.425188E+00
 0.221200E+01   0.149474E+01   0.123382E+02   0.166949E+01   0.430612E+00
 0.224400E+01   0.151851E+01   0.123415E+02   0.169934E+01   0.436008E+00
 0.227600E+01   0.154160E+01   0.123412E+02   0.172847E+01   0.441378E+00
 0.230800E+01   0.156402E+01   0.123462E+02   0.175688E+01   0.446721E+00
 0.234000E+01   0.158579E+01   0.123471E+02   0.178458E+01   0.452036E+00
 0.237200E+01   0.160693E+01   0.123467E+02   0.181157E+01   0.457326E+00
 0.240400E+01   0.162744E+01   0.123492E+02   0.183787E+01   0.462589E+00
 0.243600E+01   0.164734E+01   0.123498E+02   0.186349E+01   0.467827E+00
 0.246800E+01   0.166664E+01   0.123500E+02   0.188844E+01   0.473038E+00
 0.250000E+01   0.168536E+01   0.123448E+02   0.191272E+01   0.478224E+00
 0.253200E+01   0.170350E+01   0.123451E+02   0.193636E+01   0.483385E+00
 0.256400E+01   0.172110E+01   0.123387E+02   0.195935E+01   0.488521E+00
 0.259600E+01   0.173816E+01   0.123422E+02   0.198173E+01   0.493632E+00
 0.262800E+01   0.175469E+01   0.123320E+02   0.200349E+01   0.498718E+00
 0.266000E+01   0.177071E+01   0.123304E+02   0.202465E+01   0.503780E+00
 0.269200E+01   0.178623E+01   0.123257E+02   0.204523E+01   0.508818E+00
 0.272400E+01   0.180127E+01   0.123141E+02   0.206524E+01   0.513832E+00
 0.275600E+01   0.181584E+01   0.123082E+02   0.208468E+01   0.518822E+00
 0.278800E+01   0.182995E+01   0.123018E+02   0.210358E+01   0.523789E+00
 0.282000E+01   0.184363E+01   0.122917E+02   0.212194E+01   0.528733E+00
 0.285200E+01   0.185687E+01   0.122842E+02   0.213978E+01   0.533654E+00
 0.288400E+01   0.186969E+01   0.122813E+02   0.215712E+01   0.538552E+00
 0.291600E+01   0.188212E+01   0.122712E+02   0.217396E+01   0.543428E+00
 0.294800E+01   0.189414E+01   0.122599E+02   0.219031E+01   0.548282E+00
 0.298000E+01   0.190579E+01   0.122574E+02   0.220620E+01   0.553113E+00
 0.301200E+01   0.191707E+01   0.122467E+02   0.222162E+01   0.557923E+00
 0.304400E+01   0.192800E+01   0.122363E+02   0.223660E+01   0.562712E+00
 0.307600E+01   0.193857E+01   0.122248E+02   0.225114E+01   0.567479E+00
 0.310800E+01   0.194881E+01   0.122170E+02   0.226526E+01   0.572225E+00
 0.314000E+01   0.195873E+01   0.122082E+02   0.227897E+01   0.576950E+00
 0.317200E+01   0.196833E+01   0.121935E+02   0.229227E+01   0.581655E+00
 0.320400E+01   0.197762E+01   0.121849E+02   0.230519E+01   0.586339E+00
 0.323600E+01   0.198662E+01   0.121753E+02   0.231773E+01   0.591003E+00
 0.326800E+01   0.199533E+01   0.121698E+02   0.232989E+01   0.595647E+00
 0.330000E+01   0.200376E+01   0.121566E+02   0.234170E+01   0.600272E+00
 0.333200E+01   0.201192E+01   0.121429E+02   0.235315E+01   0.604877E+00
 0.336400E+01   0.201983E+01   0.121358E+02   0.236427E+01   0.609462E+00
 0.339600E+01   0.202748E+01   0.121222E+02   0.237506E+01   0.614029E+00
 0.342800E+01   0.203488E+01   0.121081E+02   0.238552E+01   0.618577E+00
 0.346000E+01   0.204205E+01   0.120989E+02   0.239568E+01   0.623106E+00
 0.349200E+01   0.204899E+01   0.120896E+02   0.240552E+01   0.627616E+00
 0.352400E+01   0.205571E+01   0.120746E+02   0.241508E+01   0.632108E+00
 0.355600E+01   0.206221E+01   0.120624E+02   0.242434E+01   0.636583E+00
 0.358800E+01   0.206850E+01   0.120516E+02   0.243333E+01   0.641039E+00
 0.362000E+01   0.207459E+01   0.120383E+02   0.244205E+01   0.645478E+00
 0.365200E+01   0.208049E+01   0.120275E+02   0.245050E+01   0.649899E+00
 0.368400E+01   0.208619E+01   0.120142E+02   0.245870E+01   0.654303E+00
 0.371600E+01   0.209171E+01   0.120035E+02   0.246665E+01   0.658689E+00
 0.374800E+01   0.209705E+01   0.119968E+02   0.247435E+01   0.663059E+00
 0.378000E+01   0.210222E+01   0.119856E+02   0.248182E+01   0.667412E+00
 0.381200E+01   0.210722E+01   0.119687E+02   0.248906E+01   0.671749E+00
 0.384400E+01   0.211206E+01   0.119571E+02   0.249608E+01   0.676069E+00
 0.387600E+01   0.211674E+01   0.119432E+02   0.250288E+01   0.680372E+00
 0.390800E+01   0.212127E+01   0.119332E+02   0.250948E+01   0.684660E+00
 0.394000E+01   0.212566E+01   0.119271E+02   0.251587E+01   0.688932E+00
 0.397200E+01   0.212990E+01   0.119120E+02   0.252205E+01   0.693188E+00
 0.400400E+01   0.213400E+01   0.119021E+02   0.252805E+01   0.697429E+00
 0.403600E+01   0.213796E+01   0.118875E+02   0.253386E+01   0.701654E+00
 0.406800E+01   0.214179E+01   0.118750E+02   0.253949E+01   0.705864E+00
 0.410000E+01   0.214550E+01   0.118608E+02   0.254494E+01   0.710059E+00
 0.413200E+01   0.214909E+01   0.118542E+02   0.255021E+01   0.714239E+00
 0.416400E+01   0.215255E+01   0.118407E+02   0.255532E+01   0.718404E+00
 0.419600E+01   0.215590E+01   0.118291E+02   0.256027E+01   0.722555E+00
 0.422800E+01   0.215914E+01   0.118200E+02   0.256506E+01   0.726691E+00
 0.426000E+01   0.216227E+01   0.118014E+02   0.256969E+01   0.730813E+00
 0.429200E+01   0.216529E+01   0.117930E+02   0.257417E+01   0.734920E+00
 0.432400E+01   0.216821E+01   0.117819E+02   0.257851E+01   0.739014E+00
 0.435600E+01   0.217104E+01   0.117690E+02   0.258270E+01   0.743094E+00
 0.438800E+01   0.217376E+01   0.117636E+02   0.258676E+01   0.747160E+00
 0.442000E+01   0.217639E+01   0.117463E+02   0.259068E+01   0.751212E+00
 0.445200E+01   0.217893E+01   0.117372E+02   0.259448E+01   0.755251E+00
 0.448400E+01   0.218138E+01   0.117295E+02   0.259814E+01   0.759277E+00
 0.451600E+01   0.218375E+01   0.117124E+02   0.260168E+01   0.763289E+00
 0.454800E+01   0.218603E+01   0.117044E+02   0.260510E+01   0.767288E+00
 0.458000E+01   0.218824E+01   0.116919E+02   0.260841E+01   0.771275E+00
 0.461200E+01   0.219036E+01   0.116844E+02   0.261160E+01   0.775248E+00
 0.464400E+01   0.219241E+01   0.116714E+02   0.261468E+01   0.779209E+00
 0.467600E+01   0.219438E+01   0.116582E+02   0.261765E+01   0.783157E+00
 0.470800E+01   0.219628E+01   0.116433E+02   0.262051E+01   0.787093E+00
 0.474000E+01   0.219811E+01   0.116401E+02   0.262328E+01   0.791016E+00
 0.477200E+01   0.219988E+01   0.116280E+02   0.262594E+01   0.794928E+00
 0.480400E+01   0.220157E+01   0.116137E+02   0.262851E+01   0.798827E+00
 0.483600E+01   0.220321E+01   0.116000E+02   0.263098E+01   0.802714E+00
 0.486800E+01   0.220478E+01   0.115936E+02   0.263337E+01   0.806589E+00
 0.490000E+01   0.220629E+01   0.115855E+02   0.263566E+01   0.810453E+00
 0.493200E+01   0.220774E+01   0.115745E+02   0.263786E+01   0.814304E+00
 0.496400E+01   0.220914E+01   0.115599E+02   0.263998E+01   0.818145E+00
 0.499600E+01   0.221048E+01   0.115493E+02   0.264202E+01   0.821974E+00
 0.502800E+01   0.221176E+01   0.115345E+02   0.264398E+01   0.825791E+00
 0.506000E+01   0.221299E+01   0.115284E+02   0.264586E+01   0.829598E+00
 0.509200E+01   0.221418E+01   0.115188E+02   0.264766E+01   0.833393E+00
 0.512400E+01   0.221531E+01   0.115034E+02   0.264939E+01   0.837177E+00
 0.515600E+01   0.221639E+01   0.114993E+02   0.265105E+01   0.840950E+00
 0.518800E+01   0.221743E+01   0.114831E+02   0.265263E+01   0.844713E+00
 0.522000E+01   0.221842E+01   0.114749E+02   0.265415E+01   0.848464E+00
 0.525200E+01   0.221936E+01   0.114680E+02   0.265560E+01   0.852205E+00
 0.528400E+01   0.222027E+01   0.114600E+02   0.265699E+01   0.855936E+00
 0.531600E+01   0.222113E+01   0.114444E+02   0.265831E+01   0.859656E+00
 0.534800E+01   0.222195E+01   0.114369E+02   0.265957E+01   0.863366E+00
 0.538000E+01   0.222273E+01   0.114284E+02   0.266077E+01   0.867065E+00
 0.541200E+01   0.222347E+01   0.114157E+02   0.266191E+01   0.870755E+00
 0.544400E+01   0.222417E+01   0.114094E+02   0.266299E+01   0.874434E+00
 0.547600E+01   0.222484E+01   0.113985E+02   0.266402E+01   0.878103E+00
 0.550800E+01   0.222547E+01   0.113890E+02   0.266499E+01   0.881762E+00
 0.554000E+01   0.222606E+01   0.113767E+02   0.266591E+01   0.885412E+00
 0.557200E+01   0.222663E+01   0.113708E+02   0.266678E+01   0.889052E+00
 0.560400E+01   0.222716E+01   0.113570E+02   0.266760E+01   0.892682E+00
 0.563600E+01   0.222765E+01   0.113539E+02   0.266837E+01   0.896302E+00
 0.566800E+01   0.222812E+01   0.113418E+02   0.266909E+01   0.899913E+00
 0.570000E+01   0.222856E+01   0.113264E+02   0.266977E+01   0.903515E+00
 0.573200E+01   0.222896E+01   0.113228E+02   0.267040E+01   0.907107E+00
 0.576400E+01   0.222934E+01   0.113066E+02   0.267098E+01   0.910690E+00
 0.579600E+01   0.222969E+01   0.112987E+02   0.267153E+01   0.914264E+00
 0.582800E+01   0.223001E+01   0.112973E+02   0.267203E+01   0.917829E+00
 0.586000E+01   0.223030E+01   0.112792E+02   0.267249E+01   0.921385E+00
 0.589200E+01   0.223057E+01   0.112746E+02   0.267291E+01   0.924932E+00
 0.592400E+01   0.223082E+01   0.112658E+02   0.267329E+01   0.928470E+00
 0.595600E+01   0.223104E+01   0.112540E+02   0.267363E+01   0.931999E+00
 0.598800E+01   0.223123E+01   0.112502E+02   0.267393E+01   0.935519E+00
 0.602000E+01   0.223141E+01   0.112388E+02   0.267420E+01   0.939031E+00
 0.605200E+01   0.223155E+01   0.112311E+02   0.267443E+01   0.942534E+00
 0.608400E+01   0.223168E+01   0.112234E+02   0.267463E+01   0.946029E+00
 0.611600E+01   0.223179E+01   0.112149E+02   0.267480E+01   0.949515E+00
 0.614800E+01   0.223187E+01   0.111988E+02   0.267493E+01   0.952992E+00
 0.618000E+01   0.223194E+01   0.111951E+02   0.267503E+01   0.956462E+00
 0.621200E+01   0.223198E+01   0.111892E+02   0.267510E+01   0.959923E+00
 0.624400E+01   0.223201E+01   0.111782E+02   0.267514E+01   0.963376E+00
 0.627600E+01   0.223201E+01   0.111708E+02   0.267515E+01   0.966821E+00
 0.630800E+01   0.223200E+01   0.111616E+02   0.267513E+01   0.970258E+00
 0.634000E+01   0.223197E+01   0.111481E+02   0.267508E+01   0.973686E+00
 0.637200E+01   0.223192E+01   0.111428E+02   0.267501E+01   0.977107E+00
 0.640400E+01   0.223186E+01   0.111314E+02   0.267490E+01   0.980520E+00
 0.643600E+01   0.223177E+01   0.111274E+02   0.267478E+01   0.983925E+00
 0.646800E+01   0.223168E+01   0.111198E+02   0.267462E+01   0.987322E+00
