 0.100000E+00   0.327197E+00   0.170940E+03   0.329532E+00   0.209161E-01
 0.133500E+00   0.290799E+00   0.179023E+03   0.292840E+00   0.279035E-01
 0.167000E+00   0.230794E+00   0.176735E+03   0.232320E+00   0.348825E-01
 0.200500E+00   0.152035E+00   0.149114E+03   0.152892E+00   0.418530E-01
 0.234000E+00   0.108538E+00   0.123032E+03   0.109030E+00   0.488155E-01
 0.267500E+00   0.936895E-01   0.109360E+03   0.940556E-01   0.557703E-01
 0.301000E+00   0.884342E-01   0.850327E+02   0.887519E-01   0.627178E-01
 0.334500E+00   0.881976E-01   0.792348E+02   0.885121E-01   0.695039E-01
 0.368000E+00   0.882843E-01   0.706719E+02   0.885955E-01   0.764288E-01
 0.401500E+00   0.886997E-01   0.639891E+02   0.890094E-01   0.833500E-01
 0.435000E+00   0.893210E-01   0.574913E+02   0.896302E-01   0.902673E-01
 0.468500E+00   0.902319E-01   0.510209E+02   0.905419E-01   0.971802E-01
 0.502000E+00   0.915711E-01   0.463177E+02   0.918850E-01   0.104088E+00
 0.535500E+00   0.935370E-01   0.417474E+02   0.938599E-01   0.110990E+00
 0.569000E+00   0.964899E-01   0.399215E+02   0.968311E-01   0.117886E+00
 0.602500E+00   0.100788E+00   0.389314E+02   0.101163E+00   0.124774E+00
 0.636000E+00   0.106820E+00   0.346274E+02   0.107251E+00   0.131652E+00
 0.669500E+00   0.114892E+00   0.281021E+02   0.115413E+00   0.138521E+00
 0.703000E+00   0.125198E+00   0.235595E+02   0.125854E+00   0.145379E+00
 0.736500E+00   0.137831E+00   0.203855E+02   0.138681E+00   0.152223E+00
 0.770000E+00   0.152805E+00   0.181392E+02   0.153922E+00   0.159055E+00
 0.803500E+00   0.170077E+00   0.165322E+02   0.171551E+00   0.165871E+00
 0.837000E+00   0.189565E+00   0.153784E+02   0.191501E+00   0.172671E+00
 0.870500E+00   0.211165E+00   0.145286E+02   0.213685E+00   0.179454E+00
 0.904000E+00   0.234759E+00   0.139041E+02   0.238005E+00   0.186219E+00
 0.937500E+00   0.260226E+00   0.134439E+02   0.264355E+00   0.192964E+00
 0.971000E+00   0.287444E+00   0.130914E+02   0.292628E+00   0.199690E+00
 0.100450E+01   0.316290E+00   0.128361E+02   0.322718E+00   0.206394E+00
 0.103800E+01   0.346649E+00   0.126485E+02   0.354523E+00   0.213076E+00
 0.107150E+01   0.378408E+00   0.125055E+02   0.387947E+00   0.219735E+00
 0.110500E+01   0.411461E+00   0.123985E+02   0.422896E+00   0.226371E+00
 0.113850E+01   0.445708E+00   0.123292E+02   0.459282E+00   0.232982E+00
 0.117200E+01   0.481053E+00   0.122835E+02   0.497021E+00   0.239568E+00
 0.120550E+01   0.517405E+00   0.122502E+02   0.536034E+00   0.246128E+00
 0.123900E+01   0.554677E+00   0.122324E+02   0.576243E+00   0.252660E+00
 0.127250E+01   0.592783E+00   0.122206E+02   0.617572E+00   0.259165E+00
 0.130600E+01   0.631640E+00   0.122309E+02   0.659944E+00   0.265642E+00
 0.133950E+01   0.671163E+00   0.122315E+02   0.703282E+00   0.272089E+00
 0.137300E+01   0.711269E+00   0.122507E+02   0.747507E+00   0.278507E+00
 0.140650E+01   0.751870E+00   0.122716E+02   0.792536E+00   0.284894E+00
 0.144000E+01   0.792879E+00   0.122908E+02   0.838282E+00   0.291250E+00
 0.147350E+01   0.834206E+00   0.123172E+02   0.884654E+00   0.297574E+00
 0.150700E+01   0.875756E+00   0.123359E+02   0.931556E+00   0.303865E+00
 0.154050E+01   0.917436E+00   0.123635E+02   0.978889E+00   0.310124E+00
 0.157400E+01   0.959150E+00   0.123867E+02   0.102655E+01   0.316349E+00
 0.160750E+01   0.100080E+01   0.124181E+02   0.107443E+01   0.322539E+00
 0.164100E+01   0.104229E+01   0.124477E+02   0.112242E+01   0.328695E+00
 0.167450E+01   0.108352E+01   0.124680E+02   0.117040E+01   0.334817E+00
 0.170800E+01   0.112441E+01   0.124972E+02   0.121828E+01   0.340902E+00
 0.174150E+01   0.116486E+01   0.125191E+02   0.126594E+01   0.346952E+00
 0.177500E+01   0.120478E+01   0.125371E+02   0.131328E+01   0.352967E+00
 0.180850E+01   0.124411E+01   0.125592E+02   0.136020E+01   0.358945E+00
 0.184200E+01   0.128276E+01   0.125838E+02   0.140660E+01   0.364887E+00
 0.187550E+01   0.132068E+01   0.125938E+02   0.145239E+01   0.370792E+00
 0.190900E+01   0.135781E+01   0.126128E+02   0.149749E+01   0.376661E+00
 0.194250E+01   0.139409E+01   0.126241E+02   0.154184E+01   0.382494E+00
 0.197600E+01   0.142948E+01   0.126460E+02   0.158536E+01   0.388290E+00
 0.200950E+01   0.146396E+01   0.126494E+02   0.162801E+01   0.394051E+00
 0.204300E+01   0.149750E+01   0.126644E+02   0.166972E+01   0.399775E+00
 0.207650E+01   0.153007E+01   0.126777E+02   0.171047E+01   0.405464E+00
 0.211000E+01   0.156166E+01   0.126789E+02   0.175022E+01   0.411116E+00
 0.214350E+01   0.159227E+01   0.126854E+02   0.178895E+01   0.416734E+00
 0.217700E+01   0.162189E+01   0.126961E+02   0.182663E+01   0.422316E+00
 0.221050E+01   0.165054E+01   0.126994E+02   0.186326E+01   0.427864E+00
 0.224400E+01   0.167821E+01   0.126996E+02   0.189883E+01   0.433378E+00
 0.227750E+01   0.170491E+01   0.127057E+02   0.193334E+01   0.438857E+00
 0.231100E+01   0.173067E+01   0.127018E+02   0.196679E+01   0.444303E+00
 0.234450E+01   0.175551E+01   0.126989E+02   0.199919E+01   0.449715E+00
 0.237800E+01   0.177943E+01   0.126963E+02   0.203056E+01   0.455095E+00
 0.241150E+01   0.180246E+01   0.126943E+02   0.206091E+01   0.460442E+00
 0.244500E+01   0.182463E+01   0.126950E+02   0.209025E+01   0.465757E+00
 0.247850E+01   0.184596E+01   0.126876E+02   0.211860E+01   0.471041E+00
 0.251200E+01   0.186647E+01   0.126920E+02   0.214599E+01   0.476293E+00
 0.254550E+01   0.188619E+01   0.126853E+02   0.217244E+01   0.481515E+00
 0.257900E+01   0.190515E+01   0.126778E+02   0.219797E+01   0.486707E+00
 0.261250E+01   0.192336E+01   0.126687E+02   0.222260E+01   0.491868E+00
 0.264600E+01   0.194087E+01   0.126658E+02   0.224636E+01   0.497001E+00
 0.267950E+01   0.195768E+01   0.126569E+02   0.226927E+01   0.502104E+00
 0.271300E+01   0.197383E+01   0.126504E+02   0.229136E+01   0.507179E+00
 0.274650E+01   0.198934E+01   0.126381E+02   0.231266E+01   0.512226E+00
 0.278000E+01   0.200423E+01   0.126292E+02   0.233319E+01   0.517245E+00
 0.281350E+01   0.201854E+01   0.126164E+02   0.235297E+01   0.522237E+00
 0.284700E+01   0.203227E+01   0.126071E+02   0.237202E+01   0.527203E+00
 0.288050E+01   0.204546E+01   0.126011E+02   0.239039E+01   0.532142E+00
 0.291400E+01   0.205812E+01   0.125942E+02   0.240807E+01   0.537054E+00
 0.294750E+01   0.207028E+01   0.125770E+02   0.242511E+01   0.541942E+00
 0.298100E+01   0.208195E+01   0.125738E+02   0.244152E+01   0.546804E+00
 0.301450E+01   0.209315E+01   0.125580E+02   0.245732E+01   0.551641E+00
 0.304800E+01   0.210391E+01   0.125526E+02   0.247253E+01   0.556454E+00
 0.308150E+01   0.211424E+01   0.125378E+02   0.248719E+01   0.561244E+00
 0.311500E+01   0.212416E+01   0.125263E+02   0.250129E+01   0.566009E+00
 0.314850E+01   0.213369E+01   0.125122E+02   0.251488E+01   0.570751E+00
 0.318200E+01   0.214283E+01   0.125035E+02   0.252795E+01   0.575470E+00
 0.321550E+01   0.215161E+01   0.124857E+02   0.254054E+01   0.580167E+00
 0.324900E+01   0.216004E+01   0.124829E+02   0.255266E+01   0.584841E+00
 0.328250E+01   0.216814E+01   0.124620E+02   0.256433E+01   0.589494E+00
 0.331600E+01   0.217591E+01   0.124550E+02   0.257556E+01   0.594125E+00
 0.334950E+01   0.218338E+01   0.124392E+02   0.258637E+01   0.598734E+00
 0.338300E+01   0.219055E+01   0.124312E+02   0.259677E+01   0.603323E+00
 0.341650E+01   0.219743E+01   0.124179E+02   0.260678E+01   0.607891E+00
 0.345000E+01   0.220404E+01   0.124040E+02   0.261642E+01   0.612439E+00
 0.348350E+01   0.221038E+01   0.123936E+02   0.262569E+01   0.616967E+00
 0.351700E+01   0.221648E+01   0.123766E+02   0.263461E+01   0.621475E+00
 0.355050E+01   0.222233E+01   0.123709E+02   0.264320E+01   0.625964E+00
 0.358400E+01   0.222795E+01   0.123586E+02   0.265146E+01   0.630434E+00
 0.361750E+01   0.223334E+01   0.123446E+02   0.265940E+01   0.634885E+00
 0.365100E+01   0.223852E+01   0.123331E+02   0.266704E+01   0.639317E+00
 0.368450E+01   0.224349E+01   0.123198E+02   0.267439E+01   0.643731E+00
 0.371800E+01   0.224826E+01   0.123021E+02   0.268146E+01   0.648127E+00
 0.375150E+01   0.225284E+01   0.122892E+02   0.268826E+01   0.652505E+00
 0.378500E+01   0.225723E+01   0.122835E+02   0.269479E+01   0.656865E+00
 0.381850E+01   0.226145E+01   0.122691E+02   0.270108E+01   0.661208E+00
 0.385200E+01   0.226550E+01   0.122602E+02   0.270711E+01   0.665534E+00
 0.388550E+01   0.226938E+01   0.122407E+02   0.271292E+01   0.669843E+00
 0.391900E+01   0.227311E+01   0.122373E+02   0.271849E+01   0.674136E+00
 0.395250E+01   0.227668E+01   0.122250E+02   0.272385E+01   0.678412E+00
 0.398600E+01   0.228011E+01   0.122095E+02   0.272899E+01   0.682672E+00
 0.401950E+01   0.228339E+01   0.121953E+02   0.273393E+01   0.686916E+00
 0.405300E+01   0.228654E+01   0.121842E+02   0.273868E+01   0.691144E+00
 0.408650E+01   0.228956E+01   0.121694E+02   0.274323E+01   0.695357E+00
 0.412000E+01   0.229245E+01   0.121616E+02   0.274759E+01   0.699554E+00
 0.415350E+01   0.229522E+01   0.121514E+02   0.275178E+01   0.703736E+00
 0.418700E+01   0.229788E+01   0.121364E+02   0.275580E+01   0.707904E+00
 0.422050E+01   0.230042E+01   0.121298E+02   0.275965E+01   0.712056E+00
 0.425400E+01   0.230285E+01   0.121098E+02   0.276334E+01   0.716194E+00
 0.428750E+01   0.230517E+01   0.121029E+02   0.276688E+01   0.720318E+00
 0.432100E+01   0.230740E+01   0.120920E+02   0.277026E+01   0.724427E+00
 0.435450E+01   0.230952E+01   0.120780E+02   0.277350E+01   0.728522E+00
 0.438800E+01   0.231155E+01   0.120647E+02   0.277660E+01   0.732604E+00
 0.442150E+01   0.231349E+01   0.120569E+02   0.277957E+01   0.736672E+00
 0.445500E+01   0.231535E+01   0.120423E+02   0.278240E+01   0.740726E+00
 0.448850E+01   0.231711E+01   0.120335E+02   0.278511E+01   0.744767E+00
 0.452200E+01   0.231880E+01   0.120244E+02   0.278769E+01   0.748795E+00
 0.455550E+01   0.232040E+01   0.120112E+02   0.279015E+01   0.752809E+00
 0.458900E+01   0.232193E+01   0.120032E+02   0.279250E+01   0.756811E+00
 0.462250E+01   0.232339E+01   0.119862E+02   0.279474E+01   0.760800E+00
 0.465600E+01   0.232477E+01   0.119734E+02   0.279687E+01   0.764777E+00
 0.468950E+01   0.232608E+01   0.119704E+02   0.279889E+01   0.768741E+00
 0.472300E+01   0.232733E+01   0.119555E+02   0.280082E+01   0.772692E+00
 0.475650E+01   0.232852E+01   0.119428E+02   0.280264E+01   0.776632E+00
 0.479000E+01   0.232964E+01   0.119294E+02   0.280438E+01   0.780560E+00
 0.482350E+01   0.233070E+01   0.119267E+02   0.280602E+01   0.784475E+00
 0.485700E+01   0.233170E+01   0.119079E+02   0.280757E+01   0.788379E+00
 0.489050E+01   0.233264E+01   0.119044E+02   0.280903E+01   0.792272E+00
 0.492400E+01   0.233353E+01   0.118891E+02   0.281041E+01   0.796153E+00
 0.495750E+01   0.233437E+01   0.118773E+02   0.281171E+01   0.800022E+00
 0.499100E+01   0.233516E+01   0.118683E+02   0.281294E+01   0.803880E+00
 0.502450E+01   0.233590E+01   0.118649E+02   0.281408E+01   0.807727E+00
 0.505800E+01   0.233659E+01   0.118555E+02   0.281516E+01   0.811564E+00
 0.509150E+01   0.233723E+01   0.118405E+02   0.281616E+01   0.815389E+00
 0.512500E+01   0.233783E+01   0.118309E+02   0.281709E+01   0.819203E+00
 0.515850E+01   0.233838E+01   0.118230E+02   0.281796E+01   0.823007E+00
 0.519200E+01   0.233890E+01   0.118150E+02   0.281876E+01   0.826801E+00
 0.522550E+01   0.233937E+01   0.118025E+02   0.281950E+01   0.830583E+00
 0.525900E+01   0.233980E+01   0.117901E+02   0.282017E+01   0.834356E+00
 0.529250E+01   0.234020E+01   0.117811E+02   0.282079E+01   0.838118E+00
 0.532600E+01   0.234055E+01   0.117732E+02   0.282135E+01   0.841871E+00
 0.535950E+01   0.234088E+01   0.117649E+02   0.282186E+01   0.845613E+00
 0.539300E+01   0.234116E+01   0.117525E+02   0.282231E+01   0.849345E+00
 0.542650E+01   0.234142E+01   0.117448E+02   0.282270E+01   0.853068E+00
 0.546000E+01   0.234164E+01   0.117373E+02   0.282305E+01   0.856781E+00
 0.549350E+01   0.234183E+01   0.117212E+02   0.282335E+01   0.860484E+00
 0.552700E+01   0.234199E+01   0.117171E+02   0.282360E+01   0.864178E+00
 0.556050E+01   0.234212E+01   0.117019E+02   0.282380E+01   0.867862E+00
 0.559400E+01   0.234222E+01   0.116918E+02   0.282396E+01   0.871537E+00
 0.562750E+01   0.234229E+01   0.116837E+02   0.282408E+01   0.875203E+00
 0.566100E+01   0.234234E+01   0.116747E+02   0.282415E+01   0.878859E+00
 0.569450E+01   0.234236E+01   0.116649E+02   0.282418E+01   0.882507E+00
 0.572800E+01   0.234235E+01   0.116617E+02   0.282417E+01   0.886145E+00
 0.576150E+01   0.234232E+01   0.116467E+02   0.282413E+01   0.889775E+00
 0.579500E+01   0.234227E+01   0.116379E+02   0.282404E+01   0.893396E+00
 0.582850E+01   0.234219E+01   0.116321E+02   0.282392E+01   0.897008E+00
 0.586200E+01   0.234209E+01   0.116232E+02   0.282376E+01   0.900612E+00
 0.589550E+01   0.234197E+01   0.116166E+02   0.282357E+01   0.904206E+00
 0.592900E+01   0.234183E+01   0.116044E+02   0.282335E+01   0.907793E+00
 0.596250E+01   0.234166E+01   0.115962E+02   0.282309E+01   0.911371E+00
 0.599600E+01   0.234148E+01   0.115902E+02   0.282280E+01   0.914941E+00
 0.602950E+01   0.234128E+01   0.115841E+02   0.282248E+01   0.918502E+00
 0.606300E+01   0.234106E+01   0.115757E+02   0.282213E+01   0.922055E+00
 0.609650E+01   0.234082E+01   0.115667E+02   0.282176E+01   0.925600E+00
 0.613000E+01   0.234057E+01   0.115583E+02   0.282135E+01   0.929138E+00
 0.616350E+01   0.234029E+01   0.115459E+02   0.282092E+01   0.932667E+00
 0.619700E+01   0.234001E+01   0.115436E+02   0.282046E+01   0.936188E+00
 0.623050E+01   0.233970E+01   0.115346E+02   0.281998E+01   0.939701E+00
 0.626400E+01   0.233938E+01   0.115245E+02   0.281947E+01   0.943207E+00
 0.629750E+01   0.233904E+01   0.115127E+02   0.281893E+01   0.946705E+00
 0.633100E+01   0.233869E+01   0.115090E+02   0.281838E+01   0.950195E+00
 0.636450E+01   0.233833E+01   0.115020E+02   0.281780E+01   0.953678E+00
 0.639800E+01   0.233795E+01   0.114882E+02   0.281719E+01   0.957153E+00
 0.643150E+01   0.233756E+01   0.114787E+02   0.281657E+01   0.960621E+00
 0.646500E+01   0.233716E+01   0.114747E+02   0.281593E+01   0.964082E+00
 0.649850E+01   0.233674E+01   0.114670E+02   0.281526E+01   0.967535E+00
 0.653200E+01   0.233631E+01   0.114579E+02   0.281458E+01   0.970981E+00
 0.656550E+01   0.233587E+01   0.114547E+02   0.281388E+01   0.974419E+00
 0.659900E+01   0.233542E+01   0.114480E+02   0.281316E+01   0.977851E+00
 0.663250E+01   0.233495E+01   0.114412E+02   0.281242E+01   0.981275E+00
 0.666600E+01   0.233448E+01   0.114327E+02   0.281166E+01   0.984693E+00
 0.669950E+01   0.233400E+01   0.114263E+02   0.281089E+01   0.988103E+00
 0.673300E+01   0.233350E+01   0.114167E+02   0.281010E+01   0.991507E+00
 0.676650E+01   0.233300E+01   0.114057E+02   0.280929E+01   0.994904E+00
