 0.100000E+00   0.327197E+00   0.170940E+03   0.329532E+00   0.209161E-01
 0.129500E+00   0.294621E+00   0.177465E+03   0.296692E+00   0.270697E-01
 0.159000E+00   0.250804E+00   0.181214E+03   0.252503E+00   0.332166E-01
 0.188500E+00   0.181819E+00   0.164035E+03   0.182928E+00   0.393570E-01
 0.218000E+00   0.128877E+00   0.141099E+03   0.129540E+00   0.454912E-01
 0.247500E+00   0.100178E+00   0.115483E+03   0.100599E+00   0.516192E-01
 0.277000E+00   0.906789E-01   0.991759E+02   0.910182E-01   0.577413E-01
 0.306500E+00   0.882550E-01   0.802750E+02   0.885707E-01   0.638576E-01
 0.336000E+00   0.902513E-01   0.581876E+02   0.905798E-01   0.697860E-01
 0.365500E+00   0.921267E-01   0.506370E+02   0.924677E-01   0.758754E-01
 0.395000E+00   0.937855E-01   0.466145E+02   0.941376E-01   0.819618E-01
 0.424500E+00   0.951776E-01   0.447075E+02   0.955388E-01   0.880455E-01
 0.454000E+00   0.963373E-01   0.428085E+02   0.967058E-01   0.941267E-01
 0.483500E+00   0.972744E-01   0.416618E+02   0.976485E-01   0.100206E+00
 0.513000E+00   0.980550E-01   0.413141E+02   0.984332E-01   0.106282E+00
 0.542500E+00   0.987682E-01   0.403510E+02   0.991498E-01   0.112357E+00
 0.572000E+00   0.994746E-01   0.398571E+02   0.998591E-01   0.118429E+00
 0.601500E+00   0.100225E+00   0.403789E+02   0.100612E+00   0.124498E+00
 0.631000E+00   0.101079E+00   0.400254E+02   0.101469E+00   0.130565E+00
 0.660500E+00   0.102138E+00   0.398480E+02   0.102533E+00   0.136628E+00
 0.690000E+00   0.103538E+00   0.389106E+02   0.103939E+00   0.142686E+00
 0.719500E+00   0.105460E+00   0.381238E+02   0.105874E+00   0.148740E+00
 0.749000E+00   0.108125E+00   0.339421E+02   0.108559E+00   0.154789E+00
 0.778500E+00   0.111775E+00   0.299992E+02   0.112242E+00   0.160831E+00
 0.808000E+00   0.116659E+00   0.264559E+02   0.117180E+00   0.166866E+00
 0.837500E+00   0.123011E+00   0.233981E+02   0.123609E+00   0.172894E+00
 0.867000E+00   0.131028E+00   0.208441E+02   0.131739E+00   0.178912E+00
 0.896500E+00   0.140867E+00   0.187718E+02   0.141736E+00   0.184921E+00
 0.926000E+00   0.152641E+00   0.171236E+02   0.153725E+00   0.190920E+00
 0.955500E+00   0.166425E+00   0.158170E+02   0.167794E+00   0.196907E+00
 0.985000E+00   0.182259E+00   0.147986E+02   0.183999E+00   0.202882E+00
 0.101450E+01   0.200156E+00   0.140075E+02   0.202370E+00   0.208843E+00
 0.104400E+01   0.220106E+00   0.133980E+02   0.222913E+00   0.214790E+00
 0.107350E+01   0.242076E+00   0.129213E+02   0.245617E+00   0.220722E+00
 0.110300E+01   0.266016E+00   0.125482E+02   0.270449E+00   0.226637E+00
 0.113250E+01   0.291858E+00   0.122688E+02   0.297360E+00   0.232535E+00
 0.116200E+01   0.319518E+00   0.120653E+02   0.326288E+00   0.238415E+00
 0.119150E+01   0.348899E+00   0.119007E+02   0.357151E+00   0.244276E+00
 0.122100E+01   0.379889E+00   0.117898E+02   0.389856E+00   0.250117E+00
 0.125050E+01   0.412367E+00   0.117075E+02   0.424297E+00   0.255938E+00
 0.128000E+01   0.446203E+00   0.116564E+02   0.460357E+00   0.261737E+00
 0.130950E+01   0.481258E+00   0.116202E+02   0.497909E+00   0.267514E+00
 0.133900E+01   0.517390E+00   0.116130E+02   0.536821E+00   0.273269E+00
 0.136850E+01   0.554453E+00   0.116025E+02   0.576952E+00   0.278999E+00
 0.139800E+01   0.592304E+00   0.116176E+02   0.618163E+00   0.284706E+00
 0.142750E+01   0.630795E+00   0.116316E+02   0.660307E+00   0.290388E+00
 0.145700E+01   0.669787E+00   0.116550E+02   0.703242E+00   0.296045E+00
 0.148650E+01   0.709141E+00   0.116845E+02   0.746827E+00   0.301676E+00
 0.151600E+01   0.748726E+00   0.117114E+02   0.790922E+00   0.307281E+00
 0.154550E+01   0.788415E+00   0.117475E+02   0.835392E+00   0.312860E+00
 0.157500E+01   0.828093E+00   0.117763E+02   0.880111E+00   0.318412E+00
 0.160450E+01   0.867648E+00   0.118090E+02   0.924955E+00   0.323937E+00
 0.163400E+01   0.906981E+00   0.118507E+02   0.969808E+00   0.329435E+00
 0.166350E+01   0.945997E+00   0.118801E+02   0.101456E+01   0.334906E+00
 0.169300E+01   0.984615E+00   0.119156E+02   0.105912E+01   0.340348E+00
 0.172250E+01   0.102276E+01   0.119567E+02   0.110339E+01   0.345764E+00
 0.175200E+01   0.106036E+01   0.119845E+02   0.114728E+01   0.351151E+00
 0.178150E+01   0.109737E+01   0.120152E+02   0.119073E+01   0.356510E+00
 0.181100E+01   0.113372E+01   0.120489E+02   0.123365E+01   0.361842E+00
 0.184050E+01   0.116939E+01   0.120762E+02   0.127600E+01   0.367145E+00
 0.187000E+01   0.120432E+01   0.120971E+02   0.131772E+01   0.372421E+00
 0.189950E+01   0.123851E+01   0.121283E+02   0.135876E+01   0.377669E+00
 0.192900E+01   0.127191E+01   0.121548E+02   0.139908E+01   0.382889E+00
 0.195850E+01   0.130451E+01   0.121763E+02   0.143865E+01   0.388082E+00
 0.198800E+01   0.133631E+01   0.121895E+02   0.147745E+01   0.393247E+00
 0.201750E+01   0.136728E+01   0.122107E+02   0.151544E+01   0.398385E+00
 0.204700E+01   0.139744E+01   0.122260E+02   0.155262E+01   0.403496E+00
 0.207650E+01   0.142677E+01   0.122492E+02   0.158896E+01   0.408579E+00
 0.210600E+01   0.145528E+01   0.122598E+02   0.162447E+01   0.413636E+00
 0.213550E+01   0.148298E+01   0.122782E+02   0.165913E+01   0.418667E+00
 0.216500E+01   0.150986E+01   0.122892E+02   0.169294E+01   0.423671E+00
 0.219450E+01   0.153595E+01   0.122939E+02   0.172590E+01   0.428649E+00
 0.222400E+01   0.156126E+01   0.123090E+02   0.175802E+01   0.433601E+00
 0.225350E+01   0.158579E+01   0.123115E+02   0.178930E+01   0.438527E+00
 0.228300E+01   0.160956E+01   0.123187E+02   0.181975E+01   0.443428E+00
 0.231250E+01   0.163259E+01   0.123300E+02   0.184938E+01   0.448304E+00
 0.234200E+01   0.165490E+01   0.123357E+02   0.187819E+01   0.453154E+00
 0.237150E+01   0.167649E+01   0.123380E+02   0.190621E+01   0.457980E+00
 0.240100E+01   0.169740E+01   0.123430E+02   0.193344E+01   0.462782E+00
 0.243050E+01   0.171762E+01   0.123465E+02   0.195990E+01   0.467560E+00
 0.246000E+01   0.173719E+01   0.123498E+02   0.198560E+01   0.472314E+00
 0.248950E+01   0.175613E+01   0.123437E+02   0.201056E+01   0.477044E+00
 0.251900E+01   0.177444E+01   0.123488E+02   0.203480E+01   0.481751E+00
 0.254850E+01   0.179215E+01   0.123494E+02   0.205833E+01   0.486435E+00
 0.257800E+01   0.180927E+01   0.123504E+02   0.208116E+01   0.491096E+00
 0.260750E+01   0.182583E+01   0.123409E+02   0.210331E+01   0.495735E+00
 0.263700E+01   0.184184E+01   0.123462E+02   0.212481E+01   0.500351E+00
 0.266650E+01   0.185731E+01   0.123409E+02   0.214566E+01   0.504946E+00
 0.269600E+01   0.187227E+01   0.123408E+02   0.216588E+01   0.509518E+00
 0.272550E+01   0.188673E+01   0.123340E+02   0.218550E+01   0.514070E+00
 0.275500E+01   0.190071E+01   0.123304E+02   0.220452E+01   0.518600E+00
 0.278450E+01   0.191422E+01   0.123247E+02   0.222297E+01   0.523109E+00
 0.281400E+01   0.192728E+01   0.123162E+02   0.224085E+01   0.527598E+00
 0.284350E+01   0.193990E+01   0.123084E+02   0.225819E+01   0.532067E+00
 0.287300E+01   0.195210E+01   0.123075E+02   0.227499E+01   0.536515E+00
 0.290250E+01   0.196390E+01   0.123006E+02   0.229129E+01   0.540943E+00
 0.293200E+01   0.197529E+01   0.122937E+02   0.230708E+01   0.545352E+00
 0.296150E+01   0.198631E+01   0.122872E+02   0.232238E+01   0.549742E+00
 0.299100E+01   0.199696E+01   0.122857E+02   0.233722E+01   0.554112E+00
 0.302050E+01   0.200725E+01   0.122764E+02   0.235160E+01   0.558463E+00
 0.305000E+01   0.201719E+01   0.122663E+02   0.236553E+01   0.562796E+00
 0.307950E+01   0.202681E+01   0.122550E+02   0.237903E+01   0.567110E+00
 0.310900E+01   0.203610E+01   0.122548E+02   0.239212E+01   0.571406E+00
 0.313850E+01   0.204509E+01   0.122387E+02   0.240480E+01   0.575685E+00
 0.316800E+01   0.205377E+01   0.122361E+02   0.241708E+01   0.579945E+00
 0.319750E+01   0.206217E+01   0.122290E+02   0.242899E+01   0.584188E+00
 0.322700E+01   0.207028E+01   0.122203E+02   0.244053E+01   0.588414E+00
 0.325650E+01   0.207813E+01   0.122111E+02   0.245170E+01   0.592623E+00
 0.328600E+01   0.208571E+01   0.122039E+02   0.246253E+01   0.596814E+00
 0.331550E+01   0.209304E+01   0.121914E+02   0.247302E+01   0.600989E+00
 0.334500E+01   0.210013E+01   0.121843E+02   0.248319E+01   0.605148E+00
 0.337450E+01   0.210698E+01   0.121720E+02   0.249304E+01   0.609290E+00
 0.340400E+01   0.211361E+01   0.121621E+02   0.250258E+01   0.613417E+00
 0.343350E+01   0.212001E+01   0.121585E+02   0.251182E+01   0.617527E+00
 0.346300E+01   0.212620E+01   0.121433E+02   0.252077E+01   0.621622E+00
 0.349250E+01   0.213219E+01   0.121383E+02   0.252944E+01   0.625702E+00
 0.352200E+01   0.213798E+01   0.121236E+02   0.253784E+01   0.629766E+00
 0.355150E+01   0.214357E+01   0.121170E+02   0.254598E+01   0.633815E+00
 0.358100E+01   0.214898E+01   0.121066E+02   0.255386E+01   0.637849E+00
 0.361050E+01   0.215421E+01   0.120953E+02   0.256149E+01   0.641868E+00
 0.364000E+01   0.215927E+01   0.120826E+02   0.256888E+01   0.645873E+00
 0.366950E+01   0.216415E+01   0.120739E+02   0.257604E+01   0.649863E+00
 0.369900E+01   0.216888E+01   0.120651E+02   0.258297E+01   0.653840E+00
 0.372850E+01   0.217345E+01   0.120549E+02   0.258968E+01   0.657802E+00
 0.375800E+01   0.217786E+01   0.120504E+02   0.259618E+01   0.661750E+00
 0.378750E+01   0.218213E+01   0.120392E+02   0.260247E+01   0.665684E+00
 0.381700E+01   0.218625E+01   0.120318E+02   0.260856E+01   0.669605E+00
 0.384650E+01   0.219024E+01   0.120234E+02   0.261445E+01   0.673513E+00
 0.387600E+01   0.219409E+01   0.120117E+02   0.262016E+01   0.677407E+00
 0.390550E+01   0.219781E+01   0.119960E+02   0.262568E+01   0.681288E+00
 0.393500E+01   0.220141E+01   0.119932E+02   0.263103E+01   0.685156E+00
 0.396450E+01   0.220489E+01   0.119743E+02   0.263620E+01   0.689012E+00
 0.399400E+01   0.220824E+01   0.119727E+02   0.264120E+01   0.692854E+00
 0.402350E+01   0.221149E+01   0.119585E+02   0.264604E+01   0.696685E+00
 0.405300E+01   0.221462E+01   0.119492E+02   0.265072E+01   0.700502E+00
 0.408250E+01   0.221765E+01   0.119378E+02   0.265525E+01   0.704308E+00
 0.411200E+01   0.222057E+01   0.119327E+02   0.265962E+01   0.708101E+00
 0.414150E+01   0.222339E+01   0.119157E+02   0.266386E+01   0.711883E+00
 0.417100E+01   0.222612E+01   0.119076E+02   0.266795E+01   0.715652E+00
 0.420050E+01   0.222875E+01   0.119011E+02   0.267190E+01   0.719410E+00
 0.423000E+01   0.223129E+01   0.118908E+02   0.267572E+01   0.723156E+00
 0.425950E+01   0.223374E+01   0.118832E+02   0.267942E+01   0.726891E+00
 0.428900E+01   0.223610E+01   0.118725E+02   0.268298E+01   0.730614E+00
 0.431850E+01   0.223838E+01   0.118622E+02   0.268643E+01   0.734326E+00
 0.434800E+01   0.224058E+01   0.118555E+02   0.268975E+01   0.738027E+00
 0.437750E+01   0.224270E+01   0.118404E+02   0.269296E+01   0.741717E+00
 0.440700E+01   0.224474E+01   0.118353E+02   0.269606E+01   0.745396E+00
 0.443650E+01   0.224671E+01   0.118192E+02   0.269905E+01   0.749065E+00
 0.446600E+01   0.224861E+01   0.118138E+02   0.270193E+01   0.752723E+00
 0.449550E+01   0.225044E+01   0.118023E+02   0.270471E+01   0.756370E+00
 0.452500E+01   0.225220E+01   0.117957E+02   0.270739E+01   0.760006E+00
 0.455450E+01   0.225389E+01   0.117904E+02   0.270998E+01   0.763633E+00
 0.458400E+01   0.225553E+01   0.117770E+02   0.271247E+01   0.767249E+00
 0.461350E+01   0.225709E+01   0.117667E+02   0.271486E+01   0.770855E+00
 0.464300E+01   0.225860E+01   0.117588E+02   0.271717E+01   0.774451E+00
 0.467250E+01   0.226005E+01   0.117532E+02   0.271939E+01   0.778037E+00
 0.470200E+01   0.226145E+01   0.117343E+02   0.272152E+01   0.781613E+00
 0.473150E+01   0.226279E+01   0.117271E+02   0.272357E+01   0.785179E+00
 0.476100E+01   0.226407E+01   0.117233E+02   0.272554E+01   0.788736E+00
 0.479050E+01   0.226530E+01   0.117103E+02   0.272743E+01   0.792283E+00
 0.482000E+01   0.226649E+01   0.117016E+02   0.272925E+01   0.795821E+00
 0.484950E+01   0.226762E+01   0.116938E+02   0.273099E+01   0.799349E+00
 0.487900E+01   0.226870E+01   0.116889E+02   0.273266E+01   0.802869E+00
 0.490850E+01   0.226974E+01   0.116768E+02   0.273426E+01   0.806379E+00
 0.493800E+01   0.227074E+01   0.116649E+02   0.273580E+01   0.809879E+00
 0.496750E+01   0.227169E+01   0.116615E+02   0.273726E+01   0.813371E+00
 0.499700E+01   0.227259E+01   0.116523E+02   0.273866E+01   0.816854E+00
 0.502650E+01   0.227346E+01   0.116449E+02   0.274000E+01   0.820328E+00
 0.505600E+01   0.227429E+01   0.116270E+02   0.274128E+01   0.823793E+00
 0.508550E+01   0.227507E+01   0.116221E+02   0.274249E+01   0.827250E+00
 0.511500E+01   0.227582E+01   0.116164E+02   0.274365E+01   0.830698E+00
 0.514450E+01   0.227653E+01   0.116075E+02   0.274475E+01   0.834137E+00
 0.517400E+01   0.227720E+01   0.115932E+02   0.274580E+01   0.837568E+00
 0.520350E+01   0.227784E+01   0.115843E+02   0.274679E+01   0.840991E+00
 0.523300E+01   0.227845E+01   0.115773E+02   0.274773E+01   0.844405E+00
 0.526250E+01   0.227902E+01   0.115753E+02   0.274862E+01   0.847811E+00
 0.529200E+01   0.227956E+01   0.115672E+02   0.274946E+01   0.851209E+00
 0.532150E+01   0.228007E+01   0.115577E+02   0.275025E+01   0.854599E+00
 0.535100E+01   0.228055E+01   0.115514E+02   0.275100E+01   0.857981E+00
 0.538050E+01   0.228099E+01   0.115378E+02   0.275169E+01   0.861355E+00
 0.541000E+01   0.228141E+01   0.115275E+02   0.275235E+01   0.864721E+00
 0.543950E+01   0.228180E+01   0.115232E+02   0.275296E+01   0.868079E+00
 0.546900E+01   0.228217E+01   0.115102E+02   0.275352E+01   0.871430E+00
 0.549850E+01   0.228250E+01   0.115031E+02   0.275405E+01   0.874773E+00
 0.552800E+01   0.228281E+01   0.114978E+02   0.275453E+01   0.878108E+00
 0.555750E+01   0.228310E+01   0.114920E+02   0.275498E+01   0.881436E+00
 0.558700E+01   0.228336E+01   0.114801E+02   0.275538E+01   0.884756E+00
 0.561650E+01   0.228359E+01   0.114774E+02   0.275575E+01   0.888069E+00
 0.564600E+01   0.228380E+01   0.114634E+02   0.275609E+01   0.891374E+00
 0.567550E+01   0.228399E+01   0.114553E+02   0.275638E+01   0.894672E+00
 0.570500E+01   0.228416E+01   0.114526E+02   0.275665E+01   0.897963E+00
 0.573450E+01   0.228431E+01   0.114423E+02   0.275688E+01   0.901247E+00
 0.576400E+01   0.228443E+01   0.114297E+02   0.275707E+01   0.904523E+00
 0.579350E+01   0.228454E+01   0.114219E+02   0.275723E+01   0.907793E+00
 0.582300E+01   0.228462E+01   0.114201E+02   0.275737E+01   0.911056E+00
 0.585250E+01   0.228468E+01   0.114097E+02   0.275747E+01   0.914311E+00
 0.588200E+01   0.228473E+01   0.114020E+02   0.275754E+01   0.917560E+00
 0.591150E+01   0.228476E+01   0.113971E+02   0.275758E+01   0.920802E+00
 0.594100E+01   0.228477E+01   0.113918E+02   0.275760E+01   0.924037E+00
 0.597050E+01   0.228476E+01   0.113855E+02   0.275758E+01   0.927266E+00
