 0.100000E+00   0.327197E+00   0.170940E+03   0.329532E+00   0.209161E-01
 0.136500E+00   0.286349E+00   0.179328E+03   0.288352E+00   0.285288E-01
 0.173000E+00   0.218780E+00   0.175212E+03   0.220204E+00   0.361316E-01
 0.209500E+00   0.135104E+00   0.139454E+03   0.135819E+00   0.437243E-01
 0.246000E+00   0.101109E+00   0.116767E+03   0.101539E+00   0.513077E-01
 0.282500E+00   0.896518E-01   0.945939E+02   0.899817E-01   0.588821E-01
 0.319000E+00   0.884582E-01   0.715001E+02   0.887748E-01   0.664477E-01
 0.355500E+00   0.925081E-01   0.496456E+02   0.928545E-01   0.738571E-01
 0.392000E+00   0.962260E-01   0.435335E+02   0.966020E-01   0.813906E-01
 0.428500E+00   0.999503E-01   0.404064E+02   0.100358E+00   0.889176E-01
 0.465000E+00   0.103770E+00   0.400680E+02   0.104211E+00   0.964379E-01
 0.501500E+00   0.107797E+00   0.390247E+02   0.108277E+00   0.103951E+00
 0.538000E+00   0.112111E+00   0.367937E+02   0.112634E+00   0.111457E+00
 0.574500E+00   0.117088E+00   0.322215E+02   0.117666E+00   0.118955E+00
 0.611000E+00   0.123061E+00   0.284021E+02   0.123711E+00   0.126444E+00
 0.647500E+00   0.130375E+00   0.251789E+02   0.131122E+00   0.133923E+00
 0.684000E+00   0.139379E+00   0.224813E+02   0.140260E+00   0.141391E+00
 0.720500E+00   0.150404E+00   0.202534E+02   0.151470E+00   0.148845E+00
 0.757000E+00   0.163742E+00   0.184446E+02   0.165060E+00   0.156285E+00
 0.793500E+00   0.179629E+00   0.170053E+02   0.181287E+00   0.163709E+00
 0.830000E+00   0.198243E+00   0.158665E+02   0.200353E+00   0.171115E+00
 0.866500E+00   0.219707E+00   0.149737E+02   0.222409E+00   0.178502E+00
 0.903000E+00   0.244096E+00   0.142913E+02   0.247560E+00   0.185868E+00
 0.939500E+00   0.271443E+00   0.137592E+02   0.275874E+00   0.193210E+00
 0.976000E+00   0.301750E+00   0.133566E+02   0.307389E+00   0.200528E+00
 0.101250E+01   0.334988E+00   0.130552E+02   0.342114E+00   0.207819E+00
 0.104900E+01   0.371101E+00   0.128333E+02   0.380036E+00   0.215083E+00
 0.108550E+01   0.410013E+00   0.126788E+02   0.421117E+00   0.222316E+00
 0.112200E+01   0.451621E+00   0.125583E+02   0.465299E+00   0.229517E+00
 0.115850E+01   0.495803E+00   0.124891E+02   0.512499E+00   0.236684E+00
 0.119500E+01   0.542411E+00   0.124469E+02   0.562611E+00   0.243816E+00
 0.123150E+01   0.591275E+00   0.124205E+02   0.615501E+00   0.250911E+00
 0.126800E+01   0.642201E+00   0.124257E+02   0.671008E+00   0.257967E+00
 0.130450E+01   0.694973E+00   0.124360E+02   0.728944E+00   0.264983E+00
 0.134100E+01   0.749352E+00   0.124590E+02   0.789092E+00   0.271957E+00
 0.137750E+01   0.805081E+00   0.124889E+02   0.851208E+00   0.278887E+00
 0.141400E+01   0.861884E+00   0.125307E+02   0.915025E+00   0.285772E+00
 0.145050E+01   0.919479E+00   0.125712E+02   0.980253E+00   0.292610E+00
 0.148700E+01   0.977575E+00   0.126089E+02   0.104659E+01   0.299401E+00
 0.152350E+01   0.103588E+01   0.126496E+02   0.111372E+01   0.306143E+00
 0.156000E+01   0.109411E+01   0.126995E+02   0.118134E+01   0.312836E+00
 0.159650E+01   0.115200E+01   0.127472E+02   0.124912E+01   0.319478E+00
 0.163300E+01   0.120929E+01   0.127892E+02   0.131678E+01   0.326069E+00
 0.166950E+01   0.126575E+01   0.128283E+02   0.138402E+01   0.332608E+00
 0.170600E+01   0.132116E+01   0.128653E+02   0.145058E+01   0.339095E+00
 0.174250E+01   0.137536E+01   0.128972E+02   0.151623E+01   0.345530E+00
 0.177900E+01   0.142819E+01   0.129267E+02   0.158075E+01   0.351912E+00
 0.181550E+01   0.147952E+01   0.129649E+02   0.164396E+01   0.358242E+00
 0.185200E+01   0.152925E+01   0.129893E+02   0.170571E+01   0.364519E+00
 0.188850E+01   0.157732E+01   0.130145E+02   0.176586E+01   0.370745E+00
 0.192500E+01   0.162368E+01   0.130365E+02   0.182432E+01   0.376918E+00
 0.196150E+01   0.166828E+01   0.130495E+02   0.188101E+01   0.383040E+00
 0.199800E+01   0.171113E+01   0.130692E+02   0.193589E+01   0.389111E+00
 0.203450E+01   0.175222E+01   0.130863E+02   0.198890E+01   0.395132E+00
 0.207100E+01   0.179158E+01   0.130929E+02   0.204004E+01   0.401103E+00
 0.210750E+01   0.182924E+01   0.131012E+02   0.208931E+01   0.407024E+00
 0.214400E+01   0.186522E+01   0.131131E+02   0.213671E+01   0.412897E+00
 0.218050E+01   0.189957E+01   0.131159E+02   0.218227E+01   0.418722E+00
 0.221700E+01   0.193235E+01   0.131196E+02   0.222602E+01   0.424500E+00
 0.225350E+01   0.196360E+01   0.131207E+02   0.226800E+01   0.430232E+00
 0.229000E+01   0.199339E+01   0.131240E+02   0.230825E+01   0.435917E+00
 0.232650E+01   0.202176E+01   0.131252E+02   0.234682E+01   0.441558E+00
 0.236300E+01   0.204877E+01   0.131165E+02   0.238375E+01   0.447155E+00
 0.239950E+01   0.207449E+01   0.131219E+02   0.241911E+01   0.452709E+00
 0.243600E+01   0.209896E+01   0.131143E+02   0.245295E+01   0.458219E+00
 0.247250E+01   0.212225E+01   0.131038E+02   0.248532E+01   0.463688E+00
 0.250900E+01   0.214441E+01   0.130993E+02   0.251627E+01   0.469116E+00
 0.254550E+01   0.216549E+01   0.130945E+02   0.254586E+01   0.474504E+00
 0.258200E+01   0.218555E+01   0.130816E+02   0.257415E+01   0.479852E+00
 0.261850E+01   0.220463E+01   0.130804E+02   0.260119E+01   0.485161E+00
 0.265500E+01   0.222278E+01   0.130658E+02   0.262703E+01   0.490431E+00
 0.269150E+01   0.224004E+01   0.130555E+02   0.265172E+01   0.495665E+00
 0.272800E+01   0.225647E+01   0.130496E+02   0.267531E+01   0.500861E+00
 0.276450E+01   0.227210E+01   0.130321E+02   0.269784E+01   0.506022E+00
 0.280100E+01   0.228697E+01   0.130209E+02   0.271937E+01   0.511147E+00
 0.283750E+01   0.230111E+01   0.130106E+02   0.273993E+01   0.516237E+00
 0.287400E+01   0.231457E+01   0.130013E+02   0.275958E+01   0.521293E+00
 0.291050E+01   0.232738E+01   0.129832E+02   0.277833E+01   0.526316E+00
 0.294700E+01   0.233958E+01   0.129759E+02   0.279625E+01   0.531305E+00
 0.298350E+01   0.235118E+01   0.129545E+02   0.281336E+01   0.536262E+00
 0.302000E+01   0.236222E+01   0.129462E+02   0.282970E+01   0.541188E+00
 0.305650E+01   0.237273E+01   0.129334E+02   0.284531E+01   0.546082E+00
 0.309300E+01   0.238274E+01   0.129167E+02   0.286021E+01   0.550946E+00
 0.312950E+01   0.239226E+01   0.129053E+02   0.287443E+01   0.555780E+00
 0.316600E+01   0.240132E+01   0.128921E+02   0.288802E+01   0.560584E+00
 0.320250E+01   0.240995E+01   0.128694E+02   0.290098E+01   0.565358E+00
 0.323900E+01   0.241817E+01   0.128617E+02   0.291336E+01   0.570105E+00
 0.327550E+01   0.242598E+01   0.128489E+02   0.292518E+01   0.574823E+00
 0.331200E+01   0.243343E+01   0.128299E+02   0.293646E+01   0.579514E+00
 0.334850E+01   0.244051E+01   0.128152E+02   0.294722E+01   0.584177E+00
 0.338500E+01   0.244725E+01   0.128024E+02   0.295749E+01   0.588814E+00
 0.342150E+01   0.245366E+01   0.127858E+02   0.296728E+01   0.593425E+00
 0.345800E+01   0.245977E+01   0.127668E+02   0.297662E+01   0.598010E+00
 0.349450E+01   0.246557E+01   0.127515E+02   0.298553E+01   0.602569E+00
 0.353100E+01   0.247110E+01   0.127362E+02   0.299403E+01   0.607104E+00
 0.356750E+01   0.247635E+01   0.127218E+02   0.300213E+01   0.611614E+00
 0.360400E+01   0.248135E+01   0.127100E+02   0.300985E+01   0.616100E+00
 0.364050E+01   0.248610E+01   0.126920E+02   0.301720E+01   0.620562E+00
 0.367700E+01   0.249061E+01   0.126783E+02   0.302420E+01   0.625000E+00
 0.371350E+01   0.249490E+01   0.126643E+02   0.303087E+01   0.629416E+00
 0.375000E+01   0.249897E+01   0.126552E+02   0.303721E+01   0.633809E+00
 0.378650E+01   0.250284E+01   0.126328E+02   0.304325E+01   0.638179E+00
 0.382300E+01   0.250652E+01   0.126171E+02   0.304899E+01   0.642528E+00
 0.385950E+01   0.251000E+01   0.126035E+02   0.305445E+01   0.646855E+00
 0.389600E+01   0.251330E+01   0.125971E+02   0.305963E+01   0.651160E+00
 0.393250E+01   0.251644E+01   0.125781E+02   0.306456E+01   0.655444E+00
 0.396900E+01   0.251940E+01   0.125680E+02   0.306923E+01   0.659708E+00
 0.400550E+01   0.252221E+01   0.125544E+02   0.307366E+01   0.663951E+00
 0.404200E+01   0.252487E+01   0.125350E+02   0.307786E+01   0.668175E+00
 0.407850E+01   0.252738E+01   0.125247E+02   0.308183E+01   0.672378E+00
 0.411500E+01   0.252976E+01   0.125108E+02   0.308559E+01   0.676562E+00
 0.415150E+01   0.253200E+01   0.124970E+02   0.308915E+01   0.680726E+00
 0.418800E+01   0.253411E+01   0.124756E+02   0.309251E+01   0.684871E+00
 0.422450E+01   0.253610E+01   0.124680E+02   0.309568E+01   0.688998E+00
 0.426100E+01   0.253797E+01   0.124524E+02   0.309866E+01   0.693106E+00
 0.429750E+01   0.253973E+01   0.124384E+02   0.310147E+01   0.697196E+00
 0.433400E+01   0.254138E+01   0.124280E+02   0.310411E+01   0.701268E+00
 0.437050E+01   0.254293E+01   0.124080E+02   0.310659E+01   0.705323E+00
 0.440700E+01   0.254438E+01   0.123968E+02   0.310891E+01   0.709359E+00
 0.444350E+01   0.254573E+01   0.123826E+02   0.311108E+01   0.713379E+00
 0.448000E+01   0.254699E+01   0.123733E+02   0.311310E+01   0.717381E+00
 0.451650E+01   0.254816E+01   0.123551E+02   0.311499E+01   0.721366E+00
 0.455300E+01   0.254925E+01   0.123423E+02   0.311674E+01   0.725335E+00
 0.458950E+01   0.255026E+01   0.123348E+02   0.311836E+01   0.729288E+00
 0.462600E+01   0.255118E+01   0.123188E+02   0.311985E+01   0.733224E+00
 0.466250E+01   0.255203E+01   0.123088E+02   0.312123E+01   0.737144E+00
 0.469900E+01   0.255281E+01   0.122877E+02   0.312249E+01   0.741049E+00
 0.473550E+01   0.255352E+01   0.122781E+02   0.312363E+01   0.744938E+00
 0.477200E+01   0.255416E+01   0.122627E+02   0.312468E+01   0.748811E+00
 0.480850E+01   0.255474E+01   0.122517E+02   0.312561E+01   0.752670E+00
 0.484500E+01   0.255526E+01   0.122417E+02   0.312645E+01   0.756513E+00
 0.488150E+01   0.255571E+01   0.122292E+02   0.312719E+01   0.760341E+00
 0.491800E+01   0.255611E+01   0.122199E+02   0.312784E+01   0.764155E+00
 0.495450E+01   0.255645E+01   0.122072E+02   0.312839E+01   0.767954E+00
 0.499100E+01   0.255674E+01   0.121968E+02   0.312887E+01   0.771739E+00
 0.502750E+01   0.255698E+01   0.121809E+02   0.312925E+01   0.775510E+00
 0.506400E+01   0.255717E+01   0.121694E+02   0.312956E+01   0.779267E+00
 0.510050E+01   0.255731E+01   0.121568E+02   0.312979E+01   0.783010E+00
 0.513700E+01   0.255740E+01   0.121413E+02   0.312995E+01   0.786739E+00
 0.517350E+01   0.255745E+01   0.121296E+02   0.313003E+01   0.790455E+00
 0.521000E+01   0.255746E+01   0.121188E+02   0.313005E+01   0.794157E+00
 0.524650E+01   0.255743E+01   0.121056E+02   0.312999E+01   0.797847E+00
 0.528300E+01   0.255736E+01   0.121024E+02   0.312987E+01   0.801523E+00
 0.531950E+01   0.255725E+01   0.120840E+02   0.312969E+01   0.805186E+00
 0.535600E+01   0.255710E+01   0.120761E+02   0.312945E+01   0.808836E+00
 0.539250E+01   0.255692E+01   0.120637E+02   0.312915E+01   0.812474E+00
 0.542900E+01   0.255670E+01   0.120569E+02   0.312880E+01   0.816099E+00
 0.546550E+01   0.255645E+01   0.120385E+02   0.312839E+01   0.819712E+00
 0.550200E+01   0.255617E+01   0.120274E+02   0.312793E+01   0.823313E+00
 0.553850E+01   0.255586E+01   0.120217E+02   0.312742E+01   0.826902E+00
 0.557500E+01   0.255552E+01   0.120066E+02   0.312686E+01   0.830478E+00
 0.561150E+01   0.255515E+01   0.120001E+02   0.312625E+01   0.834043E+00
 0.564800E+01   0.255476E+01   0.119919E+02   0.312559E+01   0.837596E+00
 0.568450E+01   0.255434E+01   0.119817E+02   0.312490E+01   0.841137E+00
 0.572100E+01   0.255389E+01   0.119692E+02   0.312416E+01   0.844667E+00
 0.575750E+01   0.255342E+01   0.119529E+02   0.312338E+01   0.848186E+00
 0.579400E+01   0.255292E+01   0.119440E+02   0.312256E+01   0.851693E+00
 0.583050E+01   0.255241E+01   0.119401E+02   0.312170E+01   0.855189E+00
 0.586700E+01   0.255187E+01   0.119214E+02   0.312080E+01   0.858674E+00
 0.590350E+01   0.255130E+01   0.119181E+02   0.311987E+01   0.862149E+00
 0.594000E+01   0.255072E+01   0.119085E+02   0.311891E+01   0.865612E+00
 0.597650E+01   0.255012E+01   0.118997E+02   0.311791E+01   0.869065E+00
 0.601300E+01   0.254950E+01   0.118830E+02   0.311688E+01   0.872507E+00
 0.604950E+01   0.254887E+01   0.118778E+02   0.311582E+01   0.875938E+00
 0.608600E+01   0.254821E+01   0.118655E+02   0.311473E+01   0.879359E+00
 0.612250E+01   0.254754E+01   0.118538E+02   0.311362E+01   0.882770E+00
 0.615900E+01   0.254685E+01   0.118472E+02   0.311247E+01   0.886171E+00
 0.619550E+01   0.254615E+01   0.118335E+02   0.311130E+01   0.889561E+00
 0.623200E+01   0.254543E+01   0.118284E+02   0.311010E+01   0.892942E+00
 0.626850E+01   0.254469E+01   0.118138E+02   0.310888E+01   0.896313E+00
 0.630500E+01   0.254395E+01   0.118044E+02   0.310763E+01   0.899674E+00
 0.634150E+01   0.254318E+01   0.118028E+02   0.310636E+01   0.903025E+00
 0.637800E+01   0.254241E+01   0.117866E+02   0.310507E+01   0.906366E+00
 0.641450E+01   0.254162E+01   0.117781E+02   0.310376E+01   0.909698E+00
 0.645100E+01   0.254083E+01   0.117697E+02   0.310242E+01   0.913020E+00
 0.648750E+01   0.254001E+01   0.117628E+02   0.310107E+01   0.916333E+00
 0.652400E+01   0.253919E+01   0.117523E+02   0.309969E+01   0.919637E+00
 0.656050E+01   0.253836E+01   0.117437E+02   0.309830E+01   0.922932E+00
 0.659700E+01   0.253752E+01   0.117387E+02   0.309689E+01   0.926217E+00
 0.663350E+01   0.253667E+01   0.117274E+02   0.309547E+01   0.929493E+00
 0.667000E+01   0.253580E+01   0.117137E+02   0.309402E+01   0.932761E+00
 0.670650E+01   0.253493E+01   0.117101E+02   0.309257E+01   0.936019E+00
 0.674300E+01   0.253405E+01   0.116980E+02   0.309109E+01   0.939269E+00
 0.677950E+01   0.253317E+01   0.116948E+02   0.308960E+01   0.942510E+00
 0.681600E+01   0.253227E+01   0.116871E+02   0.308810E+01   0.945742E+00
 0.685250E+01   0.253137E+01   0.116744E+02   0.308658E+01   0.948966E+00
 0.688900E+01   0.253045E+01   0.116669E+02   0.308505E+01   0.952181E+00
 0.692550E+01   0.252954E+01   0.116588E+02   0.308351E+01   0.955388E+00
 0.696200E+01   0.252861E+01   0.116456E+02   0.308196E+01   0.958586E+00
 0.699850E+01   0.252768E+01   0.116409E+02   0.308039E+01   0.961776E+00
 0.703500E+01   0.252674E+01   0.116277E+02   0.307882E+01   0.964958E+00
 0.707150E+01   0.252579E+01   0.116236E+02   0.307723E+01   0.968131E+00
 0.710800E+01   0.252484E+01   0.116127E+02   0.307563E+01   0.971297E+00
 0.714450E+01   0.252389E+01   0.116074E+02   0.307402E+01   0.974454E+00
 0.718100E+01   0.252293E+01   0.116022E+02   0.307241E+01   0.977604E+00
 0.721750E+01   0.252196E+01   0.115880E+02   0.307078E+01   0.980746E+00
 0.725400E+01   0.252099E+01   0.115832E+02   0.306915E+01   0.983879E+00
 0.729050E+01   0.252001E+01   0.115788E+02   0.306750E+01   0.987005E+00
 0.732700E+01   0.251903E+01   0.115651E+02   0.306585E+01   0.990124E+00
 0.736350E+01   0.251805E+01   0.115556E+02   0.306420E+01   0.993234E+00
