 0.100000E+00   0.327475E+00   0.171084E+03   0.329813E+00   0.209161E-01
 0.139500E+00   0.281148E+00   0.179219E+03   0.283106E+00   0.291540E-01
 0.179000E+00   0.204384E+00   0.171385E+03   0.205685E+00   0.373803E-01
 0.218500E+00   0.127998E+00   0.140379E+03   0.128654E+00   0.455952E-01
 0.258000E+00   0.970539E-01   0.115146E+03   0.974489E-01   0.537989E-01
 0.297500E+00   0.885728E-01   0.873755E+02   0.888921E-01   0.619923E-01
 0.337000E+00   0.895838E-01   0.615401E+02   0.899101E-01   0.701758E-01
 0.376500E+00   0.934725E-01   0.469190E+02   0.938362E-01   0.783500E-01
 0.416000E+00   0.103845E+00   0.399640E+02   0.104324E+00   0.865306E-01
 0.455500E+00   0.111108E+00   0.383188E+02   0.111680E+00   0.946761E-01
 0.495000E+00   0.119886E+00   0.317835E+02   0.120581E+00   0.102814E+00
 0.534500E+00   0.129523E+00   0.270953E+02   0.130368E+00   0.110939E+00
 0.574000E+00   0.139754E+00   0.239170E+02   0.140774E+00   0.119052E+00
 0.613500E+00   0.150813E+00   0.216070E+02   0.152041E+00   0.127151E+00
 0.653000E+00   0.162999E+00   0.198219E+02   0.164479E+00   0.135236E+00
 0.692500E+00   0.176531E+00   0.183991E+02   0.178319E+00   0.143305E+00
 0.732000E+00   0.191594E+00   0.172606E+02   0.193757E+00   0.151358E+00
 0.771500E+00   0.208334E+00   0.163337E+02   0.210956E+00   0.159393E+00
 0.811000E+00   0.226863E+00   0.155710E+02   0.230044E+00   0.167409E+00
 0.850500E+00   0.247257E+00   0.149571E+02   0.251113E+00   0.175404E+00
 0.890000E+00   0.269554E+00   0.144546E+02   0.274222E+00   0.183378E+00
 0.929500E+00   0.293763E+00   0.140394E+02   0.299400E+00   0.191328E+00
 0.969000E+00   0.319864E+00   0.137111E+02   0.326644E+00   0.199253E+00
 0.100850E+01   0.347812E+00   0.134391E+02   0.355932E+00   0.207152E+00
 0.104800E+01   0.377542E+00   0.132257E+02   0.387216E+00   0.215024E+00
 0.108750E+01   0.408973E+00   0.130542E+02   0.420436E+00   0.222868E+00
 0.112700E+01   0.442010E+00   0.129130E+02   0.455515E+00   0.230681E+00
 0.116650E+01   0.476549E+00   0.128073E+02   0.492366E+00   0.238463E+00
 0.120600E+01   0.512478E+00   0.127266E+02   0.530893E+00   0.246213E+00
 0.124550E+01   0.549679E+00   0.126575E+02   0.570992E+00   0.253929E+00
 0.128500E+01   0.588029E+00   0.126174E+02   0.612552E+00   0.261610E+00
 0.132450E+01   0.627404E+00   0.125765E+02   0.655459E+00   0.269255E+00
 0.136400E+01   0.667674E+00   0.125523E+02   0.699593E+00   0.276864E+00
 0.140350E+01   0.708711E+00   0.125354E+02   0.744828E+00   0.284434E+00
 0.144300E+01   0.750382E+00   0.125310E+02   0.791037E+00   0.291966E+00
 0.148250E+01   0.792558E+00   0.125242E+02   0.838088E+00   0.299457E+00
 0.152200E+01   0.835105E+00   0.125241E+02   0.885848E+00   0.306908E+00
 0.156150E+01   0.877895E+00   0.125268E+02   0.934180E+00   0.314318E+00
 0.160100E+01   0.920797E+00   0.125379E+02   0.982947E+00   0.321685E+00
 0.164050E+01   0.963686E+00   0.125357E+02   0.103201E+01   0.329009E+00
 0.168000E+01   0.100644E+01   0.125452E+02   0.108123E+01   0.336289E+00
 0.171950E+01   0.104894E+01   0.125573E+02   0.113048E+01   0.343526E+00
 0.175900E+01   0.109107E+01   0.125677E+02   0.117962E+01   0.350717E+00
 0.179850E+01   0.113273E+01   0.125753E+02   0.122852E+01   0.357864E+00
 0.183800E+01   0.117381E+01   0.125866E+02   0.127707E+01   0.364965E+00
 0.187750E+01   0.121424E+01   0.125938E+02   0.132514E+01   0.372021E+00
 0.191700E+01   0.125392E+01   0.126036E+02   0.137263E+01   0.379031E+00
 0.195650E+01   0.129278E+01   0.126055E+02   0.141945E+01   0.385995E+00
 0.199600E+01   0.133077E+01   0.126086E+02   0.146550E+01   0.392913E+00
 0.203550E+01   0.136782E+01   0.126114E+02   0.151070E+01   0.399785E+00
 0.207500E+01   0.140390E+01   0.126166E+02   0.155498E+01   0.406612E+00
 0.211450E+01   0.143896E+01   0.126173E+02   0.159829E+01   0.413392E+00
 0.215400E+01   0.147299E+01   0.126215E+02   0.164057E+01   0.420127E+00
 0.219350E+01   0.150596E+01   0.126264E+02   0.168179E+01   0.426817E+00
 0.223300E+01   0.153787E+01   0.126194E+02   0.172190E+01   0.433463E+00
 0.227250E+01   0.156870E+01   0.126200E+02   0.176089E+01   0.440063E+00
 0.231200E+01   0.159846E+01   0.126130E+02   0.179874E+01   0.446619E+00
 0.235150E+01   0.162716E+01   0.126094E+02   0.183544E+01   0.453132E+00
 0.239100E+01   0.165481E+01   0.126075E+02   0.187099E+01   0.459602E+00
 0.243050E+01   0.168142E+01   0.126015E+02   0.190539E+01   0.466028E+00
 0.247000E+01   0.170701E+01   0.125942E+02   0.193865E+01   0.472413E+00
 0.250950E+01   0.173161E+01   0.125863E+02   0.197078E+01   0.478755E+00
 0.254900E+01   0.175523E+01   0.125734E+02   0.200179E+01   0.485057E+00
 0.258850E+01   0.177792E+01   0.125704E+02   0.203171E+01   0.491317E+00
 0.262800E+01   0.179968E+01   0.125583E+02   0.206055E+01   0.497538E+00
 0.266750E+01   0.182056E+01   0.125510E+02   0.208834E+01   0.503719E+00
 0.270700E+01   0.184057E+01   0.125395E+02   0.211511E+01   0.509862E+00
 0.274650E+01   0.185975E+01   0.125272E+02   0.214088E+01   0.515965E+00
 0.278600E+01   0.187813E+01   0.125115E+02   0.216568E+01   0.522032E+00
 0.282550E+01   0.189574E+01   0.124970E+02   0.218953E+01   0.528061E+00
 0.286500E+01   0.191261E+01   0.124886E+02   0.221248E+01   0.534053E+00
 0.290450E+01   0.192876E+01   0.124724E+02   0.223453E+01   0.540009E+00
 0.294400E+01   0.194422E+01   0.124640E+02   0.225573E+01   0.545930E+00
 0.298350E+01   0.195902E+01   0.124490E+02   0.227610E+01   0.551816E+00
 0.302300E+01   0.197319E+01   0.124333E+02   0.229567E+01   0.557668E+00
 0.306250E+01   0.198675E+01   0.124199E+02   0.231447E+01   0.563486E+00
 0.310200E+01   0.199973E+01   0.124074E+02   0.233252E+01   0.569271E+00
 0.314150E+01   0.201215E+01   0.123929E+02   0.234986E+01   0.575023E+00
 0.318100E+01   0.202403E+01   0.123808E+02   0.236651E+01   0.580743E+00
 0.322050E+01   0.203541E+01   0.123613E+02   0.238249E+01   0.586432E+00
 0.326000E+01   0.204629E+01   0.123468E+02   0.239783E+01   0.592089E+00
 0.329950E+01   0.205671E+01   0.123387E+02   0.241255E+01   0.597716E+00
 0.333900E+01   0.206667E+01   0.123158E+02   0.242668E+01   0.603312E+00
 0.337850E+01   0.207621E+01   0.123078E+02   0.244024E+01   0.608880E+00
 0.341800E+01   0.208533E+01   0.122923E+02   0.245325E+01   0.614418E+00
 0.345750E+01   0.209406E+01   0.122758E+02   0.246574E+01   0.619927E+00
 0.349700E+01   0.210241E+01   0.122630E+02   0.247771E+01   0.625408E+00
 0.353650E+01   0.211040E+01   0.122457E+02   0.248920E+01   0.630862E+00
 0.357600E+01   0.211805E+01   0.122288E+02   0.250022E+01   0.636288E+00
 0.361550E+01   0.212536E+01   0.122110E+02   0.251079E+01   0.641688E+00
 0.365500E+01   0.213236E+01   0.122004E+02   0.252092E+01   0.647061E+00
 0.369450E+01   0.213905E+01   0.121850E+02   0.253064E+01   0.652408E+00
 0.373400E+01   0.214545E+01   0.121726E+02   0.253996E+01   0.657729E+00
 0.377350E+01   0.215158E+01   0.121545E+02   0.254889E+01   0.663025E+00
 0.381300E+01   0.215743E+01   0.121384E+02   0.255745E+01   0.668297E+00
 0.385250E+01   0.216303E+01   0.121281E+02   0.256566E+01   0.673544E+00
 0.389200E+01   0.216839E+01   0.121130E+02   0.257352E+01   0.678767E+00
 0.393150E+01   0.217351E+01   0.120900E+02   0.258106E+01   0.683967E+00
 0.397100E+01   0.217841E+01   0.120832E+02   0.258828E+01   0.689143E+00
 0.401050E+01   0.218309E+01   0.120598E+02   0.259519E+01   0.694296E+00
 0.405000E+01   0.218757E+01   0.120511E+02   0.260181E+01   0.699427E+00
 0.408950E+01   0.219184E+01   0.120346E+02   0.260815E+01   0.704535E+00
 0.412900E+01   0.219593E+01   0.120167E+02   0.261422E+01   0.709621E+00
 0.416850E+01   0.219983E+01   0.120105E+02   0.262002E+01   0.714686E+00
 0.420800E+01   0.220356E+01   0.119934E+02   0.262558E+01   0.719730E+00
 0.424750E+01   0.220712E+01   0.119727E+02   0.263089E+01   0.724752E+00
 0.428700E+01   0.221051E+01   0.119587E+02   0.263597E+01   0.729754E+00
 0.432650E+01   0.221376E+01   0.119520E+02   0.264083E+01   0.734735E+00
 0.436600E+01   0.221685E+01   0.119395E+02   0.264547E+01   0.739697E+00
 0.440550E+01   0.221980E+01   0.119213E+02   0.264990E+01   0.744638E+00
 0.444500E+01   0.222261E+01   0.119034E+02   0.265413E+01   0.749560E+00
 0.448450E+01   0.222529E+01   0.118907E+02   0.265817E+01   0.754463E+00
 0.452400E+01   0.222785E+01   0.118842E+02   0.266202E+01   0.759347E+00
 0.456350E+01   0.223028E+01   0.118661E+02   0.266570E+01   0.764211E+00
 0.460300E+01   0.223259E+01   0.118481E+02   0.266920E+01   0.769058E+00
 0.464250E+01   0.223479E+01   0.118370E+02   0.267253E+01   0.773886E+00
 0.468200E+01   0.223689E+01   0.118270E+02   0.267571E+01   0.778696E+00
 0.472150E+01   0.223887E+01   0.118163E+02   0.267873E+01   0.783489E+00
 0.476100E+01   0.224076E+01   0.117967E+02   0.268160E+01   0.788264E+00
 0.480050E+01   0.224255E+01   0.117894E+02   0.268432E+01   0.793021E+00
 0.484000E+01   0.224425E+01   0.117747E+02   0.268691E+01   0.797762E+00
 0.487950E+01   0.224585E+01   0.117624E+02   0.268937E+01   0.802486E+00
 0.491900E+01   0.224738E+01   0.117510E+02   0.269169E+01   0.807193E+00
 0.495850E+01   0.224881E+01   0.117353E+02   0.269389E+01   0.811884E+00
 0.499800E+01   0.225017E+01   0.117274E+02   0.269597E+01   0.816558E+00
 0.503750E+01   0.225145E+01   0.117152E+02   0.269793E+01   0.821216E+00
 0.507700E+01   0.225266E+01   0.117000E+02   0.269979E+01   0.825859E+00
 0.511650E+01   0.225379E+01   0.116880E+02   0.270153E+01   0.830486E+00
 0.515600E+01   0.225486E+01   0.116749E+02   0.270317E+01   0.835098E+00
 0.519550E+01   0.225586E+01   0.116629E+02   0.270471E+01   0.839694E+00
 0.523500E+01   0.225679E+01   0.116507E+02   0.270615E+01   0.844276E+00
 0.527450E+01   0.225766E+01   0.116387E+02   0.270749E+01   0.848842E+00
 0.531400E+01   0.225848E+01   0.116234E+02   0.270875E+01   0.853394E+00
 0.535350E+01   0.225923E+01   0.116103E+02   0.270991E+01   0.857931E+00
 0.539300E+01   0.225993E+01   0.116022E+02   0.271100E+01   0.862454E+00
 0.543250E+01   0.226058E+01   0.115932E+02   0.271200E+01   0.866963E+00
 0.547200E+01   0.226117E+01   0.115776E+02   0.271292E+01   0.871458E+00
 0.551150E+01   0.226172E+01   0.115720E+02   0.271376E+01   0.875939E+00
 0.555100E+01   0.226221E+01   0.115533E+02   0.271453E+01   0.880406E+00
 0.559050E+01   0.226266E+01   0.115411E+02   0.271523E+01   0.884860E+00
 0.563000E+01   0.226307E+01   0.115338E+02   0.271586E+01   0.889300E+00
 0.566950E+01   0.226343E+01   0.115226E+02   0.271642E+01   0.893727E+00
 0.570900E+01   0.226375E+01   0.115140E+02   0.271692E+01   0.898141E+00
 0.574850E+01   0.226403E+01   0.115036E+02   0.271736E+01   0.902542E+00
 0.578800E+01   0.226427E+01   0.114935E+02   0.271773E+01   0.906930E+00
 0.582750E+01   0.226447E+01   0.114830E+02   0.271805E+01   0.911306E+00
 0.586700E+01   0.226464E+01   0.114667E+02   0.271831E+01   0.915669E+00
 0.590650E+01   0.226477E+01   0.114588E+02   0.271851E+01   0.920020E+00
 0.594600E+01   0.226486E+01   0.114521E+02   0.271867E+01   0.924358E+00
 0.598550E+01   0.226493E+01   0.114370E+02   0.271877E+01   0.928685E+00
 0.602500E+01   0.226496E+01   0.114298E+02   0.271882E+01   0.932999E+00
 0.606450E+01   0.226496E+01   0.114170E+02   0.271882E+01   0.937301E+00
 0.610400E+01   0.226494E+01   0.114047E+02   0.271878E+01   0.941592E+00
 0.614350E+01   0.226488E+01   0.113972E+02   0.271869E+01   0.945871E+00
 0.618300E+01   0.226480E+01   0.113842E+02   0.271856E+01   0.950139E+00
 0.622250E+01   0.226468E+01   0.113759E+02   0.271839E+01   0.954395E+00
 0.626200E+01   0.226455E+01   0.113706E+02   0.271817E+01   0.958640E+00
 0.630150E+01   0.226439E+01   0.113614E+02   0.271792E+01   0.962874E+00
 0.634100E+01   0.226420E+01   0.113527E+02   0.271763E+01   0.967097E+00
 0.638050E+01   0.226399E+01   0.113415E+02   0.271730E+01   0.971309E+00
 0.642000E+01   0.226376E+01   0.113255E+02   0.271693E+01   0.975510E+00
 0.645950E+01   0.226351E+01   0.113210E+02   0.271654E+01   0.979700E+00
 0.649900E+01   0.226323E+01   0.113118E+02   0.271610E+01   0.983880E+00
 0.653850E+01   0.226294E+01   0.112968E+02   0.271564E+01   0.988049E+00
 0.657800E+01   0.226262E+01   0.112900E+02   0.271514E+01   0.992208E+00
 0.661750E+01   0.226229E+01   0.112790E+02   0.271462E+01   0.996356E+00
 0.665700E+01   0.226194E+01   0.112747E+02   0.271406E+01   0.100049E+01
 0.669650E+01   0.226157E+01   0.112679E+02   0.271348E+01   0.100462E+01
 0.673600E+01   0.226118E+01   0.112567E+02   0.271287E+01   0.100874E+01
 0.677550E+01   0.226078E+01   0.112434E+02   0.271223E+01   0.101285E+01
 0.681500E+01   0.226036E+01   0.112415E+02   0.271157E+01   0.101695E+01
 0.685450E+01   0.225993E+01   0.112315E+02   0.271088E+01   0.102104E+01
 0.689400E+01   0.225948E+01   0.112185E+02   0.271017E+01   0.102512E+01
 0.693350E+01   0.225901E+01   0.112130E+02   0.270943E+01   0.102918E+01
 0.697300E+01   0.225853E+01   0.112008E+02   0.270867E+01   0.103324E+01
 0.701250E+01   0.225804E+01   0.111952E+02   0.270789E+01   0.103729E+01
 0.705200E+01   0.225754E+01   0.111873E+02   0.270709E+01   0.104134E+01
 0.709150E+01   0.225702E+01   0.111756E+02   0.270627E+01   0.104537E+01
 0.713100E+01   0.225649E+01   0.111699E+02   0.270543E+01   0.104939E+01
 0.717050E+01   0.225595E+01   0.111622E+02   0.270457E+01   0.105341E+01
 0.721000E+01   0.225539E+01   0.111531E+02   0.270369E+01   0.105741E+01
 0.724950E+01   0.225483E+01   0.111467E+02   0.270279E+01   0.106141E+01
 0.728900E+01   0.225425E+01   0.111338E+02   0.270188E+01   0.106539E+01
 0.732850E+01   0.225367E+01   0.111268E+02   0.270095E+01   0.106937E+01
 0.736800E+01   0.225307E+01   0.111170E+02   0.270000E+01   0.107334E+01
 0.740750E+01   0.225247E+01   0.111144E+02   0.269904E+01   0.107730E+01
 0.744700E+01   0.225185E+01   0.111037E+02   0.269806E+01   0.108126E+01
 0.748650E+01   0.225123E+01   0.110920E+02   0.269707E+01   0.108520E+01
 0.752600E+01   0.225060E+01   0.110893E+02   0.269606E+01   0.108914E+01
 0.756550E+01   0.224996E+01   0.110848E+02   0.269504E+01   0.109306E+01
 0.760500E+01   0.224931E+01   0.110682E+02   0.269401E+01   0.109698E+01
 0.764450E+01   0.224865E+01   0.110668E+02   0.269296E+01   0.110089E+01
 0.768400E+01   0.224799E+01   0.110560E+02   0.269191E+01   0.110480E+01
 0.772350E+01   0.224732E+01   0.110510E+02   0.269084E+01   0.110869E+01
 0.776300E+01   0.224664E+01   0.110411E+02   0.268975E+01   0.111258E+01
 0.780250E+01   0.224596E+01   0.110375E+02   0.268866E+01   0.111646E+01
 0.784200E+01   0.224527E+01   0.110237E+02   0.268756E+01   0.112033E+01
 0.788150E+01   0.224457E+01   0.110207E+02   0.268645E+01   0.112419E+01
 0.792100E+01   0.224387E+01   0.110095E+02   0.268532E+01   0.112805E+01
 0.796050E+01   0.224316E+01   0.110043E+02   0.268419E+01   0.113190E+01
