 0.100000E+00   0.287707E+00   0.157135E+03   0.289660E+00   0.208717E-01
 0.134500E+00   0.273080E+00   0.157368E+03   0.274901E+00   0.280436E-01
 0.169000E+00   0.273751E+00   0.163037E+03   0.275585E+00   0.352089E-01
 0.203500E+00   0.293742E+00   0.178289E+03   0.295774E+00   0.423687E-01
 0.238000E+00   0.288752E+00   0.178337E+03   0.290736E+00   0.495240E-01
 0.272500E+00   0.285585E+00   0.178812E+03   0.287539E+00   0.566759E-01
 0.307000E+00   0.289401E+00   0.183002E+03   0.291389E+00   0.638255E-01
 0.341500E+00   0.293908E+00   0.187461E+03   0.295936E+00   0.709739E-01
 0.376000E+00   0.292526E+00   0.188417E+03   0.294538E+00   0.781223E-01
 0.410500E+00   0.289189E+00   0.188627E+03   0.291169E+00   0.852709E-01
 0.445000E+00   0.285114E+00   0.191195E+03   0.287055E+00   0.924165E-01
 0.479500E+00   0.306223E+00   0.218821E+03   0.308357E+00   0.995572E-01
 0.514000E+00   0.258881E+00   0.224207E+03   0.260584E+00   0.106691E+00
 0.548500E+00   0.154105E+00   0.212139E+03   0.154892E+00   0.113817E+00
 0.583000E+00   0.677861E-01   0.971644E+02   0.678133E-01   0.120932E+00
 0.617500E+00   0.736120E-01   0.428103E+02   0.736446E-01   0.128034E+00
 0.652000E+00   0.887360E-01   0.294509E+02   0.888886E-01   0.135123E+00
 0.686500E+00   0.107983E+00   0.203712E+02   0.108355E+00   0.142196E+00
 0.721000E+00   0.130829E+00   0.166312E+02   0.131547E+00   0.149250E+00
 0.755500E+00   0.157048E+00   0.147180E+02   0.158274E+00   0.156285E+00
 0.790000E+00   0.186465E+00   0.136352E+02   0.188393E+00   0.163299E+00
 0.824500E+00   0.218914E+00   0.129777E+02   0.221776E+00   0.170291E+00
 0.859000E+00   0.254226E+00   0.125830E+02   0.258290E+00   0.177257E+00
 0.893500E+00   0.292231E+00   0.123450E+02   0.297798E+00   0.184198E+00
 0.928000E+00   0.332748E+00   0.121992E+02   0.340156E+00   0.191112E+00
 0.962500E+00   0.375592E+00   0.121271E+02   0.385209E+00   0.197996E+00
 0.997000E+00   0.420569E+00   0.120978E+02   0.432792E+00   0.204851E+00
 0.103150E+01   0.467475E+00   0.121096E+02   0.482729E+00   0.211674E+00
 0.106600E+01   0.516097E+00   0.121395E+02   0.534829E+00   0.218465E+00
 0.110050E+01   0.566215E+00   0.121880E+02   0.588889E+00   0.225221E+00
 0.113500E+01   0.617597E+00   0.122426E+02   0.644691E+00   0.231943E+00
 0.116950E+01   0.670006E+00   0.123023E+02   0.702004E+00   0.238628E+00
 0.120400E+01   0.723203E+00   0.123672E+02   0.760589E+00   0.245276E+00
 0.123850E+01   0.776943E+00   0.124371E+02   0.820197E+00   0.251886E+00
 0.127300E+01   0.830986E+00   0.125001E+02   0.880576E+00   0.258458E+00
 0.130750E+01   0.885097E+00   0.125748E+02   0.941472E+00   0.264989E+00
 0.134200E+01   0.939050E+00   0.126366E+02   0.100264E+01   0.271481E+00
 0.137650E+01   0.992632E+00   0.127018E+02   0.106382E+01   0.277931E+00
 0.141100E+01   0.104564E+01   0.127635E+02   0.112480E+01   0.284341E+00
 0.144550E+01   0.109790E+01   0.128213E+02   0.118536E+01   0.290709E+00
 0.148000E+01   0.114925E+01   0.128741E+02   0.124529E+01   0.297035E+00
 0.151450E+01   0.119954E+01   0.129249E+02   0.130442E+01   0.303319E+00
 0.154900E+01   0.124866E+01   0.129638E+02   0.136257E+01   0.309561E+00
 0.158350E+01   0.129649E+01   0.130068E+02   0.141961E+01   0.315762E+00
 0.161800E+01   0.134297E+01   0.130451E+02   0.147542E+01   0.321920E+00
 0.165250E+01   0.138803E+01   0.130800E+02   0.152989E+01   0.328037E+00
 0.168700E+01   0.143163E+01   0.131175E+02   0.158294E+01   0.334112E+00
 0.172150E+01   0.147373E+01   0.131436E+02   0.163452E+01   0.340147E+00
 0.175600E+01   0.151432E+01   0.131656E+02   0.168456E+01   0.346140E+00
 0.179050E+01   0.155339E+01   0.131927E+02   0.173303E+01   0.352094E+00
 0.182500E+01   0.159096E+01   0.132080E+02   0.177993E+01   0.358007E+00
 0.185950E+01   0.162703E+01   0.132288E+02   0.182523E+01   0.363881E+00
 0.189400E+01   0.166164E+01   0.132386E+02   0.186895E+01   0.369716E+00
 0.192850E+01   0.169481E+01   0.132517E+02   0.191109E+01   0.375513E+00
 0.196300E+01   0.172658E+01   0.132610E+02   0.195168E+01   0.381272E+00
 0.199750E+01   0.175699E+01   0.132715E+02   0.199073E+01   0.386994E+00
 0.203200E+01   0.178607E+01   0.132754E+02   0.202828E+01   0.392679E+00
 0.206650E+01   0.181388E+01   0.132868E+02   0.206437E+01   0.398328E+00
 0.210100E+01   0.184046E+01   0.132852E+02   0.209903E+01   0.403941E+00
 0.213550E+01   0.186584E+01   0.132840E+02   0.213231E+01   0.409520E+00
 0.217000E+01   0.189009E+01   0.132873E+02   0.216424E+01   0.415064E+00
 0.220450E+01   0.191325E+01   0.132808E+02   0.219486E+01   0.420575E+00
 0.223900E+01   0.193535E+01   0.132779E+02   0.222423E+01   0.426052E+00
 0.227350E+01   0.195645E+01   0.132766E+02   0.225238E+01   0.431497E+00
 0.230800E+01   0.197659E+01   0.132779E+02   0.227937E+01   0.436910E+00
 0.234250E+01   0.199580E+01   0.132722E+02   0.230522E+01   0.442292E+00
 0.237700E+01   0.201414E+01   0.132608E+02   0.232999E+01   0.447642E+00
 0.241150E+01   0.203165E+01   0.132505E+02   0.235372E+01   0.452963E+00
 0.244600E+01   0.204835E+01   0.132435E+02   0.237645E+01   0.458254E+00
 0.248050E+01   0.206429E+01   0.132360E+02   0.239822E+01   0.463515E+00
 0.251500E+01   0.207950E+01   0.132251E+02   0.241907E+01   0.468748E+00
 0.254950E+01   0.209402E+01   0.132227E+02   0.243904E+01   0.473953E+00
 0.258400E+01   0.210787E+01   0.132107E+02   0.245815E+01   0.479131E+00
 0.261850E+01   0.212110E+01   0.131938E+02   0.247646E+01   0.484281E+00
 0.265300E+01   0.213372E+01   0.131864E+02   0.249399E+01   0.489404E+00
 0.268750E+01   0.214577E+01   0.131804E+02   0.251077E+01   0.494502E+00
 0.272200E+01   0.215727E+01   0.131648E+02   0.252683E+01   0.499573E+00
 0.275650E+01   0.216825E+01   0.131473E+02   0.254222E+01   0.504620E+00
 0.279100E+01   0.217873E+01   0.131390E+02   0.255694E+01   0.509641E+00
 0.282550E+01   0.218874E+01   0.131301E+02   0.257104E+01   0.514638E+00
 0.286000E+01   0.219830E+01   0.131122E+02   0.258454E+01   0.519612E+00
 0.289450E+01   0.220742E+01   0.130979E+02   0.259746E+01   0.524561E+00
 0.292900E+01   0.221613E+01   0.130923E+02   0.260983E+01   0.529488E+00
 0.296350E+01   0.222445E+01   0.130772E+02   0.262166E+01   0.534392E+00
 0.299800E+01   0.223240E+01   0.130589E+02   0.263300E+01   0.539273E+00
 0.303250E+01   0.223999E+01   0.130502E+02   0.264384E+01   0.544133E+00
 0.306700E+01   0.224723E+01   0.130370E+02   0.265422E+01   0.548971E+00
 0.310150E+01   0.225415E+01   0.130195E+02   0.266416E+01   0.553788E+00
 0.313600E+01   0.226076E+01   0.130044E+02   0.267366E+01   0.558583E+00
 0.317050E+01   0.226707E+01   0.129951E+02   0.268276E+01   0.563359E+00
 0.320500E+01   0.227309E+01   0.129763E+02   0.269146E+01   0.568114E+00
 0.323950E+01   0.227884E+01   0.129666E+02   0.269979E+01   0.572849E+00
 0.327400E+01   0.228433E+01   0.129531E+02   0.270775E+01   0.577565E+00
 0.330850E+01   0.228958E+01   0.129398E+02   0.271537E+01   0.582261E+00
 0.334300E+01   0.229458E+01   0.129297E+02   0.272265E+01   0.586938E+00
 0.337750E+01   0.229935E+01   0.129118E+02   0.272961E+01   0.591597E+00
 0.341200E+01   0.230391E+01   0.129004E+02   0.273627E+01   0.596237E+00
 0.344650E+01   0.230826E+01   0.128840E+02   0.274263E+01   0.600860E+00
 0.348100E+01   0.231240E+01   0.128733E+02   0.274870E+01   0.605464E+00
 0.351550E+01   0.231636E+01   0.128606E+02   0.275451E+01   0.610051E+00
 0.355000E+01   0.232013E+01   0.128449E+02   0.276005E+01   0.614620E+00
 0.358450E+01   0.232372E+01   0.128321E+02   0.276534E+01   0.619173E+00
 0.361900E+01   0.232715E+01   0.128156E+02   0.277039E+01   0.623708E+00
 0.365350E+01   0.233041E+01   0.128055E+02   0.277521E+01   0.628227E+00
 0.368800E+01   0.233352E+01   0.127858E+02   0.277980E+01   0.632730E+00
 0.372250E+01   0.233647E+01   0.127770E+02   0.278418E+01   0.637217E+00
 0.375700E+01   0.233929E+01   0.127608E+02   0.278836E+01   0.641688E+00
 0.379150E+01   0.234196E+01   0.127465E+02   0.279233E+01   0.646143E+00
 0.382600E+01   0.234451E+01   0.127347E+02   0.279611E+01   0.650583E+00
 0.386050E+01   0.234693E+01   0.127177E+02   0.279971E+01   0.655008E+00
 0.389500E+01   0.234922E+01   0.127023E+02   0.280313E+01   0.659418E+00
 0.392950E+01   0.235140E+01   0.126989E+02   0.280638E+01   0.663812E+00
 0.396400E+01   0.235347E+01   0.126821E+02   0.280947E+01   0.668193E+00
 0.399850E+01   0.235542E+01   0.126720E+02   0.281240E+01   0.672559E+00
 0.403300E+01   0.235728E+01   0.126538E+02   0.281518E+01   0.676910E+00
 0.406750E+01   0.235903E+01   0.126451E+02   0.281780E+01   0.681248E+00
 0.410200E+01   0.236069E+01   0.126282E+02   0.282029E+01   0.685572E+00
 0.413650E+01   0.236226E+01   0.126135E+02   0.282264E+01   0.689882E+00
 0.417100E+01   0.236373E+01   0.126021E+02   0.282486E+01   0.694179E+00
 0.420550E+01   0.236512E+01   0.125873E+02   0.282696E+01   0.698463E+00
 0.424000E+01   0.236643E+01   0.125792E+02   0.282893E+01   0.702733E+00
 0.427450E+01   0.236766E+01   0.125707E+02   0.283078E+01   0.706991E+00
 0.430900E+01   0.236881E+01   0.125576E+02   0.283252E+01   0.711235E+00
 0.434350E+01   0.236989E+01   0.125440E+02   0.283415E+01   0.715467E+00
 0.437800E+01   0.237090E+01   0.125329E+02   0.283567E+01   0.719687E+00
 0.441250E+01   0.237184E+01   0.125190E+02   0.283709E+01   0.723894E+00
 0.444700E+01   0.237271E+01   0.125069E+02   0.283842E+01   0.728089E+00
 0.448150E+01   0.237352E+01   0.124976E+02   0.283965E+01   0.732272E+00
 0.451600E+01   0.237427E+01   0.124816E+02   0.284078E+01   0.736443E+00
 0.455050E+01   0.237496E+01   0.124694E+02   0.284183E+01   0.740602E+00
 0.458500E+01   0.237559E+01   0.124600E+02   0.284279E+01   0.744750E+00
 0.461950E+01   0.237617E+01   0.124495E+02   0.284367E+01   0.748886E+00
 0.465400E+01   0.237670E+01   0.124322E+02   0.284447E+01   0.753011E+00
 0.468850E+01   0.237717E+01   0.124277E+02   0.284520E+01   0.757124E+00
 0.472300E+01   0.237760E+01   0.124093E+02   0.284584E+01   0.761227E+00
 0.475750E+01   0.237797E+01   0.123985E+02   0.284642E+01   0.765318E+00
 0.479200E+01   0.237831E+01   0.123923E+02   0.284693E+01   0.769399E+00
 0.482650E+01   0.237860E+01   0.123806E+02   0.284737E+01   0.773469E+00
 0.486100E+01   0.237884E+01   0.123687E+02   0.284774E+01   0.777528E+00
 0.489550E+01   0.237904E+01   0.123509E+02   0.284805E+01   0.781577E+00
 0.493000E+01   0.237921E+01   0.123416E+02   0.284831E+01   0.785615E+00
 0.496450E+01   0.237934E+01   0.123364E+02   0.284850E+01   0.789643E+00
 0.499900E+01   0.237942E+01   0.123273E+02   0.284864E+01   0.793661E+00
 0.503350E+01   0.237948E+01   0.123166E+02   0.284872E+01   0.797669E+00
 0.506800E+01   0.237950E+01   0.123002E+02   0.284875E+01   0.801667E+00
 0.510250E+01   0.237948E+01   0.122933E+02   0.284873E+01   0.805655E+00
 0.513700E+01   0.237944E+01   0.122820E+02   0.284865E+01   0.809634E+00
 0.517150E+01   0.237936E+01   0.122660E+02   0.284854E+01   0.813603E+00
 0.520600E+01   0.237925E+01   0.122569E+02   0.284837E+01   0.817562E+00
 0.524050E+01   0.237911E+01   0.122514E+02   0.284816E+01   0.821512E+00
 0.527500E+01   0.237895E+01   0.122384E+02   0.284791E+01   0.825452E+00
 0.530950E+01   0.237876E+01   0.122303E+02   0.284761E+01   0.829383E+00
 0.534400E+01   0.237854E+01   0.122155E+02   0.284727E+01   0.833305E+00
 0.537850E+01   0.237830E+01   0.122116E+02   0.284690E+01   0.837218E+00
 0.541300E+01   0.237803E+01   0.121944E+02   0.284649E+01   0.841122E+00
 0.544750E+01   0.237774E+01   0.121842E+02   0.284604E+01   0.845017E+00
 0.548200E+01   0.237742E+01   0.121782E+02   0.284555E+01   0.848904E+00
 0.551650E+01   0.237709E+01   0.121696E+02   0.284503E+01   0.852781E+00
 0.555100E+01   0.237673E+01   0.121575E+02   0.284448E+01   0.856650E+00
 0.558550E+01   0.237635E+01   0.121508E+02   0.284390E+01   0.860511E+00
 0.562000E+01   0.237595E+01   0.121395E+02   0.284328E+01   0.864362E+00
 0.565450E+01   0.237554E+01   0.121326E+02   0.284264E+01   0.868206E+00
 0.568900E+01   0.237510E+01   0.121167E+02   0.284196E+01   0.872041E+00
 0.572350E+01   0.237465E+01   0.121072E+02   0.284126E+01   0.875868E+00
 0.575800E+01   0.237418E+01   0.121057E+02   0.284053E+01   0.879687E+00
 0.579250E+01   0.237369E+01   0.120960E+02   0.283978E+01   0.883498E+00
 0.582700E+01   0.237318E+01   0.120795E+02   0.283900E+01   0.887300E+00
 0.586150E+01   0.237266E+01   0.120744E+02   0.283819E+01   0.891095E+00
 0.589600E+01   0.237213E+01   0.120693E+02   0.283736E+01   0.894882E+00
 0.593050E+01   0.237158E+01   0.120520E+02   0.283651E+01   0.898661E+00
 0.596500E+01   0.237102E+01   0.120496E+02   0.283563E+01   0.902432E+00
 0.599950E+01   0.237044E+01   0.120344E+02   0.283474E+01   0.906196E+00
 0.603400E+01   0.236985E+01   0.120298E+02   0.283382E+01   0.909952E+00
 0.606850E+01   0.236925E+01   0.120182E+02   0.283289E+01   0.913701E+00
 0.610300E+01   0.236863E+01   0.120105E+02   0.283193E+01   0.917442E+00
 0.613750E+01   0.236800E+01   0.119979E+02   0.283095E+01   0.921176E+00
 0.617200E+01   0.236737E+01   0.119976E+02   0.282996E+01   0.924902E+00
 0.620650E+01   0.236672E+01   0.119809E+02   0.282895E+01   0.928621E+00
 0.624100E+01   0.236606E+01   0.119792E+02   0.282792E+01   0.932333E+00
 0.627550E+01   0.236539E+01   0.119644E+02   0.282688E+01   0.936038E+00
 0.631000E+01   0.236470E+01   0.119580E+02   0.282582E+01   0.939735E+00
 0.634450E+01   0.236401E+01   0.119503E+02   0.282475E+01   0.943426E+00
 0.637900E+01   0.236331E+01   0.119415E+02   0.282366E+01   0.947110E+00
 0.641350E+01   0.236261E+01   0.119353E+02   0.282255E+01   0.950786E+00
 0.644800E+01   0.236189E+01   0.119246E+02   0.282143E+01   0.954456E+00
 0.648250E+01   0.236116E+01   0.119163E+02   0.282030E+01   0.958119E+00
 0.651700E+01   0.236043E+01   0.119091E+02   0.281916E+01   0.961775E+00
 0.655150E+01   0.235969E+01   0.119010E+02   0.281800E+01   0.965425E+00
 0.658600E+01   0.235894E+01   0.118958E+02   0.281683E+01   0.969068E+00
 0.662050E+01   0.235818E+01   0.118860E+02   0.281565E+01   0.972704E+00
 0.665500E+01   0.235742E+01   0.118755E+02   0.281446E+01   0.976334E+00
 0.668950E+01   0.235665E+01   0.118683E+02   0.281326E+01   0.979958E+00
 0.672400E+01   0.235588E+01   0.118658E+02   0.281205E+01   0.983575E+00
 0.675850E+01   0.235509E+01   0.118529E+02   0.281083E+01   0.987185E+00
 0.679300E+01   0.235431E+01   0.118515E+02   0.280960E+01   0.990789E+00
 0.682750E+01   0.235351E+01   0.118383E+02   0.280835E+01   0.994387E+00
 0.686200E+01   0.235271E+01   0.118294E+02   0.280710E+01   0.997979E+00
 0.689650E+01   0.235191E+01   0.118201E+02   0.280585E+01   0.100156E+01
 0.693100E+01   0.235110E+01   0.118153E+02   0.280458E+01   0.100514E+01
 0.696550E+01   0.235028E+01   0.118086E+02   0.280330E+01   0.100872E+01
