 0.100000E+00   0.274714E+00   0.153680E+03   0.276555E+00   0.209002E-01
 0.134500E+00   0.260254E+00   0.158949E+03   0.261983E+00   0.281087E-01
 0.169000E+00   0.263382E+00   0.173477E+03   0.265172E+00   0.353188E-01
 0.203500E+00   0.245641E+00   0.176062E+03   0.247289E+00   0.425266E-01
 0.238000E+00   0.227037E+00   0.181628E+03   0.228540E+00   0.497281E-01
 0.272500E+00   0.182491E+00   0.176326E+03   0.183626E+00   0.569193E-01
 0.307000E+00   0.109738E+00   0.145219E+03   0.110271E+00   0.640963E-01
 0.341500E+00   0.751281E-01   0.755049E+02   0.753694E-01   0.712551E-01
 0.376000E+00   0.943489E-01   0.390238E+02   0.947949E-01   0.783916E-01
 0.410500E+00   0.128289E+00   0.229372E+02   0.129241E+00   0.855033E-01
 0.445000E+00   0.163431E+00   0.187710E+02   0.165077E+00   0.925940E-01
 0.479500E+00   0.199852E+00   0.169910E+02   0.202391E+00   0.996631E-01
 0.514000E+00   0.237482E+00   0.160460E+02   0.241122E+00   0.106709E+00
 0.548500E+00   0.275639E+00   0.154923E+02   0.280579E+00   0.113732E+00
 0.583000E+00   0.313204E+00   0.151542E+02   0.319601E+00   0.120731E+00
 0.617500E+00   0.350915E+00   0.149320E+02   0.358950E+00   0.127705E+00
 0.652000E+00   0.388961E+00   0.147823E+02   0.398828E+00   0.134655E+00
 0.686500E+00   0.427474E+00   0.146746E+02   0.439377E+00   0.141580E+00
 0.721000E+00   0.466563E+00   0.145975E+02   0.480721E+00   0.148479E+00
 0.755500E+00   0.506334E+00   0.145442E+02   0.522982E+00   0.155351E+00
 0.790000E+00   0.546893E+00   0.145117E+02   0.566283E+00   0.162196E+00
 0.824500E+00   0.588345E+00   0.144826E+02   0.610753E+00   0.169012E+00
 0.859000E+00   0.630799E+00   0.144582E+02   0.656524E+00   0.175798E+00
 0.893500E+00   0.674358E+00   0.144476E+02   0.703727E+00   0.182554E+00
 0.928000E+00   0.719123E+00   0.144501E+02   0.752494E+00   0.189278E+00
 0.962500E+00   0.765181E+00   0.144521E+02   0.802944E+00   0.195970E+00
 0.997000E+00   0.812606E+00   0.144537E+02   0.855184E+00   0.202627E+00
 0.103150E+01   0.861445E+00   0.144575E+02   0.909300E+00   0.209248E+00
 0.106600E+01   0.911720E+00   0.144712E+02   0.965347E+00   0.215833E+00
 0.110050E+01   0.963415E+00   0.144821E+02   0.102334E+01   0.222379E+00
 0.113500E+01   0.101648E+01   0.144919E+02   0.108326E+01   0.228885E+00
 0.116950E+01   0.107081E+01   0.145028E+02   0.114503E+01   0.235349E+00
 0.120400E+01   0.112627E+01   0.145210E+02   0.120853E+01   0.241770E+00
 0.123850E+01   0.118268E+01   0.145372E+02   0.127358E+01   0.248147E+00
 0.127300E+01   0.123982E+01   0.145561E+02   0.133997E+01   0.254478E+00
 0.130750E+01   0.129745E+01   0.145653E+02   0.140743E+01   0.260761E+00
 0.134200E+01   0.135529E+01   0.145837E+02   0.147567E+01   0.266997E+00
 0.137650E+01   0.141308E+01   0.146023E+02   0.154438E+01   0.273183E+00
 0.141100E+01   0.147053E+01   0.146088E+02   0.161324E+01   0.279319E+00
 0.144550E+01   0.152738E+01   0.146198E+02   0.168193E+01   0.285405E+00
 0.148000E+01   0.158338E+01   0.146356E+02   0.175014E+01   0.291439E+00
 0.151450E+01   0.163831E+01   0.146471E+02   0.181758E+01   0.297421E+00
 0.154900E+01   0.169196E+01   0.146499E+02   0.188399E+01   0.303351E+00
 0.158350E+01   0.174417E+01   0.146568E+02   0.194913E+01   0.309229E+00
 0.161800E+01   0.179481E+01   0.146601E+02   0.201281E+01   0.315055E+00
 0.165250E+01   0.184377E+01   0.146621E+02   0.207486E+01   0.320829E+00
 0.168700E+01   0.189096E+01   0.146647E+02   0.213514E+01   0.326551E+00
 0.172150E+01   0.193636E+01   0.146535E+02   0.219355E+01   0.332223E+00
 0.175600E+01   0.197991E+01   0.146499E+02   0.225002E+01   0.337843E+00
 0.179050E+01   0.202163E+01   0.146525E+02   0.230449E+01   0.343414E+00
 0.182500E+01   0.206151E+01   0.146403E+02   0.235694E+01   0.348935E+00
 0.185950E+01   0.209958E+01   0.146337E+02   0.240736E+01   0.354407E+00
 0.189400E+01   0.213589E+01   0.146266E+02   0.245576E+01   0.359830E+00
 0.192850E+01   0.217046E+01   0.146097E+02   0.250216E+01   0.365207E+00
 0.196300E+01   0.220337E+01   0.145986E+02   0.254660E+01   0.370536E+00
 0.199750E+01   0.223465E+01   0.145920E+02   0.258911E+01   0.375820E+00
 0.203200E+01   0.226437E+01   0.145754E+02   0.262974E+01   0.381058E+00
 0.206650E+01   0.229260E+01   0.145617E+02   0.266856E+01   0.386252E+00
 0.210100E+01   0.231939E+01   0.145382E+02   0.270562E+01   0.391403E+00
 0.213550E+01   0.234482E+01   0.145297E+02   0.274097E+01   0.396510E+00
 0.217000E+01   0.236893E+01   0.145081E+02   0.277468E+01   0.401576E+00
 0.220450E+01   0.239180E+01   0.144869E+02   0.280682E+01   0.406601E+00
 0.223900E+01   0.241349E+01   0.144715E+02   0.283745E+01   0.411585E+00
 0.227350E+01   0.243405E+01   0.144544E+02   0.286662E+01   0.416530E+00
 0.230800E+01   0.245353E+01   0.144325E+02   0.289441E+01   0.421436E+00
 0.234250E+01   0.247200E+01   0.144139E+02   0.292087E+01   0.426304E+00
 0.237700E+01   0.248950E+01   0.143946E+02   0.294605E+01   0.431135E+00
 0.241150E+01   0.250609E+01   0.143753E+02   0.297002E+01   0.435929E+00
 0.244600E+01   0.252181E+01   0.143551E+02   0.299283E+01   0.440687E+00
 0.248050E+01   0.253671E+01   0.143297E+02   0.301454E+01   0.445410E+00
 0.251500E+01   0.255083E+01   0.143098E+02   0.303519E+01   0.450098E+00
 0.254950E+01   0.256421E+01   0.142910E+02   0.305483E+01   0.454753E+00
 0.258400E+01   0.257688E+01   0.142689E+02   0.307351E+01   0.459374E+00
 0.261850E+01   0.258890E+01   0.142544E+02   0.309128E+01   0.463963E+00
 0.265300E+01   0.260028E+01   0.142298E+02   0.310817E+01   0.468520E+00
 0.268750E+01   0.261106E+01   0.142080E+02   0.312423E+01   0.473045E+00
 0.272200E+01   0.262128E+01   0.141841E+02   0.313949E+01   0.477540E+00
 0.275650E+01   0.263096E+01   0.141700E+02   0.315400E+01   0.482004E+00
 0.279100E+01   0.264013E+01   0.141413E+02   0.316779E+01   0.486439E+00
 0.282550E+01   0.264882E+01   0.141233E+02   0.318088E+01   0.490845E+00
 0.286000E+01   0.265705E+01   0.141040E+02   0.319332E+01   0.495223E+00
 0.289450E+01   0.266484E+01   0.140791E+02   0.320514E+01   0.499572E+00
 0.292900E+01   0.267222E+01   0.140613E+02   0.321635E+01   0.503894E+00
 0.296350E+01   0.267920E+01   0.140450E+02   0.322700E+01   0.508188E+00
 0.299800E+01   0.268581E+01   0.140232E+02   0.323710E+01   0.512456E+00
 0.303250E+01   0.269206E+01   0.140007E+02   0.324669E+01   0.516699E+00
 0.306700E+01   0.269798E+01   0.139762E+02   0.325577E+01   0.520915E+00
 0.310150E+01   0.270357E+01   0.139617E+02   0.326439E+01   0.525106E+00
 0.313600E+01   0.270886E+01   0.139407E+02   0.327255E+01   0.529273E+00
 0.317050E+01   0.271385E+01   0.139184E+02   0.328028E+01   0.533415E+00
 0.320500E+01   0.271857E+01   0.138967E+02   0.328759E+01   0.537533E+00
 0.323950E+01   0.272303E+01   0.138780E+02   0.329451E+01   0.541627E+00
 0.327400E+01   0.272723E+01   0.138593E+02   0.330106E+01   0.545699E+00
 0.330850E+01   0.273119E+01   0.138375E+02   0.330724E+01   0.549748E+00
 0.334300E+01   0.273493E+01   0.138225E+02   0.331308E+01   0.553774E+00
 0.337750E+01   0.273845E+01   0.137965E+02   0.331859E+01   0.557778E+00
 0.341200E+01   0.274176E+01   0.137836E+02   0.332378E+01   0.561760E+00
 0.344650E+01   0.274487E+01   0.137572E+02   0.332867E+01   0.565722E+00
 0.348100E+01   0.274779E+01   0.137451E+02   0.333327E+01   0.569662E+00
 0.351550E+01   0.275053E+01   0.137277E+02   0.333759E+01   0.573581E+00
 0.355000E+01   0.275310E+01   0.137086E+02   0.334165E+01   0.577480E+00
 0.358450E+01   0.275550E+01   0.136911E+02   0.334546E+01   0.581359E+00
 0.361900E+01   0.275775E+01   0.136678E+02   0.334902E+01   0.585218E+00
 0.365350E+01   0.275984E+01   0.136521E+02   0.335235E+01   0.589058E+00
 0.368800E+01   0.276180E+01   0.136353E+02   0.335545E+01   0.592878E+00
 0.372250E+01   0.276361E+01   0.136176E+02   0.335834E+01   0.596680E+00
 0.375700E+01   0.276530E+01   0.135951E+02   0.336103E+01   0.600463E+00
 0.379150E+01   0.276685E+01   0.135827E+02   0.336352E+01   0.604228E+00
 0.382600E+01   0.276829E+01   0.135647E+02   0.336582E+01   0.607974E+00
 0.386050E+01   0.276961E+01   0.135484E+02   0.336794E+01   0.611703E+00
 0.389500E+01   0.277083E+01   0.135284E+02   0.336988E+01   0.615414E+00
 0.392950E+01   0.277193E+01   0.135071E+02   0.337166E+01   0.619108E+00
 0.396400E+01   0.277294E+01   0.134928E+02   0.337328E+01   0.622784E+00
 0.399850E+01   0.277385E+01   0.134778E+02   0.337474E+01   0.626444E+00
 0.403300E+01   0.277466E+01   0.134653E+02   0.337606E+01   0.630087E+00
 0.406750E+01   0.277539E+01   0.134398E+02   0.337723E+01   0.633714E+00
 0.410200E+01   0.277604E+01   0.134288E+02   0.337827E+01   0.637325E+00
 0.413650E+01   0.277660E+01   0.134116E+02   0.337918E+01   0.640919E+00
 0.417100E+01   0.277708E+01   0.133905E+02   0.337996E+01   0.644498E+00
 0.420550E+01   0.277749E+01   0.133756E+02   0.338062E+01   0.648061E+00
 0.424000E+01   0.277783E+01   0.133671E+02   0.338117E+01   0.651609E+00
 0.427450E+01   0.277809E+01   0.133484E+02   0.338161E+01   0.655142E+00
 0.430900E+01   0.277829E+01   0.133359E+02   0.338193E+01   0.658659E+00
 0.434350E+01   0.277843E+01   0.133184E+02   0.338216E+01   0.662162E+00
 0.437800E+01   0.277851E+01   0.133031E+02   0.338229E+01   0.665651E+00
 0.441250E+01   0.277853E+01   0.132822E+02   0.338232E+01   0.669125E+00
 0.444700E+01   0.277849E+01   0.132685E+02   0.338226E+01   0.672584E+00
 0.448150E+01   0.277840E+01   0.132527E+02   0.338211E+01   0.676030E+00
 0.451600E+01   0.277826E+01   0.132385E+02   0.338188E+01   0.679462E+00
 0.455050E+01   0.277807E+01   0.132329E+02   0.338157E+01   0.682880E+00
 0.458500E+01   0.277783E+01   0.132131E+02   0.338118E+01   0.686284E+00
 0.461950E+01   0.277754E+01   0.131998E+02   0.338071E+01   0.689675E+00
 0.465400E+01   0.277722E+01   0.131854E+02   0.338018E+01   0.693053E+00
 0.468850E+01   0.277685E+01   0.131755E+02   0.337957E+01   0.696418E+00
 0.472300E+01   0.277644E+01   0.131569E+02   0.337890E+01   0.699770E+00
 0.475750E+01   0.277599E+01   0.131422E+02   0.337816E+01   0.703109E+00
 0.479200E+01   0.277550E+01   0.131334E+02   0.337736E+01   0.706435E+00
 0.482650E+01   0.277498E+01   0.131192E+02   0.337650E+01   0.709749E+00
 0.486100E+01   0.277442E+01   0.131051E+02   0.337559E+01   0.713050E+00
 0.489550E+01   0.277383E+01   0.130928E+02   0.337461E+01   0.716340E+00
 0.493000E+01   0.277321E+01   0.130704E+02   0.337359E+01   0.719617E+00
 0.496450E+01   0.277256E+01   0.130593E+02   0.337252E+01   0.722882E+00
 0.499900E+01   0.277188E+01   0.130506E+02   0.337139E+01   0.726136E+00
 0.503350E+01   0.277117E+01   0.130351E+02   0.337022E+01   0.729378E+00
 0.506800E+01   0.277043E+01   0.130239E+02   0.336901E+01   0.732608E+00
 0.510250E+01   0.276967E+01   0.130065E+02   0.336775E+01   0.735826E+00
 0.513700E+01   0.276889E+01   0.129945E+02   0.336645E+01   0.739034E+00
 0.517150E+01   0.276808E+01   0.129826E+02   0.336511E+01   0.742230E+00
 0.520600E+01   0.276724E+01   0.129725E+02   0.336373E+01   0.745415E+00
 0.524050E+01   0.276639E+01   0.129622E+02   0.336231E+01   0.748590E+00
 0.527500E+01   0.276551E+01   0.129484E+02   0.336086E+01   0.751753E+00
 0.530950E+01   0.276462E+01   0.129395E+02   0.335938E+01   0.754906E+00
 0.534400E+01   0.276370E+01   0.129250E+02   0.335786E+01   0.758048E+00
 0.537850E+01   0.276277E+01   0.129108E+02   0.335631E+01   0.761179E+00
 0.541300E+01   0.276182E+01   0.128995E+02   0.335473E+01   0.764300E+00
 0.544750E+01   0.276085E+01   0.128890E+02   0.335312E+01   0.767411E+00
 0.548200E+01   0.275986E+01   0.128800E+02   0.335148E+01   0.770512E+00
 0.551650E+01   0.275886E+01   0.128673E+02   0.334981E+01   0.773602E+00
 0.555100E+01   0.275785E+01   0.128545E+02   0.334812E+01   0.776683E+00
 0.558550E+01   0.275682E+01   0.128450E+02   0.334641E+01   0.779753E+00
 0.562000E+01   0.275577E+01   0.128278E+02   0.334467E+01   0.782814E+00
 0.565450E+01   0.275472E+01   0.128186E+02   0.334290E+01   0.785865E+00
 0.568900E+01   0.275365E+01   0.128086E+02   0.334112E+01   0.788907E+00
 0.572350E+01   0.275256E+01   0.127993E+02   0.333931E+01   0.791939E+00
 0.575800E+01   0.275147E+01   0.127889E+02   0.333749E+01   0.794961E+00
 0.579250E+01   0.275037E+01   0.127776E+02   0.333564E+01   0.797974E+00
 0.582700E+01   0.274925E+01   0.127683E+02   0.333378E+01   0.800978E+00
 0.586150E+01   0.274812E+01   0.127534E+02   0.333190E+01   0.803973E+00
 0.589600E+01   0.274699E+01   0.127469E+02   0.333000E+01   0.806958E+00
 0.593050E+01   0.274584E+01   0.127300E+02   0.332809E+01   0.809935E+00
 0.596500E+01   0.274469E+01   0.127241E+02   0.332616E+01   0.812903E+00
 0.599950E+01   0.274353E+01   0.127116E+02   0.332422E+01   0.815862E+00
 0.603400E+01   0.274236E+01   0.126988E+02   0.332226E+01   0.818812E+00
 0.606850E+01   0.274118E+01   0.126858E+02   0.332028E+01   0.821753E+00
 0.610300E+01   0.274000E+01   0.126796E+02   0.331830E+01   0.824686E+00
 0.613750E+01   0.273881E+01   0.126692E+02   0.331630E+01   0.827610E+00
 0.617200E+01   0.273761E+01   0.126612E+02   0.331429E+01   0.830526E+00
 0.620650E+01   0.273640E+01   0.126528E+02   0.331227E+01   0.833433E+00
 0.624100E+01   0.273519E+01   0.126386E+02   0.331024E+01   0.836332E+00
 0.627550E+01   0.273398E+01   0.126283E+02   0.330820E+01   0.839223E+00
 0.631000E+01   0.273275E+01   0.126173E+02   0.330615E+01   0.842106E+00
 0.634450E+01   0.273153E+01   0.126123E+02   0.330409E+01   0.844980E+00
 0.637900E+01   0.273030E+01   0.126049E+02   0.330202E+01   0.847847E+00
 0.641350E+01   0.272906E+01   0.125898E+02   0.329995E+01   0.850705E+00
 0.644800E+01   0.272782E+01   0.125805E+02   0.329786E+01   0.853556E+00
 0.648250E+01   0.272658E+01   0.125713E+02   0.329577E+01   0.856399E+00
 0.651700E+01   0.272533E+01   0.125668E+02   0.329368E+01   0.859234E+00
 0.655150E+01   0.272408E+01   0.125509E+02   0.329157E+01   0.862061E+00
 0.658600E+01   0.272282E+01   0.125473E+02   0.328946E+01   0.864881E+00
 0.662050E+01   0.272156E+01   0.125333E+02   0.328734E+01   0.867693E+00
 0.665500E+01   0.272030E+01   0.125219E+02   0.328522E+01   0.870498E+00
 0.668950E+01   0.271904E+01   0.125157E+02   0.328309E+01   0.873295E+00
 0.672400E+01   0.271777E+01   0.125047E+02   0.328096E+01   0.876085E+00
 0.675850E+01   0.271651E+01   0.124989E+02   0.327883E+01   0.878868E+00
 0.679300E+01   0.271523E+01   0.124862E+02   0.327669E+01   0.881643E+00
 0.682750E+01   0.271396E+01   0.124848E+02   0.327454E+01   0.884411E+00
 0.686200E+01   0.271269E+01   0.124736E+02   0.327240E+01   0.887172E+00
 0.689650E+01   0.271141E+01   0.124584E+02   0.327024E+01   0.889925E+00
 0.693100E+01   0.271013E+01   0.124526E+02   0.326809E+01   0.892672E+00
 0.696550E+01   0.270886E+01   0.124407E+02   0.326594E+01   0.895412E+00
