0.100000E+00   0.274499E+00   0.157242E+03   0.276339E+00   0.208848E-01
0.134500E+00   0.268372E+00   0.168709E+03   0.270182E+00   0.280736E-01
0.169000E+00   0.258537E+00   0.176602E+03   0.260269E+00   0.352597E-01
0.203500E+00   0.233698E+00   0.174952E+03   0.235214E+00   0.424418E-01
0.238000E+00   0.206244E+00   0.172745E+03   0.207524E+00   0.496189E-01
0.272500E+00   0.169900E+00   0.165323E+03   0.170872E+00   0.567896E-01
0.307000E+00   0.126583E+00   0.147730E+03   0.127188E+00   0.639527E-01
0.341500E+00   0.950813E-01   0.126796E+03   0.954185E-01   0.711071E-01
0.376000E+00   0.808541E-01   0.944387E+02   0.810618E-01   0.782515E-01
0.410500E+00   0.815636E-01   0.566436E+02   0.817672E-01   0.853854E-01
0.445000E+00   0.877462E-01   0.414582E+02   0.880027E-01   0.925108E-01
0.479500E+00   0.959216E-01   0.402123E+02   0.962615E-01   0.996272E-01
0.514000E+00   0.105737E+00   0.333771E+02   0.106193E+00   0.106734E+00
0.548500E+00   0.117305E+00   0.266129E+02   0.117918E+00   0.113829E+00
0.583000E+00   0.130556E+00   0.225248E+02   0.131377E+00   0.120912E+00
0.617500E+00   0.145918E+00   0.197953E+02   0.147014E+00   0.127982E+00
0.652000E+00   0.163738E+00   0.178811E+02   0.165200E+00   0.135037E+00
0.686500E+00   0.184314E+00   0.165010E+02   0.186259E+00   0.142076E+00
0.721000E+00   0.207903E+00   0.154791E+02   0.210481E+00   0.149097E+00
0.755500E+00   0.234720E+00   0.147347E+02   0.238119E+00   0.156097E+00
0.790000E+00   0.264934E+00   0.141846E+02   0.269384E+00   0.163076E+00
0.824500E+00   0.298669E+00   0.137844E+02   0.304450E+00   0.170030E+00
0.859000E+00   0.335999E+00   0.134881E+02   0.343446E+00   0.176959E+00
0.893500E+00   0.376954E+00   0.132883E+02   0.386456E+00   0.183860E+00
0.928000E+00   0.421511E+00   0.131494E+02   0.433519E+00   0.190731E+00
0.962500E+00   0.469597E+00   0.130650E+02   0.484624E+00   0.197569E+00
0.997000E+00   0.521087E+00   0.130280E+02   0.539708E+00   0.204374E+00
0.103150E+01   0.575805E+00   0.130134E+02   0.598653E+00   0.211142E+00
0.106600E+01   0.633520E+00   0.130310E+02   0.661285E+00   0.217871E+00
0.110050E+01   0.693954E+00   0.130567E+02   0.727372E+00   0.224561E+00
0.113500E+01   0.756783E+00   0.131042E+02   0.796629E+00   0.231208E+00
0.116950E+01   0.821642E+00   0.131598E+02   0.868719E+00   0.237811E+00
0.120400E+01   0.888135E+00   0.132167E+02   0.943259E+00   0.244367E+00
0.123850E+01   0.955846E+00   0.132824E+02   0.101983E+01   0.250877E+00
0.127300E+01   0.102435E+01   0.133430E+02   0.109800E+01   0.257338E+00
0.130750E+01   0.109321E+01   0.134128E+02   0.117729E+01   0.263748E+00
0.134200E+01   0.116203E+01   0.134738E+02   0.125727E+01   0.270107E+00
0.137650E+01   0.123041E+01   0.135361E+02   0.133747E+01   0.276414E+00
0.141100E+01   0.129799E+01   0.135977E+02   0.141748E+01   0.282668E+00
0.144550E+01   0.136445E+01   0.136545E+02   0.149689E+01   0.288868E+00
0.148000E+01   0.142950E+01   0.137098E+02   0.157535E+01   0.295014E+00
0.151450E+01   0.149291E+01   0.137548E+02   0.165253E+01   0.301106E+00
0.154900E+01   0.155449E+01   0.138049E+02   0.172816E+01   0.307144E+00
0.158350E+01   0.161408E+01   0.138433E+02   0.180201E+01   0.313127E+00
0.161800E+01   0.167156E+01   0.138739E+02   0.187388E+01   0.319057E+00
0.165250E+01   0.172686E+01   0.139041E+02   0.194362E+01   0.324932E+00
0.168700E+01   0.177994E+01   0.139355E+02   0.201113E+01   0.330754E+00
0.172150E+01   0.183078E+01   0.139613E+02   0.207631E+01   0.336523E+00
0.175600E+01   0.187937E+01   0.139837E+02   0.213914E+01   0.342240E+00
0.179050E+01   0.192576E+01   0.139937E+02   0.219957E+01   0.347905E+00
0.182500E+01   0.196996E+01   0.140126E+02   0.225761E+01   0.353519E+00
0.185950E+01   0.201205E+01   0.140184E+02   0.231328E+01   0.359082E+00
0.189400E+01   0.205208E+01   0.140267E+02   0.236661E+01   0.364597E+00
0.192850E+01   0.209011E+01   0.140331E+02   0.241764E+01   0.370062E+00
0.196300E+01   0.212623E+01   0.140456E+02   0.246644E+01   0.375479E+00
0.199750E+01   0.216051E+01   0.140470E+02   0.251306E+01   0.380850E+00
0.203200E+01   0.219303E+01   0.140456E+02   0.255756E+01   0.386174E+00
0.206650E+01   0.222387E+01   0.140361E+02   0.260003E+01   0.391452E+00
0.210100E+01   0.225310E+01   0.140337E+02   0.264053E+01   0.396686E+00
0.213550E+01   0.228081E+01   0.140358E+02   0.267915E+01   0.401877E+00
0.217000E+01   0.230707E+01   0.140272E+02   0.271595E+01   0.407024E+00
0.220450E+01   0.233195E+01   0.140164E+02   0.275100E+01   0.412129E+00
0.223900E+01   0.235553E+01   0.140067E+02   0.278440E+01   0.417194E+00
0.227350E+01   0.237786E+01   0.140004E+02   0.281620E+01   0.422217E+00
0.230800E+01   0.239902E+01   0.139946E+02   0.284648E+01   0.427201E+00
0.234250E+01   0.241907E+01   0.139785E+02   0.287530E+01   0.432146E+00
0.237700E+01   0.243807E+01   0.139623E+02   0.290274E+01   0.437053E+00
0.241150E+01   0.245606E+01   0.139510E+02   0.292886E+01   0.441922E+00
0.244600E+01   0.247312E+01   0.139378E+02   0.295371E+01   0.446755E+00
0.248050E+01   0.248928E+01   0.139284E+02   0.297736E+01   0.451552E+00
0.251500E+01   0.250459E+01   0.139073E+02   0.299987E+01   0.456314E+00
0.254950E+01   0.251911E+01   0.138937E+02   0.302128E+01   0.461041E+00
0.258400E+01   0.253287E+01   0.138862E+02   0.304166E+01   0.465734E+00
0.261850E+01   0.254591E+01   0.138666E+02   0.306104E+01   0.470394E+00
0.265300E+01   0.255827E+01   0.138483E+02   0.307949E+01   0.475021E+00
0.268750E+01   0.256998E+01   0.138327E+02   0.309703E+01   0.479616E+00
0.272200E+01   0.258109E+01   0.138206E+02   0.311371E+01   0.484180E+00
0.275650E+01   0.259162E+01   0.138054E+02   0.312958E+01   0.488713E+00
0.279100E+01   0.260160E+01   0.137820E+02   0.314467E+01   0.493216E+00
0.282550E+01   0.261106E+01   0.137709E+02   0.315902E+01   0.497689E+00
0.286000E+01   0.262002E+01   0.137467E+02   0.317266E+01   0.502133E+00
0.289450E+01   0.262852E+01   0.137290E+02   0.318563E+01   0.506548E+00
0.292900E+01   0.263657E+01   0.137149E+02   0.319796E+01   0.510936E+00
0.296350E+01   0.264421E+01   0.136950E+02   0.320967E+01   0.515295E+00
0.299800E+01   0.265144E+01   0.136815E+02   0.322079E+01   0.519628E+00
0.303250E+01   0.265829E+01   0.136696E+02   0.323136E+01   0.523934E+00
0.306700E+01   0.266478E+01   0.136432E+02   0.324140E+01   0.528213E+00
0.310150E+01   0.267092E+01   0.136266E+02   0.325093E+01   0.532467E+00
0.313600E+01   0.267674E+01   0.136173E+02   0.325997E+01   0.536696E+00
0.317050E+01   0.268225E+01   0.135986E+02   0.326855E+01   0.540900E+00
0.320500E+01   0.268746E+01   0.135759E+02   0.327668E+01   0.545079E+00
0.323950E+01   0.269238E+01   0.135638E+02   0.328439E+01   0.549235E+00
0.327400E+01   0.269704E+01   0.135465E+02   0.329170E+01   0.553367E+00
0.330850E+01   0.270145E+01   0.135308E+02   0.329862E+01   0.557475E+00
0.334300E+01   0.270561E+01   0.135056E+02   0.330517E+01   0.561561E+00
0.337750E+01   0.270953E+01   0.134942E+02   0.331136E+01   0.565624E+00
0.341200E+01   0.271324E+01   0.134789E+02   0.331722E+01   0.569665E+00
0.344650E+01   0.271673E+01   0.134570E+02   0.332275E+01   0.573684E+00
0.348100E+01   0.272002E+01   0.134463E+02   0.332797E+01   0.577682E+00
0.351550E+01   0.272312E+01   0.134309E+02   0.333290E+01   0.581658E+00
0.355000E+01   0.272603E+01   0.134070E+02   0.333754E+01   0.585614E+00
0.358450E+01   0.272877E+01   0.133897E+02   0.334191E+01   0.589549E+00
0.361900E+01   0.273134E+01   0.133775E+02   0.334601E+01   0.593464E+00
0.365350E+01   0.273375E+01   0.133564E+02   0.334987E+01   0.597360E+00
0.368800E+01   0.273600E+01   0.133479E+02   0.335349E+01   0.601235E+00
0.372250E+01   0.273811E+01   0.133241E+02   0.335687E+01   0.605092E+00
0.375700E+01   0.274008E+01   0.133111E+02   0.336004E+01   0.608929E+00
0.379150E+01   0.274191E+01   0.132977E+02   0.336299E+01   0.612748E+00
0.382600E+01   0.274362E+01   0.132805E+02   0.336574E+01   0.616548E+00
0.386050E+01   0.274520E+01   0.132672E+02   0.336830E+01   0.620330E+00
0.389500E+01   0.274667E+01   0.132514E+02   0.337067E+01   0.624094E+00
0.392950E+01   0.274802E+01   0.132294E+02   0.337286E+01   0.627840E+00
0.396400E+01   0.274927E+01   0.132190E+02   0.337488E+01   0.631569E+00
0.399850E+01   0.275041E+01   0.132032E+02   0.337673E+01   0.635281E+00
0.403300E+01   0.275145E+01   0.131824E+02   0.337843E+01   0.638975E+00
0.406750E+01   0.275240E+01   0.131685E+02   0.337997E+01   0.642653E+00
0.410200E+01   0.275325E+01   0.131596E+02   0.338137E+01   0.646315E+00
0.413650E+01   0.275402E+01   0.131375E+02   0.338262E+01   0.649960E+00
0.417100E+01   0.275471E+01   0.131237E+02   0.338374E+01   0.653589E+00
0.420550E+01   0.275532E+01   0.131103E+02   0.338474E+01   0.657202E+00
0.424000E+01   0.275584E+01   0.130959E+02   0.338560E+01   0.660799E+00
0.427450E+01   0.275630E+01   0.130838E+02   0.338635E+01   0.664381E+00
0.430900E+01   0.275668E+01   0.130721E+02   0.338698E+01   0.667948E+00
0.434350E+01   0.275700E+01   0.130543E+02   0.338750E+01   0.671500E+00
0.437800E+01   0.275725E+01   0.130420E+02   0.338791E+01   0.675037E+00
0.441250E+01   0.275744E+01   0.130226E+02   0.338822E+01   0.678559E+00
0.444700E+01   0.275757E+01   0.130108E+02   0.338844E+01   0.682066E+00
0.448150E+01   0.275764E+01   0.129962E+02   0.338855E+01   0.685559E+00
0.451600E+01   0.275765E+01   0.129885E+02   0.338858E+01   0.689039E+00
0.455050E+01   0.275762E+01   0.129699E+02   0.338852E+01   0.692504E+00
0.458500E+01   0.275753E+01   0.129531E+02   0.338837E+01   0.695955E+00
0.461950E+01   0.275739E+01   0.129420E+02   0.338815E+01   0.699392E+00
0.465400E+01   0.275721E+01   0.129311E+02   0.338784E+01   0.702816E+00
0.468850E+01   0.275698E+01   0.129140E+02   0.338746E+01   0.706227E+00
0.472300E+01   0.275670E+01   0.129017E+02   0.338701E+01   0.709624E+00
0.475750E+01   0.275639E+01   0.128917E+02   0.338649E+01   0.713009E+00
0.479200E+01   0.275603E+01   0.128774E+02   0.338590E+01   0.716381E+00
0.482650E+01   0.275564E+01   0.128652E+02   0.338524E+01   0.719739E+00
0.486100E+01   0.275521E+01   0.128527E+02   0.338453E+01   0.723086E+00
0.489550E+01   0.275474E+01   0.128404E+02   0.338375E+01   0.726419E+00
0.493000E+01   0.275424E+01   0.128309E+02   0.338292E+01   0.729741E+00
0.496450E+01   0.275371E+01   0.128180E+02   0.338203E+01   0.733050E+00
0.499900E+01   0.275314E+01   0.127983E+02   0.338109E+01   0.736347E+00
0.503350E+01   0.275254E+01   0.127864E+02   0.338010E+01   0.739633E+00
0.506800E+01   0.275192E+01   0.127753E+02   0.337905E+01   0.742906E+00
0.510250E+01   0.275127E+01   0.127692E+02   0.337796E+01   0.746168E+00
0.513700E+01   0.275059E+01   0.127573E+02   0.337683E+01   0.749418E+00
0.517150E+01   0.274988E+01   0.127376E+02   0.337565E+01   0.752657E+00
0.520600E+01   0.274915E+01   0.127265E+02   0.337443E+01   0.755885E+00
0.524050E+01   0.274840E+01   0.127154E+02   0.337317E+01   0.759101E+00
0.527500E+01   0.274762E+01   0.127096E+02   0.337186E+01   0.762307E+00
0.530950E+01   0.274682E+01   0.126945E+02   0.337052E+01   0.765501E+00
0.534400E+01   0.274600E+01   0.126826E+02   0.336915E+01   0.768685E+00
0.537850E+01   0.274516E+01   0.126765E+02   0.336774E+01   0.771858E+00
0.541300E+01   0.274430E+01   0.126632E+02   0.336629E+01   0.775020E+00
0.544750E+01   0.274342E+01   0.126463E+02   0.336482E+01   0.778172E+00
0.548200E+01   0.274252E+01   0.126339E+02   0.336331E+01   0.781313E+00
0.551650E+01   0.274161E+01   0.126251E+02   0.336177E+01   0.784444E+00
0.555100E+01   0.274067E+01   0.126139E+02   0.336021E+01   0.787565E+00
0.558550E+01   0.273973E+01   0.126008E+02   0.335861E+01   0.790676E+00
0.562000E+01   0.273877E+01   0.125986E+02   0.335700E+01   0.793777E+00
0.565450E+01   0.273779E+01   0.125807E+02   0.335535E+01   0.796867E+00
0.568900E+01   0.273680E+01   0.125703E+02   0.335368E+01   0.799948E+00
0.572350E+01   0.273579E+01   0.125634E+02   0.335199E+01   0.803020E+00
0.575800E+01   0.273477E+01   0.125488E+02   0.335027E+01   0.806082E+00
0.579250E+01   0.273374E+01   0.125417E+02   0.334853E+01   0.809134E+00
0.582700E+01   0.273270E+01   0.125321E+02   0.334678E+01   0.812176E+00
0.586150E+01   0.273165E+01   0.125156E+02   0.334500E+01   0.815210E+00
0.589600E+01   0.273058E+01   0.125056E+02   0.334320E+01   0.818234E+00
0.593050E+01   0.272951E+01   0.125022E+02   0.334138E+01   0.821249E+00
0.596500E+01   0.272843E+01   0.124938E+02   0.333955E+01   0.824255E+00
0.599950E+01   0.272733E+01   0.124756E+02   0.333770E+01   0.827252E+00
0.603400E+01   0.272623E+01   0.124671E+02   0.333583E+01   0.830240E+00
0.606850E+01   0.272512E+01   0.124597E+02   0.333395E+01   0.833219E+00
0.610300E+01   0.272400E+01   0.124482E+02   0.333206E+01   0.836189E+00
0.613750E+01   0.272287E+01   0.124371E+02   0.333015E+01   0.839150E+00
0.617200E+01   0.272173E+01   0.124310E+02   0.332822E+01   0.842103E+00
0.620650E+01   0.272059E+01   0.124208E+02   0.332629E+01   0.845048E+00
0.624100E+01   0.271944E+01   0.124148E+02   0.332434E+01   0.847984E+00
0.627550E+01   0.271828E+01   0.124005E+02   0.332238E+01   0.850911E+00
0.631000E+01   0.271712E+01   0.123924E+02   0.332040E+01   0.853831E+00
0.634450E+01   0.271595E+01   0.123814E+02   0.331842E+01   0.856742E+00
0.637900E+01   0.271477E+01   0.123724E+02   0.331643E+01   0.859644E+00
0.641350E+01   0.271359E+01   0.123622E+02   0.331442E+01   0.862539E+00
0.644800E+01   0.271241E+01   0.123569E+02   0.331241E+01   0.865426E+00
0.648250E+01   0.271122E+01   0.123412E+02   0.331039E+01   0.868304E+00
0.651700E+01   0.271002E+01   0.123417E+02   0.330836E+01   0.871175E+00
0.655150E+01   0.270883E+01   0.123263E+02   0.330632E+01   0.874038E+00
0.658600E+01   0.270762E+01   0.123148E+02   0.330428E+01   0.876893E+00
0.662050E+01   0.270642E+01   0.123102E+02   0.330223E+01   0.879741E+00
0.665500E+01   0.270521E+01   0.123018E+02   0.330017E+01   0.882580E+00
0.668950E+01   0.270399E+01   0.122954E+02   0.329810E+01   0.885413E+00
0.672400E+01   0.270277E+01   0.122811E+02   0.329603E+01   0.888237E+00
0.675850E+01   0.270155E+01   0.122751E+02   0.329396E+01   0.891054E+00
0.679300E+01   0.270033E+01   0.122699E+02   0.329188E+01   0.893864E+00
0.682750E+01   0.269911E+01   0.122552E+02   0.328979E+01   0.896667E+00
0.686200E+01   0.269788E+01   0.122476E+02   0.328770E+01   0.899462E+00
0.689650E+01   0.269665E+01   0.122392E+02   0.328560E+01   0.902250E+00
0.693100E+01   0.269542E+01   0.122275E+02   0.328350E+01   0.905030E+00
0.696550E+01   0.269418E+01   0.122201E+02   0.328140E+01   0.907804E+00
