 0.500000E+00   0.114756E+00   0.336988E+02   0.115372E+00   0.103833E+00
 0.531000E+00   0.124753E+00   0.278978E+02   0.125515E+00   0.110210E+00
 0.562000E+00   0.136212E+00   0.240500E+02   0.137163E+00   0.116576E+00
 0.593000E+00   0.149259E+00   0.213398E+02   0.150448E+00   0.122931E+00
 0.624000E+00   0.164053E+00   0.193729E+02   0.165544E+00   0.129274E+00
 0.655000E+00   0.180677E+00   0.178964E+02   0.182549E+00   0.135605E+00
 0.686000E+00   0.199175E+00   0.167803E+02   0.201519E+00   0.141922E+00
 0.717000E+00   0.219557E+00   0.159236E+02   0.222480E+00   0.148225E+00
 0.748000E+00   0.241801E+00   0.152669E+02   0.245426E+00   0.154512E+00
 0.779000E+00   0.265856E+00   0.147597E+02   0.270321E+00   0.160782E+00
 0.810000E+00   0.291648E+00   0.143619E+02   0.297109E+00   0.167035E+00
 0.841000E+00   0.319085E+00   0.140546E+02   0.325710E+00   0.173270E+00
 0.872000E+00   0.348057E+00   0.138129E+02   0.356027E+00   0.179486E+00
 0.903000E+00   0.378441E+00   0.136257E+02   0.387950E+00   0.185682E+00
 0.934000E+00   0.410106E+00   0.134816E+02   0.421359E+00   0.191858E+00
 0.965000E+00   0.442913E+00   0.133713E+02   0.456125E+00   0.198012E+00
 0.996000E+00   0.476723E+00   0.132904E+02   0.492112E+00   0.204145E+00
 0.102700E+01   0.511392E+00   0.132306E+02   0.529183E+00   0.210255E+00
 0.105800E+01   0.546780E+00   0.131900E+02   0.567199E+00   0.216341E+00
 0.108900E+01   0.582749E+00   0.131637E+02   0.606023E+00   0.222405E+00
 0.112000E+01   0.619165E+00   0.131383E+02   0.645518E+00   0.228444E+00
 0.115100E+01   0.655899E+00   0.131321E+02   0.685554E+00   0.234459E+00
 0.118200E+01   0.692831E+00   0.131239E+02   0.726001E+00   0.240449E+00
 0.121300E+01   0.729844E+00   0.131288E+02   0.766739E+00   0.246414E+00
 0.124400E+01   0.766831E+00   0.131295E+02   0.807652E+00   0.252353E+00
 0.127500E+01   0.803695E+00   0.131396E+02   0.848631E+00   0.258267E+00
 0.130600E+01   0.840343E+00   0.131419E+02   0.889573E+00   0.264154E+00
 0.133700E+01   0.876694E+00   0.131529E+02   0.930385E+00   0.270016E+00
 0.136800E+01   0.912671E+00   0.131623E+02   0.970978E+00   0.275852E+00
 0.139900E+01   0.948209E+00   0.131778E+02   0.101127E+01   0.281661E+00
 0.143000E+01   0.983247E+00   0.131848E+02   0.105120E+01   0.287444E+00
 0.146100E+01   0.101773E+01   0.131945E+02   0.109069E+01   0.293200E+00
 0.149200E+01   0.105162E+01   0.132100E+02   0.112968E+01   0.298930E+00
 0.152300E+01   0.108488E+01   0.132196E+02   0.116813E+01   0.304634E+00
 0.155400E+01   0.111747E+01   0.132201E+02   0.120598E+01   0.310311E+00
 0.158500E+01   0.114936E+01   0.132343E+02   0.124321E+01   0.315962E+00
 0.161600E+01   0.118054E+01   0.132435E+02   0.127976E+01   0.321587E+00
 0.164700E+01   0.121099E+01   0.132462E+02   0.131562E+01   0.327186E+00
 0.167800E+01   0.124069E+01   0.132508E+02   0.135077E+01   0.332759E+00
 0.170900E+01   0.126964E+01   0.132551E+02   0.138517E+01   0.338306E+00
 0.174000E+01   0.129783E+01   0.132618E+02   0.141882E+01   0.343827E+00
 0.177100E+01   0.132526E+01   0.132599E+02   0.145171E+01   0.349323E+00
 0.180200E+01   0.135194E+01   0.132575E+02   0.148382E+01   0.354793E+00
 0.183300E+01   0.137786E+01   0.132645E+02   0.151516E+01   0.360238E+00
 0.186400E+01   0.140303E+01   0.132632E+02   0.154572E+01   0.365659E+00
 0.189500E+01   0.142747E+01   0.132582E+02   0.157550E+01   0.371055E+00
 0.192600E+01   0.145117E+01   0.132572E+02   0.160451E+01   0.376426E+00
 0.195700E+01   0.147416E+01   0.132541E+02   0.163275E+01   0.381773E+00
 0.198800E+01   0.149644E+01   0.132495E+02   0.166022E+01   0.387096E+00
 0.201900E+01   0.151803E+01   0.132450E+02   0.168695E+01   0.392395E+00
 0.205000E+01   0.153894E+01   0.132354E+02   0.171293E+01   0.397671E+00
 0.208100E+01   0.155919E+01   0.132360E+02   0.173817E+01   0.402923E+00
 0.211200E+01   0.157880E+01   0.132260E+02   0.176270E+01   0.408152E+00
 0.214300E+01   0.159777E+01   0.132213E+02   0.178652E+01   0.413359E+00
 0.217400E+01   0.161612E+01   0.132141E+02   0.180965E+01   0.418543E+00
 0.220500E+01   0.163388E+01   0.131979E+02   0.183209E+01   0.423705E+00
 0.223600E+01   0.165105E+01   0.131961E+02   0.185387E+01   0.428845E+00
 0.226700E+01   0.166766E+01   0.131854E+02   0.187501E+01   0.433963E+00
 0.229800E+01   0.168372E+01   0.131731E+02   0.189550E+01   0.439060E+00
 0.232900E+01   0.169925E+01   0.131666E+02   0.191538E+01   0.444135E+00
 0.236000E+01   0.171426E+01   0.131573E+02   0.193465E+01   0.449190E+00
 0.239100E+01   0.172877E+01   0.131475E+02   0.195333E+01   0.454224E+00
 0.242200E+01   0.174279E+01   0.131287E+02   0.197144E+01   0.459237E+00
 0.245300E+01   0.175634E+01   0.131200E+02   0.198900E+01   0.464230E+00
 0.248400E+01   0.176944E+01   0.131076E+02   0.200601E+01   0.469204E+00
 0.251500E+01   0.178210E+01   0.130941E+02   0.202249E+01   0.474157E+00
 0.254600E+01   0.179433E+01   0.130885E+02   0.203846E+01   0.479091E+00
 0.257700E+01   0.180614E+01   0.130681E+02   0.205393E+01   0.484006E+00
 0.260800E+01   0.181756E+01   0.130623E+02   0.206891E+01   0.488902E+00
 0.263900E+01   0.182860E+01   0.130510E+02   0.208343E+01   0.493779E+00
 0.267000E+01   0.183926E+01   0.130373E+02   0.209749E+01   0.498638E+00
 0.270100E+01   0.184956E+01   0.130241E+02   0.211111E+01   0.503479E+00
 0.273200E+01   0.185951E+01   0.130057E+02   0.212430E+01   0.508301E+00
 0.276300E+01   0.186912E+01   0.129924E+02   0.213707E+01   0.513106E+00
 0.279400E+01   0.187841E+01   0.129786E+02   0.214944E+01   0.517893E+00
 0.282500E+01   0.188739E+01   0.129636E+02   0.216141E+01   0.522663E+00
 0.285600E+01   0.189606E+01   0.129543E+02   0.217301E+01   0.527416E+00
 0.288700E+01   0.190444E+01   0.129436E+02   0.218424E+01   0.532152E+00
 0.291800E+01   0.191254E+01   0.129278E+02   0.219511E+01   0.536871E+00
 0.294900E+01   0.192036E+01   0.129068E+02   0.220563E+01   0.541573E+00
 0.298000E+01   0.192792E+01   0.128980E+02   0.221582E+01   0.546260E+00
 0.301100E+01   0.193522E+01   0.128887E+02   0.222569E+01   0.550930E+00
 0.304200E+01   0.194228E+01   0.128728E+02   0.223524E+01   0.555584E+00
 0.307300E+01   0.194910E+01   0.128562E+02   0.224448E+01   0.560223E+00
 0.310400E+01   0.195569E+01   0.128430E+02   0.225343E+01   0.564846E+00
 0.313500E+01   0.196205E+01   0.128280E+02   0.226209E+01   0.569454E+00
 0.316600E+01   0.196820E+01   0.128124E+02   0.227047E+01   0.574047E+00
 0.319700E+01   0.197414E+01   0.128045E+02   0.227859E+01   0.578625E+00
 0.322800E+01   0.197988E+01   0.127914E+02   0.228644E+01   0.583188E+00
 0.325900E+01   0.198543E+01   0.127751E+02   0.229404E+01   0.587737E+00
 0.329000E+01   0.199079E+01   0.127578E+02   0.230139E+01   0.592271E+00
 0.332100E+01   0.199597E+01   0.127447E+02   0.230851E+01   0.596791E+00
 0.335200E+01   0.200097E+01   0.127309E+02   0.231539E+01   0.601297E+00
 0.338300E+01   0.200580E+01   0.127141E+02   0.232206E+01   0.605789E+00
 0.341400E+01   0.201047E+01   0.127013E+02   0.232850E+01   0.610267E+00
 0.344500E+01   0.201498E+01   0.126850E+02   0.233474E+01   0.614732E+00
 0.347600E+01   0.201934E+01   0.126712E+02   0.234077E+01   0.619184E+00
 0.350700E+01   0.202354E+01   0.126574E+02   0.234660E+01   0.623622E+00
 0.353800E+01   0.202761E+01   0.126451E+02   0.235225E+01   0.628047E+00
 0.356900E+01   0.203153E+01   0.126353E+02   0.235771E+01   0.632459E+00
 0.360000E+01   0.203532E+01   0.126258E+02   0.236298E+01   0.636858E+00
 0.363100E+01   0.203898E+01   0.126031E+02   0.236809E+01   0.641245E+00
 0.366200E+01   0.204251E+01   0.125968E+02   0.237302E+01   0.645619E+00
 0.369300E+01   0.204592E+01   0.125817E+02   0.237779E+01   0.649981E+00
 0.372400E+01   0.204922E+01   0.125656E+02   0.238240E+01   0.654330E+00
 0.375500E+01   0.205240E+01   0.125520E+02   0.238685E+01   0.658668E+00
 0.378600E+01   0.205546E+01   0.125424E+02   0.239116E+01   0.662993E+00
 0.381700E+01   0.205842E+01   0.125262E+02   0.239531E+01   0.667307E+00
 0.384800E+01   0.206128E+01   0.125156E+02   0.239933E+01   0.671609E+00
 0.387900E+01   0.206404E+01   0.125019E+02   0.240321E+01   0.675900E+00
 0.391000E+01   0.206669E+01   0.124854E+02   0.240696E+01   0.680179E+00
 0.394100E+01   0.206926E+01   0.124760E+02   0.241057E+01   0.684446E+00
 0.397200E+01   0.207173E+01   0.124651E+02   0.241407E+01   0.688703E+00
 0.400300E+01   0.207411E+01   0.124547E+02   0.241744E+01   0.692948E+00
 0.403400E+01   0.207641E+01   0.124390E+02   0.242069E+01   0.697183E+00
 0.406500E+01   0.207862E+01   0.124278E+02   0.242382E+01   0.701406E+00
 0.409600E+01   0.208076E+01   0.124154E+02   0.242685E+01   0.705619E+00
 0.412700E+01   0.208281E+01   0.123995E+02   0.242976E+01   0.709821E+00
 0.415800E+01   0.208479E+01   0.123837E+02   0.243257E+01   0.714013E+00
 0.418900E+01   0.208669E+01   0.123791E+02   0.243528E+01   0.718194E+00
 0.422000E+01   0.208852E+01   0.123681E+02   0.243789E+01   0.722365E+00
 0.425100E+01   0.209028E+01   0.123472E+02   0.244040E+01   0.726526E+00
 0.428200E+01   0.209198E+01   0.123389E+02   0.244282E+01   0.730677E+00
 0.431300E+01   0.209361E+01   0.123287E+02   0.244515E+01   0.734818E+00
 0.434400E+01   0.209518E+01   0.123104E+02   0.244739E+01   0.738949E+00
 0.437500E+01   0.209668E+01   0.123029E+02   0.244954E+01   0.743070E+00
 0.440600E+01   0.209812E+01   0.122905E+02   0.245160E+01   0.747181E+00
 0.443700E+01   0.209951E+01   0.122805E+02   0.245359E+01   0.751283E+00
 0.446800E+01   0.210084E+01   0.122682E+02   0.245550E+01   0.755375E+00
 0.449900E+01   0.210212E+01   0.122567E+02   0.245733E+01   0.759458E+00
 0.453000E+01   0.210334E+01   0.122400E+02   0.245908E+01   0.763531E+00
 0.456100E+01   0.210451E+01   0.122349E+02   0.246076E+01   0.767596E+00
 0.459200E+01   0.210563E+01   0.122211E+02   0.246237E+01   0.771651E+00
 0.462300E+01   0.210670E+01   0.122104E+02   0.246392E+01   0.775697E+00
 0.465400E+01   0.210772E+01   0.121946E+02   0.246539E+01   0.779734E+00
 0.468500E+01   0.210870E+01   0.121900E+02   0.246680E+01   0.783762E+00
 0.471600E+01   0.210963E+01   0.121792E+02   0.246815E+01   0.787782E+00
 0.474700E+01   0.211052E+01   0.121698E+02   0.246943E+01   0.791792E+00
 0.477800E+01   0.211137E+01   0.121500E+02   0.247066E+01   0.795794E+00
 0.480900E+01   0.211218E+01   0.121431E+02   0.247182E+01   0.799788E+00
 0.484000E+01   0.211294E+01   0.121330E+02   0.247293E+01   0.803773E+00
 0.487100E+01   0.211367E+01   0.121268E+02   0.247398E+01   0.807749E+00
 0.490200E+01   0.211436E+01   0.121107E+02   0.247498E+01   0.811717E+00
 0.493300E+01   0.211501E+01   0.121025E+02   0.247593E+01   0.815677E+00
 0.496400E+01   0.211563E+01   0.120870E+02   0.247682E+01   0.819629E+00
 0.499500E+01   0.211621E+01   0.120779E+02   0.247767E+01   0.823572E+00
 0.502600E+01   0.211676E+01   0.120707E+02   0.247847E+01   0.827508E+00
 0.505700E+01   0.211728E+01   0.120619E+02   0.247922E+01   0.831436E+00
 0.508800E+01   0.211776E+01   0.120469E+02   0.247992E+01   0.835355E+00
 0.511900E+01   0.211821E+01   0.120379E+02   0.248058E+01   0.839267E+00
 0.515000E+01   0.211864E+01   0.120316E+02   0.248120E+01   0.843171E+00
 0.518100E+01   0.211903E+01   0.120176E+02   0.248177E+01   0.847067E+00
 0.521200E+01   0.211940E+01   0.120121E+02   0.248230E+01   0.850956E+00
 0.524300E+01   0.211973E+01   0.119967E+02   0.248279E+01   0.854837E+00
 0.527400E+01   0.212004E+01   0.119870E+02   0.248324E+01   0.858711E+00
 0.530500E+01   0.212033E+01   0.119811E+02   0.248366E+01   0.862577E+00
 0.533600E+01   0.212058E+01   0.119690E+02   0.248404E+01   0.866436E+00
 0.536700E+01   0.212082E+01   0.119590E+02   0.248438E+01   0.870287E+00
 0.539800E+01   0.212103E+01   0.119498E+02   0.248468E+01   0.874131E+00
 0.542900E+01   0.212121E+01   0.119386E+02   0.248495E+01   0.877968E+00
 0.546000E+01   0.212137E+01   0.119318E+02   0.248519E+01   0.881798E+00
 0.549100E+01   0.212151E+01   0.119169E+02   0.248539E+01   0.885621E+00
 0.552200E+01   0.212163E+01   0.119059E+02   0.248557E+01   0.889436E+00
 0.555300E+01   0.212173E+01   0.118980E+02   0.248571E+01   0.893245E+00
 0.558400E+01   0.212180E+01   0.118930E+02   0.248582E+01   0.897047E+00
 0.561500E+01   0.212186E+01   0.118778E+02   0.248590E+01   0.900841E+00
 0.564600E+01   0.212189E+01   0.118752E+02   0.248595E+01   0.904630E+00
 0.567700E+01   0.212191E+01   0.118668E+02   0.248598E+01   0.908411E+00
 0.570800E+01   0.212191E+01   0.118491E+02   0.248598E+01   0.912185E+00
 0.573900E+01   0.212189E+01   0.118434E+02   0.248595E+01   0.915953E+00
 0.577000E+01   0.212185E+01   0.118372E+02   0.248589E+01   0.919715E+00
 0.580100E+01   0.212180E+01   0.118315E+02   0.248581E+01   0.923469E+00
 0.583200E+01   0.212173E+01   0.118141E+02   0.248571E+01   0.927218E+00
 0.586300E+01   0.212164E+01   0.118051E+02   0.248558E+01   0.930959E+00
 0.589400E+01   0.212154E+01   0.118013E+02   0.248543E+01   0.934695E+00
 0.592500E+01   0.212142E+01   0.117902E+02   0.248525E+01   0.938424E+00
 0.595600E+01   0.212128E+01   0.117797E+02   0.248506E+01   0.942147E+00
 0.598700E+01   0.212113E+01   0.117713E+02   0.248484E+01   0.945863E+00
 0.601800E+01   0.212097E+01   0.117664E+02   0.248460E+01   0.949573E+00
 0.604900E+01   0.212079E+01   0.117549E+02   0.248434E+01   0.953277E+00
 0.608000E+01   0.212060E+01   0.117438E+02   0.248406E+01   0.956975E+00
 0.611100E+01   0.212040E+01   0.117440E+02   0.248375E+01   0.960667E+00
 0.614200E+01   0.212018E+01   0.117350E+02   0.248344E+01   0.964353E+00
 0.617300E+01   0.211995E+01   0.117229E+02   0.248310E+01   0.968033E+00
 0.620400E+01   0.211971E+01   0.117165E+02   0.248274E+01   0.971706E+00
 0.623500E+01   0.211946E+01   0.117070E+02   0.248237E+01   0.975374E+00
 0.626600E+01   0.211919E+01   0.116948E+02   0.248197E+01   0.979036E+00
 0.629700E+01   0.211892E+01   0.116859E+02   0.248157E+01   0.982693E+00
 0.632800E+01   0.211863E+01   0.116854E+02   0.248114E+01   0.986343E+00
 0.635900E+01   0.211833E+01   0.116738E+02   0.248070E+01   0.989988E+00
 0.639000E+01   0.211802E+01   0.116678E+02   0.248024E+01   0.993627E+00
 0.642100E+01   0.211770E+01   0.116595E+02   0.247977E+01   0.997260E+00
