 0.500000E+00   0.246713E+00   0.178337E+02   0.250625E+00   0.103852E+00
 0.531000E+00   0.275831E+00   0.171305E+02   0.280756E+00   0.110173E+00
 0.562000E+00   0.304455E+00   0.166337E+02   0.310477E+00   0.116476E+00
 0.593000E+00   0.332717E+00   0.162715E+02   0.339923E+00   0.122760E+00
 0.624000E+00   0.360835E+00   0.159950E+02   0.369317E+00   0.129028E+00
 0.655000E+00   0.388874E+00   0.157663E+02   0.398725E+00   0.135277E+00
 0.686000E+00   0.416874E+00   0.155863E+02   0.428192E+00   0.141508E+00
 0.717000E+00   0.444871E+00   0.154367E+02   0.457753E+00   0.147721E+00
 0.748000E+00   0.472896E+00   0.153168E+02   0.487442E+00   0.153915E+00
 0.779000E+00   0.500975E+00   0.152077E+02   0.517289E+00   0.160091E+00
 0.810000E+00   0.529131E+00   0.151194E+02   0.547318E+00   0.166247E+00
 0.841000E+00   0.557383E+00   0.150338E+02   0.577552E+00   0.172384E+00
 0.872000E+00   0.585744E+00   0.149674E+02   0.608008E+00   0.178502E+00
 0.903000E+00   0.614225E+00   0.148958E+02   0.638698E+00   0.184599E+00
 0.934000E+00   0.642829E+00   0.148443E+02   0.669628E+00   0.190677E+00
 0.965000E+00   0.671554E+00   0.147896E+02   0.700799E+00   0.196733E+00
 0.996000E+00   0.700393E+00   0.147401E+02   0.732207E+00   0.202769E+00
 0.102700E+01   0.729336E+00   0.146973E+02   0.763841E+00   0.208784E+00
 0.105800E+01   0.758366E+00   0.146599E+02   0.795686E+00   0.214778E+00
 0.108900E+01   0.787460E+00   0.146238E+02   0.827720E+00   0.220749E+00
 0.112000E+01   0.816595E+00   0.145933E+02   0.859918E+00   0.226699E+00
 0.115100E+01   0.845742E+00   0.145533E+02   0.892250E+00   0.232626E+00
 0.118200E+01   0.874869E+00   0.145251E+02   0.924682E+00   0.238531E+00
 0.121300E+01   0.903942E+00   0.145001E+02   0.957179E+00   0.244413E+00
 0.124400E+01   0.932926E+00   0.144720E+02   0.989699E+00   0.250272E+00
 0.127500E+01   0.961783E+00   0.144420E+02   0.102220E+01   0.256108E+00
 0.130600E+01   0.990477E+00   0.144154E+02   0.105465E+01   0.261921E+00
 0.133700E+01   0.101897E+01   0.143973E+02   0.108699E+01   0.267710E+00
 0.136800E+01   0.104723E+01   0.143682E+02   0.111919E+01   0.273475E+00
 0.139900E+01   0.107521E+01   0.143515E+02   0.115120E+01   0.279217E+00
 0.143000E+01   0.110288E+01   0.143315E+02   0.118299E+01   0.284935E+00
 0.146100E+01   0.113021E+01   0.143018E+02   0.121450E+01   0.290629E+00
 0.149200E+01   0.115718E+01   0.142859E+02   0.124571E+01   0.296299E+00
 0.152300E+01   0.118374E+01   0.142580E+02   0.127657E+01   0.301945E+00
 0.155400E+01   0.120988E+01   0.142407E+02   0.130706E+01   0.307567E+00
 0.158500E+01   0.123557E+01   0.142218E+02   0.133714E+01   0.313165E+00
 0.161600E+01   0.126079E+01   0.141993E+02   0.136678E+01   0.318739E+00
 0.164700E+01   0.128552E+01   0.141755E+02   0.139596E+01   0.324290E+00
 0.167800E+01   0.130975E+01   0.141541E+02   0.142466E+01   0.329816E+00
 0.170900E+01   0.133347E+01   0.141419E+02   0.145285E+01   0.335319E+00
 0.174000E+01   0.135666E+01   0.141199E+02   0.148051E+01   0.340798E+00
 0.177100E+01   0.137932E+01   0.141008E+02   0.150764E+01   0.346254E+00
 0.180200E+01   0.140144E+01   0.140789E+02   0.153422E+01   0.351687E+00
 0.183300E+01   0.142301E+01   0.140615E+02   0.156023E+01   0.357096E+00
 0.186400E+01   0.144404E+01   0.140320E+02   0.158568E+01   0.362483E+00
 0.189500E+01   0.146453E+01   0.140171E+02   0.161056E+01   0.367846E+00
 0.192600E+01   0.148447E+01   0.139999E+02   0.163486E+01   0.373187E+00
 0.195700E+01   0.150388E+01   0.139747E+02   0.165858E+01   0.378506E+00
 0.198800E+01   0.152274E+01   0.139515E+02   0.168172E+01   0.383802E+00
 0.201900E+01   0.154108E+01   0.139385E+02   0.170429E+01   0.389076E+00
 0.205000E+01   0.155890E+01   0.139110E+02   0.172628E+01   0.394329E+00
 0.208100E+01   0.157620E+01   0.138942E+02   0.174770E+01   0.399559E+00
 0.211200E+01   0.159299E+01   0.138782E+02   0.176856E+01   0.404769E+00
 0.214300E+01   0.160929E+01   0.138503E+02   0.178886E+01   0.409957E+00
 0.217400E+01   0.162509E+01   0.138353E+02   0.180862E+01   0.415124E+00
 0.220500E+01   0.164042E+01   0.138098E+02   0.182783E+01   0.420270E+00
 0.223600E+01   0.165528E+01   0.137915E+02   0.184651E+01   0.425396E+00
 0.226700E+01   0.166968E+01   0.137758E+02   0.186466E+01   0.430502E+00
 0.229800E+01   0.168364E+01   0.137514E+02   0.188230E+01   0.435587E+00
 0.232900E+01   0.169716E+01   0.137323E+02   0.189944E+01   0.440653E+00
 0.236000E+01   0.171026E+01   0.137138E+02   0.191608E+01   0.445699E+00
 0.239100E+01   0.172294E+01   0.136903E+02   0.193224E+01   0.450725E+00
 0.242200E+01   0.173522E+01   0.136686E+02   0.194793E+01   0.455733E+00
 0.245300E+01   0.174711E+01   0.136492E+02   0.196316E+01   0.460721E+00
 0.248400E+01   0.175862E+01   0.136287E+02   0.197794E+01   0.465691E+00
 0.251500E+01   0.176976E+01   0.136072E+02   0.199228E+01   0.470643E+00
 0.254600E+01   0.178054E+01   0.135896E+02   0.200619E+01   0.475576E+00
 0.257700E+01   0.179098E+01   0.135674E+02   0.201968E+01   0.480491E+00
 0.260800E+01   0.180107E+01   0.135461E+02   0.203276E+01   0.485388E+00
 0.263900E+01   0.181084E+01   0.135269E+02   0.204546E+01   0.490268E+00
 0.267000E+01   0.182029E+01   0.135080E+02   0.205776E+01   0.495131E+00
 0.270100E+01   0.182944E+01   0.134903E+02   0.206969E+01   0.499976E+00
 0.273200E+01   0.183829E+01   0.134695E+02   0.208126E+01   0.504804E+00
 0.276300E+01   0.184684E+01   0.134522E+02   0.209247E+01   0.509616E+00
 0.279400E+01   0.185512E+01   0.134278E+02   0.210334E+01   0.514411E+00
 0.282500E+01   0.186313E+01   0.134162E+02   0.211387E+01   0.519189E+00
 0.285600E+01   0.187087E+01   0.133940E+02   0.212408E+01   0.523952E+00
 0.288700E+01   0.187837E+01   0.133745E+02   0.213398E+01   0.528699E+00
 0.291800E+01   0.188561E+01   0.133539E+02   0.214356E+01   0.533429E+00
 0.294900E+01   0.189262E+01   0.133396E+02   0.215285E+01   0.538145E+00
 0.298000E+01   0.189940E+01   0.133208E+02   0.216185E+01   0.542845E+00
 0.301100E+01   0.190595E+01   0.133016E+02   0.217057E+01   0.547529E+00
 0.304200E+01   0.191229E+01   0.132839E+02   0.217902E+01   0.552199E+00
 0.307300E+01   0.191842E+01   0.132609E+02   0.218720E+01   0.556854E+00
 0.310400E+01   0.192434E+01   0.132452E+02   0.219512E+01   0.561495E+00
 0.313500E+01   0.193008E+01   0.132323E+02   0.220280E+01   0.566121E+00
 0.316600E+01   0.193562E+01   0.132093E+02   0.221024E+01   0.570732E+00
 0.319700E+01   0.194098E+01   0.131964E+02   0.221744E+01   0.575330E+00
 0.322800E+01   0.194616E+01   0.131728E+02   0.222441E+01   0.579913E+00
 0.325900E+01   0.195117E+01   0.131541E+02   0.223116E+01   0.584483E+00
 0.329000E+01   0.195601E+01   0.131439E+02   0.223770E+01   0.589039E+00
 0.332100E+01   0.196069E+01   0.131214E+02   0.224403E+01   0.593582E+00
 0.335200E+01   0.196521E+01   0.131053E+02   0.225015E+01   0.598112E+00
 0.338300E+01   0.196959E+01   0.130932E+02   0.225608E+01   0.602628E+00
 0.341400E+01   0.197382E+01   0.130754E+02   0.226182E+01   0.607131E+00
 0.344500E+01   0.197790E+01   0.130505E+02   0.226738E+01   0.611622E+00
 0.347600E+01   0.198185E+01   0.130425E+02   0.227276E+01   0.616099E+00
 0.350700E+01   0.198567E+01   0.130259E+02   0.227796E+01   0.620564E+00
 0.353800E+01   0.198936E+01   0.130025E+02   0.228299E+01   0.625017E+00
 0.356900E+01   0.199292E+01   0.129935E+02   0.228786E+01   0.629458E+00
 0.360000E+01   0.199637E+01   0.129717E+02   0.229257E+01   0.633886E+00
 0.363100E+01   0.199969E+01   0.129616E+02   0.229713E+01   0.638302E+00
 0.366200E+01   0.200290E+01   0.129380E+02   0.230154E+01   0.642707E+00
 0.369300E+01   0.200601E+01   0.129248E+02   0.230580E+01   0.647100E+00
 0.372400E+01   0.200900E+01   0.129120E+02   0.230992E+01   0.651481E+00
 0.375500E+01   0.201190E+01   0.128937E+02   0.231390E+01   0.655850E+00
 0.378600E+01   0.201469E+01   0.128757E+02   0.231775E+01   0.660209E+00
 0.381700E+01   0.201738E+01   0.128606E+02   0.232147E+01   0.664556E+00
 0.384800E+01   0.201999E+01   0.128510E+02   0.232506E+01   0.668891E+00
 0.387900E+01   0.202250E+01   0.128305E+02   0.232853E+01   0.673216E+00
 0.391000E+01   0.202492E+01   0.128151E+02   0.233188E+01   0.677530E+00
 0.394100E+01   0.202726E+01   0.128060E+02   0.233512E+01   0.681834E+00
 0.397200E+01   0.202951E+01   0.127894E+02   0.233824E+01   0.686126E+00
 0.400300E+01   0.203168E+01   0.127698E+02   0.234126E+01   0.690408E+00
 0.403400E+01   0.203378E+01   0.127593E+02   0.234417E+01   0.694680E+00
 0.406500E+01   0.203579E+01   0.127444E+02   0.234697E+01   0.698941E+00
 0.409600E+01   0.203774E+01   0.127312E+02   0.234968E+01   0.703192E+00
 0.412700E+01   0.203961E+01   0.127148E+02   0.235229E+01   0.707433E+00
 0.415800E+01   0.204141E+01   0.126988E+02   0.235481E+01   0.711664E+00
 0.418900E+01   0.204315E+01   0.126857E+02   0.235723E+01   0.715885E+00
 0.422000E+01   0.204482E+01   0.126711E+02   0.235956E+01   0.720096E+00
 0.425100E+01   0.204643E+01   0.126583E+02   0.236181E+01   0.724297E+00
 0.428200E+01   0.204797E+01   0.126445E+02   0.236397E+01   0.728489E+00
 0.431300E+01   0.204946E+01   0.126350E+02   0.236605E+01   0.732671E+00
 0.434400E+01   0.205089E+01   0.126150E+02   0.236805E+01   0.736844E+00
 0.437500E+01   0.205226E+01   0.126095E+02   0.236998E+01   0.741007E+00
 0.440600E+01   0.205357E+01   0.125930E+02   0.237182E+01   0.745161E+00
 0.443700E+01   0.205484E+01   0.125795E+02   0.237360E+01   0.749306E+00
 0.446800E+01   0.205605E+01   0.125624E+02   0.237530E+01   0.753442E+00
 0.449900E+01   0.205721E+01   0.125495E+02   0.237693E+01   0.757569E+00
 0.453000E+01   0.205832E+01   0.125358E+02   0.237850E+01   0.761687E+00
 0.456100E+01   0.205938E+01   0.125254E+02   0.238000E+01   0.765796E+00
 0.459200E+01   0.206040E+01   0.125112E+02   0.238143E+01   0.769896E+00
 0.462300E+01   0.206137E+01   0.125050E+02   0.238280E+01   0.773988E+00
 0.465400E+01   0.206230E+01   0.124874E+02   0.238412E+01   0.778071E+00
 0.468500E+01   0.206319E+01   0.124766E+02   0.238537E+01   0.782146E+00
 0.471600E+01   0.206403E+01   0.124647E+02   0.238656E+01   0.786212E+00
 0.474700E+01   0.206484E+01   0.124465E+02   0.238770E+01   0.790270E+00
 0.477800E+01   0.206560E+01   0.124363E+02   0.238879E+01   0.794319E+00
 0.480900E+01   0.206633E+01   0.124229E+02   0.238982E+01   0.798360E+00
 0.484000E+01   0.206702E+01   0.124105E+02   0.239080E+01   0.802393E+00
 0.487100E+01   0.206767E+01   0.124076E+02   0.239173E+01   0.806419E+00
 0.490200E+01   0.206829E+01   0.123890E+02   0.239261E+01   0.810436E+00
 0.493300E+01   0.206888E+01   0.123755E+02   0.239344E+01   0.814445E+00
 0.496400E+01   0.206943E+01   0.123706E+02   0.239423E+01   0.818446E+00
 0.499500E+01   0.206995E+01   0.123539E+02   0.239497E+01   0.822439E+00
 0.502600E+01   0.207044E+01   0.123465E+02   0.239566E+01   0.826425E+00
 0.505700E+01   0.207090E+01   0.123338E+02   0.239632E+01   0.830403E+00
 0.508800E+01   0.207133E+01   0.123182E+02   0.239693E+01   0.834374E+00
 0.511900E+01   0.207173E+01   0.123087E+02   0.239750E+01   0.838337E+00
 0.515000E+01   0.207210E+01   0.123003E+02   0.239803E+01   0.842292E+00
 0.518100E+01   0.207245E+01   0.122874E+02   0.239852E+01   0.846240E+00
 0.521200E+01   0.207277E+01   0.122807E+02   0.239898E+01   0.850181E+00
 0.524300E+01   0.207306E+01   0.122613E+02   0.239940E+01   0.854115E+00
 0.527400E+01   0.207333E+01   0.122507E+02   0.239978E+01   0.858041E+00
 0.530500E+01   0.207357E+01   0.122447E+02   0.240012E+01   0.861960E+00
 0.533600E+01   0.207379E+01   0.122290E+02   0.240044E+01   0.865872E+00
 0.536700E+01   0.207398E+01   0.122259E+02   0.240072E+01   0.869777E+00
 0.539800E+01   0.207416E+01   0.122116E+02   0.240096E+01   0.873675E+00
 0.542900E+01   0.207431E+01   0.122026E+02   0.240118E+01   0.877566E+00
 0.546000E+01   0.207443E+01   0.121951E+02   0.240137E+01   0.881450E+00
 0.549100E+01   0.207454E+01   0.121779E+02   0.240152E+01   0.885327E+00
 0.552200E+01   0.207463E+01   0.121694E+02   0.240165E+01   0.889197E+00
 0.555300E+01   0.207470E+01   0.121597E+02   0.240174E+01   0.893061E+00
 0.558400E+01   0.207475E+01   0.121543E+02   0.240181E+01   0.896918E+00
 0.561500E+01   0.207478E+01   0.121431E+02   0.240185E+01   0.900769E+00
 0.564600E+01   0.207479E+01   0.121252E+02   0.240187E+01   0.904612E+00
 0.567700E+01   0.207478E+01   0.121178E+02   0.240186E+01   0.908450E+00
 0.570800E+01   0.207476E+01   0.121127E+02   0.240183E+01   0.912281E+00
 0.573900E+01   0.207471E+01   0.121039E+02   0.240177E+01   0.916105E+00
 0.577000E+01   0.207466E+01   0.120880E+02   0.240168E+01   0.919923E+00
 0.580100E+01   0.207458E+01   0.120767E+02   0.240158E+01   0.923735E+00
 0.583200E+01   0.207449E+01   0.120682E+02   0.240145E+01   0.927540E+00
 0.586300E+01   0.207439E+01   0.120582E+02   0.240130E+01   0.931340E+00
 0.589400E+01   0.207427E+01   0.120468E+02   0.240112E+01   0.935133E+00
 0.592500E+01   0.207413E+01   0.120387E+02   0.240093E+01   0.938920E+00
 0.595600E+01   0.207398E+01   0.120347E+02   0.240072E+01   0.942700E+00
 0.598700E+01   0.207382E+01   0.120193E+02   0.240048E+01   0.946475E+00
 0.601800E+01   0.207364E+01   0.120087E+02   0.240023E+01   0.950244E+00
 0.604900E+01   0.207345E+01   0.120078E+02   0.239995E+01   0.954007E+00
 0.608000E+01   0.207325E+01   0.119991E+02   0.239966E+01   0.957764E+00
 0.611100E+01   0.207304E+01   0.119859E+02   0.239935E+01   0.961515E+00
 0.614200E+01   0.207281E+01   0.119746E+02   0.239902E+01   0.965260E+00
 0.617300E+01   0.207257E+01   0.119682E+02   0.239868E+01   0.968999E+00
 0.620400E+01   0.207232E+01   0.119547E+02   0.239832E+01   0.972733E+00
 0.623500E+01   0.207206E+01   0.119520E+02   0.239794E+01   0.976461E+00
 0.626600E+01   0.207179E+01   0.119382E+02   0.239755E+01   0.980183E+00
 0.629700E+01   0.207151E+01   0.119340E+02   0.239714E+01   0.983899E+00
 0.632800E+01   0.207121E+01   0.119233E+02   0.239671E+01   0.987610E+00
 0.635900E+01   0.207091E+01   0.119136E+02   0.239627E+01   0.991316E+00
 0.639000E+01   0.207060E+01   0.119080E+02   0.239582E+01   0.995016E+00
 0.642100E+01   0.207027E+01   0.118997E+02   0.239535E+01   0.998710E+00
