 0.500000E+00   0.879287E-01   0.101173E+03   0.882358E-01   0.103813E+00
 0.531000E+00   0.826379E-01   0.895604E+02   0.828865E-01   0.110217E+00
 0.562000E+00   0.807696E-01   0.593140E+02   0.809834E-01   0.116613E+00
 0.593000E+00   0.857987E-01   0.407404E+02   0.860418E-01   0.122999E+00
 0.624000E+00   0.956813E-01   0.381196E+02   0.960151E-01   0.129374E+00
 0.655000E+00   0.109282E+00   0.262942E+02   0.109777E+00   0.135736E+00
 0.686000E+00   0.125991E+00   0.207821E+02   0.126730E+00   0.142085E+00
 0.717000E+00   0.145389E+00   0.177810E+02   0.146474E+00   0.148420E+00
 0.748000E+00   0.167167E+00   0.159760E+02   0.168714E+00   0.154739E+00
 0.779000E+00   0.191073E+00   0.148378E+02   0.193216E+00   0.161043E+00
 0.810000E+00   0.216893E+00   0.140734E+02   0.219781E+00   0.167328E+00
 0.841000E+00   0.244433E+00   0.135493E+02   0.248228E+00   0.173596E+00
 0.872000E+00   0.273517E+00   0.131850E+02   0.278396E+00   0.179846E+00
 0.903000E+00   0.303978E+00   0.129337E+02   0.310127E+00   0.186076E+00
 0.934000E+00   0.335659E+00   0.127632E+02   0.343276E+00   0.192286E+00
 0.965000E+00   0.368410E+00   0.126347E+02   0.377700E+00   0.198475E+00
 0.996000E+00   0.402086E+00   0.125526E+02   0.413259E+00   0.204642E+00
 0.102700E+01   0.436548E+00   0.125010E+02   0.449821E+00   0.210788E+00
 0.105800E+01   0.471664E+00   0.124675E+02   0.487253E+00   0.216912E+00
 0.108900E+01   0.507304E+00   0.124525E+02   0.525429E+00   0.223013E+00
 0.112000E+01   0.543348E+00   0.124539E+02   0.564225E+00   0.229091E+00
 0.115100E+01   0.579678E+00   0.124603E+02   0.603522E+00   0.235145E+00
 0.118200E+01   0.616183E+00   0.124668E+02   0.643204E+00   0.241175E+00
 0.121300E+01   0.652759E+00   0.124846E+02   0.683161E+00   0.247181E+00
 0.124400E+01   0.689308E+00   0.125102E+02   0.723287E+00   0.253162E+00
 0.127500E+01   0.725738E+00   0.125266E+02   0.763483E+00   0.259118E+00
 0.130600E+01   0.761965E+00   0.125544E+02   0.803653E+00   0.265050E+00
 0.133700E+01   0.797910E+00   0.125790E+02   0.843709E+00   0.270956E+00
 0.136800E+01   0.833503E+00   0.125985E+02   0.883568E+00   0.276837E+00
 0.139900E+01   0.868678E+00   0.126218E+02   0.923153E+00   0.282693E+00
 0.143000E+01   0.903379E+00   0.126484E+02   0.962395E+00   0.288523E+00
 0.146100E+01   0.937553E+00   0.126695E+02   0.100123E+01   0.294327E+00
 0.149200E+01   0.971156E+00   0.126913E+02   0.103960E+01   0.300106E+00
 0.152300E+01   0.100415E+01   0.127108E+02   0.107745E+01   0.305860E+00
 0.155400E+01   0.103650E+01   0.127340E+02   0.111474E+01   0.311588E+00
 0.158500E+01   0.106818E+01   0.127504E+02   0.115143E+01   0.317290E+00
 0.161600E+01   0.109916E+01   0.127714E+02   0.118747E+01   0.322967E+00
 0.164700E+01   0.112943E+01   0.127842E+02   0.122285E+01   0.328619E+00
 0.167800E+01   0.115898E+01   0.128013E+02   0.125754E+01   0.334246E+00
 0.170900E+01   0.118779E+01   0.128106E+02   0.129151E+01   0.339848E+00
 0.174000E+01   0.121586E+01   0.128239E+02   0.132475E+01   0.345425E+00
 0.177100E+01   0.124318E+01   0.128284E+02   0.135724E+01   0.350977E+00
 0.180200E+01   0.126976E+01   0.128408E+02   0.138899E+01   0.356505E+00
 0.183300E+01   0.129561E+01   0.128484E+02   0.141998E+01   0.362008E+00
 0.186400E+01   0.132071E+01   0.128497E+02   0.145021E+01   0.367487E+00
 0.189500E+01   0.134509E+01   0.128566E+02   0.147968E+01   0.372943E+00
 0.192600E+01   0.136874E+01   0.128578E+02   0.150839E+01   0.378375E+00
 0.195700E+01   0.139169E+01   0.128659E+02   0.153634E+01   0.383783E+00
 0.198800E+01   0.141394E+01   0.128639E+02   0.156355E+01   0.389168E+00
 0.201900E+01   0.143551E+01   0.128619E+02   0.159002E+01   0.394530E+00
 0.205000E+01   0.145640E+01   0.128697E+02   0.161576E+01   0.399869E+00
 0.208100E+01   0.147664E+01   0.128661E+02   0.164079E+01   0.405186E+00
 0.211200E+01   0.149624E+01   0.128630E+02   0.166510E+01   0.410480E+00
 0.214300E+01   0.151521E+01   0.128622E+02   0.168872E+01   0.415753E+00
 0.217400E+01   0.153358E+01   0.128569E+02   0.171166E+01   0.421004E+00
 0.220500E+01   0.155135E+01   0.128563E+02   0.173392E+01   0.426233E+00
 0.223600E+01   0.156854E+01   0.128517E+02   0.175554E+01   0.431441E+00
 0.226700E+01   0.158517E+01   0.128420E+02   0.177651E+01   0.436628E+00
 0.229800E+01   0.160126E+01   0.128391E+02   0.179687E+01   0.441794E+00
 0.232900E+01   0.161682E+01   0.128278E+02   0.181661E+01   0.446940E+00
 0.236000E+01   0.163187E+01   0.128217E+02   0.183575E+01   0.452066E+00
 0.239100E+01   0.164642E+01   0.128183E+02   0.185432E+01   0.457172E+00
 0.242200E+01   0.166049E+01   0.128124E+02   0.187233E+01   0.462257E+00
 0.245300E+01   0.167409E+01   0.128050E+02   0.188979E+01   0.467324E+00
 0.248400E+01   0.168724E+01   0.127909E+02   0.190671E+01   0.472371E+00
 0.251500E+01   0.169995E+01   0.127879E+02   0.192311E+01   0.477399E+00
 0.254600E+01   0.171224E+01   0.127768E+02   0.193901E+01   0.482409E+00
 0.257700E+01   0.172412E+01   0.127632E+02   0.195442E+01   0.487399E+00
 0.260800E+01   0.173561E+01   0.127542E+02   0.196936E+01   0.492372E+00
 0.263900E+01   0.174672E+01   0.127434E+02   0.198383E+01   0.497327E+00
 0.267000E+01   0.175745E+01   0.127352E+02   0.199786E+01   0.502263E+00
 0.270100E+01   0.176783E+01   0.127206E+02   0.201145E+01   0.507183E+00
 0.273200E+01   0.177786E+01   0.127127E+02   0.202461E+01   0.512084E+00
 0.276300E+01   0.178756E+01   0.127032E+02   0.203737E+01   0.516969E+00
 0.279400E+01   0.179693E+01   0.126917E+02   0.204974E+01   0.521837E+00
 0.282500E+01   0.180600E+01   0.126757E+02   0.206171E+01   0.526688E+00
 0.285600E+01   0.181476E+01   0.126665E+02   0.207332E+01   0.531522E+00
 0.288700E+01   0.182324E+01   0.126610E+02   0.208456E+01   0.536340E+00
 0.291800E+01   0.183143E+01   0.126472E+02   0.209545E+01   0.541142E+00
 0.294900E+01   0.183935E+01   0.126316E+02   0.210600E+01   0.545929E+00
 0.298000E+01   0.184701E+01   0.126258E+02   0.211622E+01   0.550699E+00
 0.301100E+01   0.185441E+01   0.126069E+02   0.212613E+01   0.555454E+00
 0.304200E+01   0.186157E+01   0.126001E+02   0.213572E+01   0.560194E+00
 0.307300E+01   0.186850E+01   0.125908E+02   0.214501E+01   0.564918E+00
 0.310400E+01   0.187519E+01   0.125731E+02   0.215401E+01   0.569628E+00
 0.313500E+01   0.188166E+01   0.125611E+02   0.216273E+01   0.574323E+00
 0.316600E+01   0.188792E+01   0.125550E+02   0.217118E+01   0.579003E+00
 0.319700E+01   0.189398E+01   0.125353E+02   0.217936E+01   0.583669E+00
 0.322800E+01   0.189983E+01   0.125230E+02   0.218729E+01   0.588321E+00
 0.325900E+01   0.190549E+01   0.125143E+02   0.219496E+01   0.592959E+00
 0.329000E+01   0.191097E+01   0.125036E+02   0.220240E+01   0.597582E+00
 0.332100E+01   0.191626E+01   0.124843E+02   0.220960E+01   0.602192E+00
 0.335200E+01   0.192138E+01   0.124758E+02   0.221658E+01   0.606789E+00
 0.338300E+01   0.192633E+01   0.124634E+02   0.222333E+01   0.611372E+00
 0.341400E+01   0.193112E+01   0.124561E+02   0.222987E+01   0.615942E+00
 0.344500E+01   0.193575E+01   0.124436E+02   0.223621E+01   0.620499E+00
 0.347600E+01   0.194023E+01   0.124268E+02   0.224234E+01   0.625042E+00
 0.350700E+01   0.194455E+01   0.124122E+02   0.224828E+01   0.629574E+00
 0.353800E+01   0.194874E+01   0.124002E+02   0.225403E+01   0.634092E+00
 0.356900E+01   0.195279E+01   0.123920E+02   0.225960E+01   0.638598E+00
 0.360000E+01   0.195670E+01   0.123757E+02   0.226499E+01   0.643091E+00
 0.363100E+01   0.196048E+01   0.123677E+02   0.227021E+01   0.647573E+00
 0.366200E+01   0.196414E+01   0.123497E+02   0.227526E+01   0.652042E+00
 0.369300E+01   0.196767E+01   0.123452E+02   0.228015E+01   0.656500E+00
 0.372400E+01   0.197109E+01   0.123324E+02   0.228489E+01   0.660945E+00
 0.375500E+01   0.197440E+01   0.123209E+02   0.228947E+01   0.665379E+00
 0.378600E+01   0.197759E+01   0.123105E+02   0.229390E+01   0.669801E+00
 0.381700E+01   0.198067E+01   0.122966E+02   0.229819E+01   0.674212E+00
 0.384800E+01   0.198365E+01   0.122830E+02   0.230233E+01   0.678612E+00
 0.387900E+01   0.198654E+01   0.122747E+02   0.230634E+01   0.683000E+00
 0.391000E+01   0.198932E+01   0.122605E+02   0.231023E+01   0.687377E+00
 0.394100E+01   0.199201E+01   0.122457E+02   0.231398E+01   0.691744E+00
 0.397200E+01   0.199460E+01   0.122328E+02   0.231761E+01   0.696099E+00
 0.400300E+01   0.199711E+01   0.122193E+02   0.232111E+01   0.700444E+00
 0.403400E+01   0.199953E+01   0.122107E+02   0.232450E+01   0.704778E+00
 0.406500E+01   0.200187E+01   0.122008E+02   0.232778E+01   0.709102E+00
 0.409600E+01   0.200413E+01   0.121838E+02   0.233095E+01   0.713415E+00
 0.412700E+01   0.200630E+01   0.121779E+02   0.233400E+01   0.717718E+00
 0.415800E+01   0.200840E+01   0.121637E+02   0.233696E+01   0.722011E+00
 0.418900E+01   0.201043E+01   0.121507E+02   0.233981E+01   0.726294E+00
 0.422000E+01   0.201239E+01   0.121378E+02   0.234256E+01   0.730567E+00
 0.425100E+01   0.201427E+01   0.121353E+02   0.234522E+01   0.734830E+00
 0.428200E+01   0.201609E+01   0.121243E+02   0.234778E+01   0.739083E+00
 0.431300E+01   0.201784E+01   0.121085E+02   0.235026E+01   0.743326E+00
 0.434400E+01   0.201953E+01   0.120996E+02   0.235264E+01   0.747560E+00
 0.437500E+01   0.202115E+01   0.120884E+02   0.235494E+01   0.751785E+00
 0.440600E+01   0.202272E+01   0.120742E+02   0.235715E+01   0.756000E+00
 0.443700E+01   0.202422E+01   0.120667E+02   0.235929E+01   0.760205E+00
 0.446800E+01   0.202567E+01   0.120582E+02   0.236134E+01   0.764402E+00
 0.449900E+01   0.202707E+01   0.120409E+02   0.236332E+01   0.768589E+00
 0.453000E+01   0.202841E+01   0.120266E+02   0.236523E+01   0.772767E+00
 0.456100E+01   0.202970E+01   0.120257E+02   0.236706E+01   0.776936E+00
 0.459200E+01   0.203094E+01   0.120091E+02   0.236882E+01   0.781097E+00
 0.462300E+01   0.203212E+01   0.119969E+02   0.237051E+01   0.785249E+00
 0.465400E+01   0.203326E+01   0.119920E+02   0.237213E+01   0.789391E+00
 0.468500E+01   0.203436E+01   0.119782E+02   0.237369E+01   0.793526E+00
 0.471600E+01   0.203541E+01   0.119660E+02   0.237519E+01   0.797651E+00
 0.474700E+01   0.203641E+01   0.119592E+02   0.237662E+01   0.801769E+00
 0.477800E+01   0.203737E+01   0.119506E+02   0.237799E+01   0.805877E+00
 0.480900E+01   0.203829E+01   0.119381E+02   0.237931E+01   0.809978E+00
 0.484000E+01   0.203917E+01   0.119310E+02   0.238057E+01   0.814070E+00
 0.487100E+01   0.204001E+01   0.119162E+02   0.238177E+01   0.818154E+00
 0.490200E+01   0.204081E+01   0.119029E+02   0.238292E+01   0.822230E+00
 0.493300E+01   0.204158E+01   0.118931E+02   0.238401E+01   0.826298E+00
 0.496400E+01   0.204230E+01   0.118826E+02   0.238506E+01   0.830358E+00
 0.499500E+01   0.204300E+01   0.118730E+02   0.238605E+01   0.834410E+00
 0.502600E+01   0.204366E+01   0.118648E+02   0.238699E+01   0.838454E+00
 0.505700E+01   0.204428E+01   0.118589E+02   0.238789E+01   0.842490E+00
 0.508800E+01   0.204487E+01   0.118465E+02   0.238874E+01   0.846519E+00
 0.511900E+01   0.204543E+01   0.118406E+02   0.238955E+01   0.850540E+00
 0.515000E+01   0.204596E+01   0.118225E+02   0.239031E+01   0.854554E+00
 0.518100E+01   0.204646E+01   0.118169E+02   0.239103E+01   0.858560E+00
 0.521200E+01   0.204693E+01   0.118097E+02   0.239171E+01   0.862558E+00
 0.524300E+01   0.204737E+01   0.118016E+02   0.239234E+01   0.866550E+00
 0.527400E+01   0.204779E+01   0.117917E+02   0.239294E+01   0.870533E+00
 0.530500E+01   0.204817E+01   0.117747E+02   0.239350E+01   0.874510E+00
 0.533600E+01   0.204854E+01   0.117690E+02   0.239402E+01   0.878479E+00
 0.536700E+01   0.204887E+01   0.117618E+02   0.239450E+01   0.882442E+00
 0.539800E+01   0.204918E+01   0.117556E+02   0.239495E+01   0.886397E+00
 0.542900E+01   0.204947E+01   0.117431E+02   0.239537E+01   0.890345E+00
 0.546000E+01   0.204973E+01   0.117293E+02   0.239574E+01   0.894286E+00
 0.549100E+01   0.204997E+01   0.117265E+02   0.239609E+01   0.898220E+00
 0.552200E+01   0.205018E+01   0.117116E+02   0.239640E+01   0.902148E+00
 0.555300E+01   0.205038E+01   0.117017E+02   0.239669E+01   0.906068E+00
 0.558400E+01   0.205055E+01   0.116952E+02   0.239694E+01   0.909982E+00
 0.561500E+01   0.205070E+01   0.116870E+02   0.239716E+01   0.913889E+00
 0.564600E+01   0.205084E+01   0.116740E+02   0.239735E+01   0.917789E+00
 0.567700E+01   0.205095E+01   0.116709E+02   0.239751E+01   0.921683E+00
 0.570800E+01   0.205104E+01   0.116591E+02   0.239765E+01   0.925570E+00
 0.573900E+01   0.205112E+01   0.116517E+02   0.239776E+01   0.929451E+00
 0.577000E+01   0.205117E+01   0.116439E+02   0.239784E+01   0.933325E+00
 0.580100E+01   0.205121E+01   0.116336E+02   0.239790E+01   0.937193E+00
 0.583200E+01   0.205123E+01   0.116258E+02   0.239793E+01   0.941055E+00
 0.586300E+01   0.205124E+01   0.116184E+02   0.239793E+01   0.944910E+00
 0.589400E+01   0.205122E+01   0.116049E+02   0.239791E+01   0.948759E+00
 0.592500E+01   0.205120E+01   0.115960E+02   0.239787E+01   0.952602E+00
 0.595600E+01   0.205115E+01   0.115964E+02   0.239781E+01   0.956438E+00
 0.598700E+01   0.205109E+01   0.115801E+02   0.239772E+01   0.960268E+00
 0.601800E+01   0.205102E+01   0.115769E+02   0.239761E+01   0.964093E+00
 0.604900E+01   0.205093E+01   0.115668E+02   0.239748E+01   0.967911E+00
 0.608000E+01   0.205083E+01   0.115588E+02   0.239733E+01   0.971723E+00
 0.611100E+01   0.205071E+01   0.115497E+02   0.239716E+01   0.975530E+00
 0.614200E+01   0.205058E+01   0.115453E+02   0.239697E+01   0.979330E+00
 0.617300E+01   0.205043E+01   0.115387E+02   0.239676E+01   0.983125E+00
 0.620400E+01   0.205028E+01   0.115259E+02   0.239653E+01   0.986913E+00
 0.623500E+01   0.205011E+01   0.115182E+02   0.239629E+01   0.990696E+00
 0.626600E+01   0.204993E+01   0.115143E+02   0.239602E+01   0.994473E+00
 0.629700E+01   0.204973E+01   0.115060E+02   0.239574E+01   0.998244E+00
