 0.100000E-01   0.456773E+00   0.161456E+03   0.460302E+00   0.209834E-02
 0.489500E-01   0.324939E+00   0.140955E+03   0.327190E+00   0.102514E-01
 0.879000E-01   0.326462E+00   0.163261E+03   0.328771E+00   0.183901E-01
 0.126850E+00   0.312398E+00   0.186410E+03   0.314636E+00   0.265171E-01
 0.165800E+00   0.234375E+00   0.179372E+03   0.235933E+00   0.346325E-01
 0.204750E+00   0.153239E+00   0.157920E+03   0.154107E+00   0.427368E-01
 0.243700E+00   0.100757E+00   0.115410E+03   0.101184E+00   0.508301E-01
 0.282650E+00   0.930175E-01   0.109446E+03   0.933773E-01   0.589135E-01
 0.321600E+00   0.931186E-01   0.110525E+03   0.934786E-01   0.669427E-01
 0.360550E+00   0.940495E-01   0.109394E+03   0.944188E-01   0.749243E-01
 0.399500E+00   0.951338E-01   0.107541E+03   0.955121E-01   0.829550E-01
 0.438450E+00   0.927269E-01   0.107625E+03   0.930847E-01   0.910195E-01
 0.477400E+00   0.928148E-01   0.110218E+03   0.931708E-01   0.990789E-01
 0.516350E+00   0.916019E-01   0.113211E+03   0.919415E-01   0.107133E+00
 0.555300E+00   0.874880E-01   0.114397E+03   0.877811E-01   0.115179E+00
 0.594250E+00   0.796924E-01   0.851780E+02   0.798967E-01   0.123214E+00
 0.633200E+00   0.799304E-01   0.502073E+02   0.801079E-01   0.131237E+00
 0.672150E+00   0.886711E-01   0.400592E+02   0.889063E-01   0.139245E+00
 0.711100E+00   0.103643E+00   0.267837E+02   0.104031E+00   0.147235E+00
 0.750050E+00   0.123965E+00   0.197053E+02   0.124633E+00   0.155203E+00
 0.789000E+00   0.149109E+00   0.163699E+02   0.150230E+00   0.163149E+00
 0.827950E+00   0.178712E+00   0.145682E+02   0.180504E+00   0.171069E+00
 0.866900E+00   0.212489E+00   0.135324E+02   0.215221E+00   0.178961E+00
 0.905850E+00   0.250194E+00   0.129075E+02   0.254192E+00   0.186822E+00
 0.944800E+00   0.291609E+00   0.125294E+02   0.297250E+00   0.194651E+00
 0.983750E+00   0.336527E+00   0.123092E+02   0.344247E+00   0.202445E+00
 0.102270E+01   0.384747E+00   0.121778E+02   0.395037E+00   0.210202E+00
 0.106165E+01   0.436069E+00   0.121288E+02   0.449475E+00   0.217920E+00
 0.110060E+01   0.490287E+00   0.121092E+02   0.507407E+00   0.225597E+00
 0.113955E+01   0.547180E+00   0.121336E+02   0.568665E+00   0.233229E+00
 0.117850E+01   0.606507E+00   0.121735E+02   0.633053E+00   0.240817E+00
 0.121745E+01   0.668004E+00   0.122274E+02   0.700348E+00   0.248356E+00
 0.125640E+01   0.731378E+00   0.122997E+02   0.770286E+00   0.255846E+00
 0.129535E+01   0.796307E+00   0.123771E+02   0.842569E+00   0.263283E+00
 0.133430E+01   0.862443E+00   0.124501E+02   0.916856E+00   0.270668E+00
 0.137325E+01   0.929417E+00   0.125302E+02   0.992773E+00   0.277996E+00
 0.141220E+01   0.996847E+00   0.126002E+02   0.106992E+01   0.285268E+00
 0.145115E+01   0.106435E+01   0.126796E+02   0.114787E+01   0.292482E+00
 0.149010E+01   0.113154E+01   0.127539E+02   0.122621E+01   0.299636E+00
 0.152905E+01   0.119806E+01   0.128162E+02   0.130450E+01   0.306730E+00
 0.156800E+01   0.126358E+01   0.128835E+02   0.138235E+01   0.313763E+00
 0.160695E+01   0.132779E+01   0.129417E+02   0.145938E+01   0.320733E+00
 0.164590E+01   0.139043E+01   0.130036E+02   0.153522E+01   0.327643E+00
 0.168485E+01   0.145134E+01   0.130457E+02   0.160966E+01   0.334484E+00
 0.172380E+01   0.151055E+01   0.130908E+02   0.168270E+01   0.341228E+00
 0.176275E+01   0.156361E+01   0.131373E+02   0.174872E+01   0.348452E+00
 0.180170E+01   0.162110E+01   0.131702E+02   0.182092E+01   0.354695E+00
 0.184065E+01   0.167366E+01   0.132009E+02   0.188751E+01   0.361272E+00
 0.187960E+01   0.172396E+01   0.132337E+02   0.195178E+01   0.367780E+00
 0.191855E+01   0.177177E+01   0.132540E+02   0.201336E+01   0.374263E+00
 0.195750E+01   0.181737E+01   0.132701E+02   0.207257E+01   0.380679E+00
 0.199645E+01   0.186075E+01   0.132930E+02   0.212934E+01   0.387038E+00
 0.203540E+01   0.190197E+01   0.133010E+02   0.218369E+01   0.393339E+00
 0.207435E+01   0.194109E+01   0.133158E+02   0.223566E+01   0.399583E+00
 0.211330E+01   0.197819E+01   0.133254E+02   0.228530E+01   0.405771E+00
 0.215225E+01   0.201335E+01   0.133289E+02   0.233266E+01   0.411904E+00
 0.219120E+01   0.204664E+01   0.133361E+02   0.237781E+01   0.417984E+00
 0.223015E+01   0.207815E+01   0.133339E+02   0.242082E+01   0.424011E+00
 0.226910E+01   0.210797E+01   0.133334E+02   0.246177E+01   0.429986E+00
 0.230805E+01   0.213617E+01   0.133328E+02   0.250075E+01   0.435910E+00
 0.234700E+01   0.216284E+01   0.133304E+02   0.253782E+01   0.441785E+00
 0.238595E+01   0.218806E+01   0.133196E+02   0.257307E+01   0.447611E+00
 0.242490E+01   0.221190E+01   0.133176E+02   0.260658E+01   0.453389E+00
 0.246385E+01   0.223444E+01   0.133115E+02   0.263843E+01   0.459121E+00
 0.250280E+01   0.225575E+01   0.133016E+02   0.266869E+01   0.464807E+00
 0.254175E+01   0.227590E+01   0.132929E+02   0.269744E+01   0.470448E+00
 0.258070E+01   0.229494E+01   0.132820E+02   0.272476E+01   0.476046E+00
 0.261965E+01   0.231295E+01   0.132695E+02   0.275070E+01   0.481600E+00
 0.265860E+01   0.232998E+01   0.132537E+02   0.277534E+01   0.487113E+00
 0.269755E+01   0.234608E+01   0.132466E+02   0.279874E+01   0.492585E+00
 0.273650E+01   0.236131E+01   0.132304E+02   0.282096E+01   0.498016E+00
 0.277545E+01   0.237571E+01   0.132159E+02   0.284206E+01   0.503408E+00
 0.281440E+01   0.238933E+01   0.132052E+02   0.286210E+01   0.508761E+00
 0.285335E+01   0.240221E+01   0.131921E+02   0.288113E+01   0.514076E+00
 0.289230E+01   0.241440E+01   0.131784E+02   0.289919E+01   0.519354E+00
 0.293125E+01   0.242593E+01   0.131581E+02   0.291633E+01   0.524596E+00
 0.297020E+01   0.243684E+01   0.131445E+02   0.293261E+01   0.529803E+00
 0.300915E+01   0.244716E+01   0.131371E+02   0.294806E+01   0.534974E+00
 0.304810E+01   0.245692E+01   0.131143E+02   0.296273E+01   0.540111E+00
 0.308705E+01   0.246615E+01   0.130998E+02   0.297665E+01   0.545215E+00
 0.312600E+01   0.247489E+01   0.130853E+02   0.298985E+01   0.550286E+00
 0.316495E+01   0.248316E+01   0.130729E+02   0.300238E+01   0.555324E+00
 0.320390E+01   0.249098E+01   0.130493E+02   0.301427E+01   0.560331E+00
 0.324285E+01   0.249837E+01   0.130379E+02   0.302554E+01   0.565307E+00
 0.328180E+01   0.250537E+01   0.130242E+02   0.303623E+01   0.570253E+00
 0.332075E+01   0.251198E+01   0.130018E+02   0.304636E+01   0.575168E+00
 0.335970E+01   0.251823E+01   0.129943E+02   0.305597E+01   0.580054E+00
 0.339865E+01   0.252414E+01   0.129691E+02   0.306507E+01   0.584912E+00
 0.343760E+01   0.252972E+01   0.129578E+02   0.307369E+01   0.589741E+00
 0.347655E+01   0.253500E+01   0.129399E+02   0.308185E+01   0.594542E+00
 0.351550E+01   0.253998E+01   0.129204E+02   0.308957E+01   0.599316E+00
 0.355445E+01   0.254468E+01   0.129038E+02   0.309688E+01   0.604063E+00
 0.359340E+01   0.254912E+01   0.128894E+02   0.310379E+01   0.608784E+00
 0.363235E+01   0.255330E+01   0.128767E+02   0.311032E+01   0.613479E+00
 0.367130E+01   0.255725E+01   0.128615E+02   0.311649E+01   0.618149E+00
 0.371025E+01   0.256097E+01   0.128426E+02   0.312231E+01   0.622793E+00
 0.374920E+01   0.256447E+01   0.128298E+02   0.312780E+01   0.627413E+00
 0.378815E+01   0.256776E+01   0.128127E+02   0.313298E+01   0.632009E+00
 0.382710E+01   0.257085E+01   0.127975E+02   0.313785E+01   0.636581E+00
 0.386605E+01   0.257376E+01   0.127808E+02   0.314244E+01   0.641130E+00
 0.390500E+01   0.257649E+01   0.127699E+02   0.314675E+01   0.645656E+00
 0.394395E+01   0.257904E+01   0.127462E+02   0.315080E+01   0.650158E+00
 0.398290E+01   0.258144E+01   0.127351E+02   0.315459E+01   0.654639E+00
 0.402185E+01   0.258367E+01   0.127183E+02   0.315815E+01   0.659098E+00
 0.406080E+01   0.258576E+01   0.127017E+02   0.316147E+01   0.663535E+00
 0.409975E+01   0.258771E+01   0.126910E+02   0.316457E+01   0.667951E+00
 0.413870E+01   0.258952E+01   0.126715E+02   0.316746E+01   0.672346E+00
 0.417765E+01   0.259121E+01   0.126625E+02   0.317015E+01   0.676720E+00
 0.421660E+01   0.259277E+01   0.126487E+02   0.317265E+01   0.681074E+00
 0.425555E+01   0.259421E+01   0.126295E+02   0.317496E+01   0.685409E+00
 0.429450E+01   0.259554E+01   0.126114E+02   0.317709E+01   0.689723E+00
 0.433345E+01   0.259676E+01   0.126051E+02   0.317905E+01   0.694018E+00
 0.437240E+01   0.259788E+01   0.125851E+02   0.318085E+01   0.698294E+00
 0.441135E+01   0.259890E+01   0.125684E+02   0.318249E+01   0.702551E+00
 0.445030E+01   0.259982E+01   0.125611E+02   0.318398E+01   0.706789E+00
 0.448925E+01   0.260066E+01   0.125464E+02   0.318533E+01   0.711009E+00
 0.452820E+01   0.260141E+01   0.125300E+02   0.318654E+01   0.715211E+00
 0.456715E+01   0.260207E+01   0.125179E+02   0.318762E+01   0.719395E+00
 0.460610E+01   0.260266E+01   0.125044E+02   0.318857E+01   0.723562E+00
 0.464505E+01   0.260317E+01   0.124847E+02   0.318940E+01   0.727711E+00
 0.468400E+01   0.260361E+01   0.124707E+02   0.319011E+01   0.731844E+00
 0.472295E+01   0.260398E+01   0.124577E+02   0.319071E+01   0.735959E+00
 0.476190E+01   0.260428E+01   0.124512E+02   0.319120E+01   0.740058E+00
 0.480085E+01   0.260452E+01   0.124372E+02   0.319159E+01   0.744140E+00
 0.483980E+01   0.260470E+01   0.124158E+02   0.319188E+01   0.748206E+00
 0.487875E+01   0.260482E+01   0.124028E+02   0.319207E+01   0.752257E+00
 0.491770E+01   0.260488E+01   0.123992E+02   0.319217E+01   0.756291E+00
 0.495665E+01   0.260489E+01   0.123837E+02   0.319218E+01   0.760310E+00
 0.499560E+01   0.260485E+01   0.123657E+02   0.319211E+01   0.764313E+00
 0.503455E+01   0.260475E+01   0.123524E+02   0.319196E+01   0.768301E+00
 0.507350E+01   0.260461E+01   0.123474E+02   0.319173E+01   0.772275E+00
 0.511245E+01   0.260443E+01   0.123271E+02   0.319143E+01   0.776233E+00
 0.515140E+01   0.260420E+01   0.123150E+02   0.319105E+01   0.780177E+00
 0.519035E+01   0.260393E+01   0.123096E+02   0.319061E+01   0.784107E+00
 0.522930E+01   0.260362E+01   0.122955E+02   0.319010E+01   0.788022E+00
 0.526825E+01   0.260327E+01   0.122861E+02   0.318952E+01   0.791923E+00
 0.530720E+01   0.260288E+01   0.122717E+02   0.318889E+01   0.795810E+00
 0.534615E+01   0.260246E+01   0.122545E+02   0.318819E+01   0.799683E+00
 0.538510E+01   0.260200E+01   0.122488E+02   0.318744E+01   0.803543E+00
 0.542405E+01   0.260152E+01   0.122311E+02   0.318663E+01   0.807389E+00
 0.546300E+01   0.260100E+01   0.122249E+02   0.318578E+01   0.811223E+00
 0.550195E+01   0.260045E+01   0.122105E+02   0.318487E+01   0.815043E+00
 0.554090E+01   0.259987E+01   0.122030E+02   0.318391E+01   0.818850E+00
 0.557985E+01   0.259926E+01   0.121921E+02   0.318291E+01   0.822644E+00
 0.561880E+01   0.259863E+01   0.121735E+02   0.318186E+01   0.826425E+00
 0.565775E+01   0.259797E+01   0.121664E+02   0.318077E+01   0.830194E+00
 0.569670E+01   0.259729E+01   0.121526E+02   0.317964E+01   0.833951E+00
 0.573565E+01   0.259658E+01   0.121407E+02   0.317847E+01   0.837695E+00
 0.577460E+01   0.259585E+01   0.121332E+02   0.317726E+01   0.841427E+00
 0.581355E+01   0.259510E+01   0.121217E+02   0.317602E+01   0.845147E+00
 0.585250E+01   0.259433E+01   0.121122E+02   0.317474E+01   0.848856E+00
 0.589145E+01   0.259354E+01   0.120982E+02   0.317343E+01   0.852552E+00
 0.593040E+01   0.259273E+01   0.120899E+02   0.317209E+01   0.856237E+00
 0.596935E+01   0.259190E+01   0.120790E+02   0.317071E+01   0.859911E+00
 0.600830E+01   0.259106E+01   0.120683E+02   0.316931E+01   0.863573E+00
 0.604725E+01   0.259020E+01   0.120630E+02   0.316787E+01   0.867224E+00
 0.608620E+01   0.258932E+01   0.120448E+02   0.316641E+01   0.870864E+00
 0.612515E+01   0.258843E+01   0.120357E+02   0.316493E+01   0.874492E+00
 0.616410E+01   0.258752E+01   0.120255E+02   0.316342E+01   0.878110E+00
 0.620305E+01   0.258660E+01   0.120178E+02   0.316188E+01   0.881717E+00
 0.624200E+01   0.258566E+01   0.120092E+02   0.316032E+01   0.885314E+00
 0.628095E+01   0.258471E+01   0.119936E+02   0.315874E+01   0.888899E+00
 0.631990E+01   0.258375E+01   0.119875E+02   0.315714E+01   0.892475E+00
 0.635885E+01   0.258278E+01   0.119771E+02   0.315552E+01   0.896040E+00
 0.639780E+01   0.258180E+01   0.119654E+02   0.315388E+01   0.899594E+00
 0.643675E+01   0.258080E+01   0.119594E+02   0.315222E+01   0.903139E+00
 0.647570E+01   0.257980E+01   0.119470E+02   0.315054E+01   0.906674E+00
 0.651465E+01   0.257879E+01   0.119398E+02   0.314885E+01   0.910198E+00
 0.655360E+01   0.257776E+01   0.119328E+02   0.314714E+01   0.913713E+00
 0.659255E+01   0.257673E+01   0.119246E+02   0.314541E+01   0.917218E+00
 0.663150E+01   0.257569E+01   0.119135E+02   0.314367E+01   0.920713E+00
 0.667045E+01   0.257464E+01   0.119052E+02   0.314192E+01   0.924199E+00
 0.670940E+01   0.257358E+01   0.118983E+02   0.314015E+01   0.927675E+00
 0.674835E+01   0.257252E+01   0.118796E+02   0.313837E+01   0.931142E+00
 0.678730E+01   0.257145E+01   0.118728E+02   0.313658E+01   0.934599E+00
 0.682625E+01   0.257037E+01   0.118638E+02   0.313477E+01   0.938047E+00
 0.686520E+01   0.256929E+01   0.118536E+02   0.313296E+01   0.941486E+00
 0.690415E+01   0.256820E+01   0.118521E+02   0.313113E+01   0.944916E+00
 0.694310E+01   0.256710E+01   0.118387E+02   0.312929E+01   0.948338E+00
 0.698205E+01   0.256600E+01   0.118280E+02   0.312745E+01   0.951750E+00
 0.702100E+01   0.256490E+01   0.118221E+02   0.312559E+01   0.955153E+00
 0.705995E+01   0.256379E+01   0.118092E+02   0.312373E+01   0.958548E+00
 0.709890E+01   0.256267E+01   0.118095E+02   0.312186E+01   0.961934E+00
 0.713785E+01   0.256155E+01   0.117953E+02   0.311998E+01   0.965311E+00
 0.717680E+01   0.256043E+01   0.117917E+02   0.311809E+01   0.968680E+00
 0.721575E+01   0.255930E+01   0.117836E+02   0.311620E+01   0.972040E+00
 0.725470E+01   0.255817E+01   0.117723E+02   0.311430E+01   0.975392E+00
 0.729365E+01   0.255704E+01   0.117653E+02   0.311240E+01   0.978736E+00
 0.733260E+01   0.255590E+01   0.117556E+02   0.311048E+01   0.982072E+00
 0.737155E+01   0.255476E+01   0.117465E+02   0.310857E+01   0.985399E+00
 0.741050E+01   0.255362E+01   0.117352E+02   0.310665E+01   0.988718E+00
 0.744945E+01   0.255247E+01   0.117323E+02   0.310472E+01   0.992030E+00
 0.748840E+01   0.255133E+01   0.117207E+02   0.310279E+01   0.995333E+00
 0.752735E+01   0.255018E+01   0.117183E+02   0.310086E+01   0.998629E+00
 0.756630E+01   0.254903E+01   0.117088E+02   0.309892E+01   0.100192E+01
 0.760525E+01   0.254787E+01   0.117029E+02   0.309698E+01   0.100520E+01
 0.764420E+01   0.254672E+01   0.116966E+02   0.309504E+01   0.100847E+01
 0.768315E+01   0.254556E+01   0.116861E+02   0.309309E+01   0.101173E+01
 0.772210E+01   0.254440E+01   0.116793E+02   0.309114E+01   0.101499E+01
 0.776105E+01   0.254325E+01   0.116722E+02   0.308919E+01   0.101824E+01
