 0.320000E+00   0.431695E-01   0.816446E+01   0.431092E-01   0.665902E-01
 0.363400E+00   0.435599E-01   0.795515E+01   0.434941E-01   0.753963E-01
 0.406800E+00   0.435538E-01   0.798663E+01   0.434888E-01   0.845727E-01
 0.450200E+00   0.445778E-01   0.780098E+01   0.445095E-01   0.935607E-01
 0.493600E+00   0.476886E-01   0.765379E+01   0.476222E-01   0.102573E+00
 0.537000E+00   0.592300E-01   0.754275E+01   0.591955E-01   0.111344E+00
 0.580400E+00   0.673272E-01   0.756707E+01   0.673331E-01   0.120447E+00
 0.623800E+00   0.825657E-01   0.766012E+01   0.826855E-01   0.129381E+00
 0.667200E+00   0.102014E+00   0.782575E+01   0.102344E+00   0.138289E+00
 0.710600E+00   0.125300E+00   0.803432E+01   0.125970E+00   0.147175E+00
 0.754000E+00   0.151972E+00   0.825477E+01   0.153144E+00   0.156033E+00
 0.797400E+00   0.181883E+00   0.849020E+01   0.183758E+00   0.164864E+00
 0.840800E+00   0.214721E+00   0.873335E+01   0.217531E+00   0.173663E+00
 0.884200E+00   0.249971E+00   0.896559E+01   0.253973E+00   0.182430E+00
 0.927600E+00   0.287334E+00   0.918677E+01   0.292806E+00   0.191163E+00
 0.971000E+00   0.326635E+00   0.940475E+01   0.333881E+00   0.199860E+00
 0.101440E+01   0.367362E+00   0.960522E+01   0.376692E+00   0.208520E+00
 0.105780E+01   0.409313E+00   0.979379E+01   0.421047E+00   0.217142E+00
 0.110120E+01   0.452239E+00   0.997193E+01   0.466705E+00   0.225724E+00
 0.114460E+01   0.495937E+00   0.101427E+02   0.513465E+00   0.234266E+00
 0.118800E+01   0.540108E+00   0.103029E+02   0.561023E+00   0.242766E+00
 0.123140E+01   0.584429E+00   0.104479E+02   0.609035E+00   0.251224E+00
 0.127480E+01   0.628703E+00   0.105787E+02   0.657293E+00   0.259640E+00
 0.131820E+01   0.672899E+00   0.107037E+02   0.705764E+00   0.268012E+00
 0.136160E+01   0.716776E+00   0.108196E+02   0.754182E+00   0.276340E+00
 0.140500E+01   0.760192E+00   0.109273E+02   0.802388E+00   0.284624E+00
 0.144840E+01   0.803001E+00   0.110265E+02   0.850210E+00   0.292863E+00
 0.149180E+01   0.845070E+00   0.111170E+02   0.897493E+00   0.301058E+00
 0.153520E+01   0.886280E+00   0.111983E+02   0.944088E+00   0.309208E+00
 0.157860E+01   0.926565E+00   0.112715E+02   0.989907E+00   0.317314E+00
 0.162200E+01   0.965899E+00   0.113392E+02   0.103491E+01   0.325375E+00
 0.166540E+01   0.100436E+01   0.114073E+02   0.107917E+01   0.333391E+00
 0.170880E+01   0.104154E+01   0.114607E+02   0.112220E+01   0.341363E+00
 0.175220E+01   0.107778E+01   0.115151E+02   0.116437E+01   0.349290E+00
 0.179560E+01   0.111272E+01   0.115573E+02   0.120525E+01   0.357174E+00
 0.183900E+01   0.114680E+01   0.116062E+02   0.124535E+01   0.365014E+00
 0.188240E+01   0.117942E+01   0.116373E+02   0.128393E+01   0.372811E+00
 0.192580E+01   0.121123E+01   0.116776E+02   0.132174E+01   0.380565E+00
 0.196920E+01   0.124157E+01   0.117000E+02   0.135799E+01   0.388277E+00
 0.201260E+01   0.127109E+01   0.117308E+02   0.139343E+01   0.395947E+00
 0.205600E+01   0.129950E+01   0.117581E+02   0.142772E+01   0.403575E+00
 0.209940E+01   0.132668E+01   0.117760E+02   0.146067E+01   0.411163E+00
 0.214280E+01   0.135287E+01   0.117934E+02   0.149257E+01   0.418710E+00
 0.218620E+01   0.137807E+01   0.118095E+02   0.152340E+01   0.426217E+00
 0.222960E+01   0.140216E+01   0.118185E+02   0.155299E+01   0.433684E+00
 0.227300E+01   0.142531E+01   0.118265E+02   0.158156E+01   0.441113E+00
 0.231640E+01   0.144755E+01   0.118335E+02   0.160912E+01   0.448503E+00
 0.235980E+01   0.146906E+01   0.118456E+02   0.163589E+01   0.455856E+00
 0.240320E+01   0.148944E+01   0.118457E+02   0.166134E+01   0.463172E+00
 0.244660E+01   0.150926E+01   0.118553E+02   0.168620E+01   0.470451E+00
 0.249000E+01   0.152804E+01   0.118547E+02   0.170984E+01   0.477693E+00
 0.253340E+01   0.154611E+01   0.118551E+02   0.173267E+01   0.484900E+00
 0.257680E+01   0.156341E+01   0.118538E+02   0.175460E+01   0.492073E+00
 0.262020E+01   0.158003E+01   0.118530E+02   0.177575E+01   0.499210E+00
 0.266360E+01   0.159597E+01   0.118515E+02   0.179610E+01   0.506314E+00
 0.270700E+01   0.161112E+01   0.118444E+02   0.181551E+01   0.513385E+00
 0.275040E+01   0.162591E+01   0.118468E+02   0.183451E+01   0.520422E+00
 0.279380E+01   0.163989E+01   0.118410E+02   0.185253E+01   0.527427E+00
 0.283720E+01   0.165327E+01   0.118338E+02   0.186983E+01   0.534401E+00
 0.288060E+01   0.166598E+01   0.118215E+02   0.188631E+01   0.541343E+00
 0.292400E+01   0.167845E+01   0.118204E+02   0.190253E+01   0.548254E+00
 0.296740E+01   0.169021E+01   0.118110E+02   0.191787E+01   0.555135E+00
 0.301080E+01   0.170161E+01   0.118066E+02   0.193278E+01   0.561986E+00
 0.305420E+01   0.171230E+01   0.117917E+02   0.194679E+01   0.568808E+00
 0.309760E+01   0.172264E+01   0.117808E+02   0.196038E+01   0.575601E+00
 0.314100E+01   0.173263E+01   0.117732E+02   0.197356E+01   0.582365E+00
 0.318440E+01   0.174208E+01   0.117598E+02   0.198605E+01   0.589101E+00
 0.322780E+01   0.175131E+01   0.117533E+02   0.199827E+01   0.595810E+00
 0.327120E+01   0.176014E+01   0.117454E+02   0.200999E+01   0.602491E+00
 0.331460E+01   0.176838E+01   0.117286E+02   0.202096E+01   0.609146E+00
 0.335800E+01   0.177639E+01   0.117164E+02   0.203164E+01   0.615774E+00
 0.340140E+01   0.178421E+01   0.117094E+02   0.204209E+01   0.622377E+00
 0.344480E+01   0.179152E+01   0.116949E+02   0.205189E+01   0.628954E+00
 0.348820E+01   0.179876E+01   0.116896E+02   0.206160E+01   0.635505E+00
 0.353160E+01   0.180550E+01   0.116758E+02   0.207067E+01   0.642032E+00
 0.357500E+01   0.181197E+01   0.116625E+02   0.207939E+01   0.648535E+00
 0.361840E+01   0.181809E+01   0.116457E+02   0.208765E+01   0.655013E+00
 0.366180E+01   0.182420E+01   0.116389E+02   0.209591E+01   0.661468E+00
 0.370520E+01   0.182984E+01   0.116233E+02   0.210356E+01   0.667900E+00
 0.374860E+01   0.183536E+01   0.116119E+02   0.211104E+01   0.674308E+00
 0.379200E+01   0.184072E+01   0.116036E+02   0.211834E+01   0.680694E+00
 0.383540E+01   0.184557E+01   0.115834E+02   0.212495E+01   0.687057E+00
 0.387880E+01   0.185051E+01   0.115754E+02   0.213169E+01   0.693399E+00
 0.392220E+01   0.185510E+01   0.115614E+02   0.213797E+01   0.699719E+00
 0.396560E+01   0.185958E+01   0.115506E+02   0.214409E+01   0.706017E+00
 0.400900E+01   0.186367E+01   0.115316E+02   0.214971E+01   0.712294E+00
 0.405240E+01   0.186786E+01   0.115238E+02   0.215546E+01   0.718550E+00
 0.409580E+01   0.187160E+01   0.115048E+02   0.216060E+01   0.724786E+00
 0.413920E+01   0.187540E+01   0.114949E+02   0.216583E+01   0.731002E+00
 0.418260E+01   0.187893E+01   0.114807E+02   0.217071E+01   0.737197E+00
 0.422600E+01   0.188250E+01   0.114741E+02   0.217563E+01   0.743373E+00
 0.426940E+01   0.188571E+01   0.114587E+02   0.218006E+01   0.749530E+00
 0.431280E+01   0.188881E+01   0.114449E+02   0.218436E+01   0.755667E+00
 0.435620E+01   0.189171E+01   0.114283E+02   0.218838E+01   0.761785E+00
 0.439960E+01   0.189474E+01   0.114228E+02   0.219259E+01   0.767885E+00
 0.444300E+01   0.189746E+01   0.114094E+02   0.219637E+01   0.773966E+00
 0.448640E+01   0.189993E+01   0.113907E+02   0.219981E+01   0.780029E+00
 0.452980E+01   0.190244E+01   0.113785E+02   0.220330E+01   0.786074E+00
 0.457320E+01   0.190482E+01   0.113657E+02   0.220663E+01   0.792101E+00
 0.461660E+01   0.190718E+01   0.113567E+02   0.220992E+01   0.798111E+00
 0.466000E+01   0.190942E+01   0.113470E+02   0.221306E+01   0.804103E+00
 0.470340E+01   0.191134E+01   0.113278E+02   0.221574E+01   0.810078E+00
 0.474680E+01   0.191331E+01   0.113153E+02   0.221850E+01   0.816037E+00
 0.479020E+01   0.191531E+01   0.113078E+02   0.222131E+01   0.821978E+00
 0.483360E+01   0.191705E+01   0.112930E+02   0.222374E+01   0.827904E+00
 0.487700E+01   0.191867E+01   0.112773E+02   0.222603E+01   0.833813E+00
 0.492040E+01   0.192037E+01   0.112681E+02   0.222841E+01   0.839705E+00
 0.496380E+01   0.192199E+01   0.112593E+02   0.223070E+01   0.845582E+00
 0.500720E+01   0.192333E+01   0.112416E+02   0.223258E+01   0.851443E+00
 0.505060E+01   0.192484E+01   0.112346E+02   0.223471E+01   0.857289E+00
 0.509400E+01   0.192612E+01   0.112209E+02   0.223652E+01   0.863119E+00
 0.513740E+01   0.192744E+01   0.112122E+02   0.223839E+01   0.868935E+00
 0.518080E+01   0.192848E+01   0.111939E+02   0.223985E+01   0.874735E+00
 0.522420E+01   0.192971E+01   0.111870E+02   0.224159E+01   0.880520E+00
 0.526760E+01   0.193076E+01   0.111752E+02   0.224309E+01   0.886291E+00
 0.531100E+01   0.193168E+01   0.111603E+02   0.224439E+01   0.892047E+00
 0.535440E+01   0.193262E+01   0.111487E+02   0.224572E+01   0.897789E+00
 0.539780E+01   0.193361E+01   0.111422E+02   0.224713E+01   0.903516E+00
 0.544120E+01   0.193436E+01   0.111274E+02   0.224820E+01   0.909230E+00
 0.548460E+01   0.193521E+01   0.111191E+02   0.224940E+01   0.914930E+00
 0.552800E+01   0.193580E+01   0.111018E+02   0.225024E+01   0.920616E+00
 0.557140E+01   0.193659E+01   0.110960E+02   0.225137E+01   0.926288E+00
 0.561480E+01   0.193727E+01   0.110871E+02   0.225234E+01   0.931947E+00
 0.565820E+01   0.193784E+01   0.110757E+02   0.225315E+01   0.937593E+00
 0.570160E+01   0.193822E+01   0.110576E+02   0.225369E+01   0.943225E+00
 0.574500E+01   0.193876E+01   0.110487E+02   0.225447E+01   0.948845E+00
 0.578840E+01   0.193922E+01   0.110381E+02   0.225512E+01   0.954451E+00
 0.583180E+01   0.193955E+01   0.110235E+02   0.225559E+01   0.960045E+00
 0.587520E+01   0.193991E+01   0.110124E+02   0.225611E+01   0.965626E+00
 0.591860E+01   0.194031E+01   0.110044E+02   0.225668E+01   0.971195E+00
 0.596200E+01   0.194073E+01   0.109993E+02   0.225729E+01   0.976751E+00
 0.600540E+01   0.194090E+01   0.109841E+02   0.225752E+01   0.982295E+00
 0.604880E+01   0.194111E+01   0.109730E+02   0.225783E+01   0.987827E+00
 0.609220E+01   0.194138E+01   0.109658E+02   0.225822E+01   0.993347E+00
 0.613560E+01   0.194150E+01   0.109530E+02   0.225838E+01   0.998855E+00
 0.617900E+01   0.194157E+01   0.109398E+02   0.225848E+01   0.100435E+01
 0.622240E+01   0.194171E+01   0.109311E+02   0.225868E+01   0.100984E+01
 0.626580E+01   0.194180E+01   0.109218E+02   0.225882E+01   0.101531E+01
 0.630920E+01   0.194184E+01   0.109110E+02   0.225887E+01   0.102077E+01
 0.635260E+01   0.194196E+01   0.109055E+02   0.225904E+01   0.102622E+01
 0.639600E+01   0.194184E+01   0.108902E+02   0.225887E+01   0.103166E+01
 0.643940E+01   0.194194E+01   0.108861E+02   0.225901E+01   0.103709E+01
 0.648280E+01   0.194171E+01   0.108685E+02   0.225868E+01   0.104250E+01
 0.652620E+01   0.194165E+01   0.108594E+02   0.225859E+01   0.104791E+01
 0.656960E+01   0.194161E+01   0.108526E+02   0.225854E+01   0.105331E+01
 0.661300E+01   0.194148E+01   0.108423E+02   0.225834E+01   0.105869E+01
 0.665640E+01   0.194131E+01   0.108315E+02   0.225810E+01   0.106406E+01
 0.669980E+01   0.194112E+01   0.108211E+02   0.225783E+01   0.106943E+01
 0.674320E+01   0.194098E+01   0.108137E+02   0.225763E+01   0.107478E+01
 0.678660E+01   0.194072E+01   0.108016E+02   0.225725E+01   0.108012E+01
 0.683000E+01   0.194059E+01   0.107963E+02   0.225705E+01   0.108545E+01
 0.687340E+01   0.194037E+01   0.107880E+02   0.225673E+01   0.109078E+01
 0.691680E+01   0.194007E+01   0.107772E+02   0.225630E+01   0.109609E+01
 0.696020E+01   0.193989E+01   0.107725E+02   0.225604E+01   0.110139E+01
 0.700360E+01   0.193952E+01   0.107598E+02   0.225550E+01   0.110668E+01
 0.704700E+01   0.193924E+01   0.107521E+02   0.225509E+01   0.111196E+01
 0.709040E+01   0.193895E+01   0.107447E+02   0.225467E+01   0.111724E+01
 0.713380E+01   0.193851E+01   0.107313E+02   0.225404E+01   0.112250E+01
 0.717720E+01   0.193823E+01   0.107256E+02   0.225362E+01   0.112775E+01
 0.722060E+01   0.193774E+01   0.107114E+02   0.225291E+01   0.113300E+01
 0.726400E+01   0.193747E+01   0.107081E+02   0.225253E+01   0.113823E+01
 0.730740E+01   0.193710E+01   0.107002E+02   0.225197E+01   0.114346E+01
 0.735080E+01   0.193668E+01   0.106911E+02   0.225137E+01   0.114867E+01
 0.739420E+01   0.193616E+01   0.106782E+02   0.225062E+01   0.115388E+01
 0.743760E+01   0.193573E+01   0.106695E+02   0.224998E+01   0.115908E+01
 0.748100E+01   0.193538E+01   0.106657E+02   0.224947E+01   0.116426E+01
 0.752440E+01   0.193485E+01   0.106539E+02   0.224871E+01   0.116944E+01
 0.756780E+01   0.193442E+01   0.106472E+02   0.224807E+01   0.117461E+01
 0.761120E+01   0.193388E+01   0.106361E+02   0.224729E+01   0.117978E+01
 0.765460E+01   0.193344E+01   0.106303E+02   0.224665E+01   0.118493E+01
 0.769800E+01   0.193296E+01   0.106225E+02   0.224594E+01   0.119007E+01
 0.774140E+01   0.193239E+01   0.106116E+02   0.224511E+01   0.119521E+01
 0.778480E+01   0.193190E+01   0.106050E+02   0.224440E+01   0.120034E+01
 0.782820E+01   0.193139E+01   0.105974E+02   0.224365E+01   0.120545E+01
 0.787160E+01   0.193089E+01   0.105914E+02   0.224293E+01   0.121056E+01
 0.791500E+01   0.193029E+01   0.105807E+02   0.224205E+01   0.121567E+01
 0.795840E+01   0.192981E+01   0.105765E+02   0.224135E+01   0.122076E+01
 0.800180E+01   0.192907E+01   0.105596E+02   0.224026E+01   0.122585E+01
 0.804520E+01   0.192852E+01   0.105530E+02   0.223946E+01   0.123092E+01
 0.808860E+01   0.192794E+01   0.105448E+02   0.223861E+01   0.123599E+01
 0.813200E+01   0.192752E+01   0.105451E+02   0.223800E+01   0.124105E+01
 0.817540E+01   0.192681E+01   0.105314E+02   0.223695E+01   0.124611E+01
 0.821880E+01   0.192620E+01   0.105234E+02   0.223607E+01   0.125115E+01
 0.826220E+01   0.192557E+01   0.105145E+02   0.223515E+01   0.125619E+01
 0.830560E+01   0.192496E+01   0.105070E+02   0.223425E+01   0.126122E+01
 0.834900E+01   0.192435E+01   0.104994E+02   0.223335E+01   0.126624E+01
 0.839240E+01   0.192384E+01   0.104977E+02   0.223261E+01   0.127125E+01
 0.843580E+01   0.192321E+01   0.104902E+02   0.223169E+01   0.127626E+01
 0.847920E+01   0.192244E+01   0.104762E+02   0.223056E+01   0.128126E+01
 0.852260E+01   0.192183E+01   0.104698E+02   0.222965E+01   0.128625E+01
 0.856600E+01   0.192128E+01   0.104671E+02   0.222885E+01   0.129123E+01
 0.860940E+01   0.192060E+01   0.104585E+02   0.222785E+01   0.129621E+01
 0.865280E+01   0.191997E+01   0.104526E+02   0.222693E+01   0.130118E+01
 0.869620E+01   0.191931E+01   0.104454E+02   0.222597E+01   0.130614E+01
 0.873960E+01   0.191857E+01   0.104343E+02   0.222488E+01   0.131109E+01
 0.878300E+01   0.191794E+01   0.104289E+02   0.222395E+01   0.131604E+01
 0.882640E+01   0.191729E+01   0.104230E+02   0.222299E+01   0.132098E+01
 0.886980E+01   0.191657E+01   0.104136E+02   0.222193E+01   0.132591E+01
 0.891320E+01   0.191596E+01   0.104105E+02   0.222105E+01   0.133084E+01
 0.895660E+01   0.191525E+01   0.104021E+02   0.222000E+01   0.133575E+01
