 0.100000E-01   0.293065E+00   0.110268E+03   0.294956E+00   0.209786E-02
 0.243800E-01   0.241667E+00   0.107046E+03   0.243130E+00   0.510858E-02
 0.387600E-01   0.217602E+00   0.108653E+03   0.218875E+00   0.811512E-02
 0.531400E-01   0.184166E+00   0.101478E+03   0.185168E+00   0.111184E-01
 0.675200E-01   0.158002E+00   0.931574E+02   0.158793E+00   0.141189E-01
 0.819000E-01   0.145071E+00   0.902612E+02   0.145759E+00   0.171169E-01
 0.962800E-01   0.136309E+00   0.884013E+02   0.136928E+00   0.201125E-01
 0.110660E+00   0.136860E+00   0.959766E+02   0.137489E+00   0.231062E-01
 0.125040E+00   0.132443E+00   0.968024E+02   0.133038E+00   0.260982E-01
 0.139420E+00   0.127795E+00   0.954933E+02   0.128352E+00   0.290885E-01
 0.153800E+00   0.121859E+00   0.891360E+02   0.122364E+00   0.320771E-01
 0.168180E+00   0.118398E+00   0.855106E+02   0.118873E+00   0.350646E-01
 0.182560E+00   0.115491E+00   0.813928E+02   0.115940E+00   0.380507E-01
 0.196940E+00   0.113334E+00   0.779085E+02   0.113763E+00   0.410358E-01
 0.211320E+00   0.111609E+00   0.746565E+02   0.112022E+00   0.440199E-01
 0.225700E+00   0.110454E+00   0.725504E+02   0.110857E+00   0.470032E-01
 0.240080E+00   0.109662E+00   0.713613E+02   0.110057E+00   0.499855E-01
 0.254460E+00   0.108682E+00   0.691291E+02   0.109069E+00   0.529672E-01
 0.268840E+00   0.108247E+00   0.690071E+02   0.108630E+00   0.559482E-01
 0.283220E+00   0.107981E+00   0.696508E+02   0.108361E+00   0.589284E-01
 0.297600E+00   0.107590E+00   0.689346E+02   0.107967E+00   0.619082E-01
 0.311980E+00   0.107191E+00   0.687514E+02   0.107564E+00   0.648875E-01
 0.326360E+00   0.106923E+00   0.692115E+02   0.107294E+00   0.678664E-01
 0.340740E+00   0.106376E+00   0.681035E+02   0.106742E+00   0.708447E-01
 0.355120E+00   0.106124E+00   0.685765E+02   0.106488E+00   0.738225E-01
 0.369500E+00   0.105814E+00   0.686748E+02   0.106175E+00   0.767998E-01
 0.383880E+00   0.105589E+00   0.691628E+02   0.105948E+00   0.797768E-01
 0.398260E+00   0.105566E+00   0.701363E+02   0.105925E+00   0.827563E-01
 0.412640E+00   0.105117E+00   0.700377E+02   0.105473E+00   0.857197E-01
 0.427020E+00   0.105499E+00   0.695341E+02   0.105858E+00   0.887568E-01
 0.441400E+00   0.105162E+00   0.721004E+02   0.105519E+00   0.917352E-01
 0.455780E+00   0.104645E+00   0.752849E+02   0.104998E+00   0.947119E-01
 0.470160E+00   0.103510E+00   0.759933E+02   0.103854E+00   0.976875E-01
 0.484540E+00   0.102071E+00   0.758709E+02   0.102404E+00   0.100662E+00
 0.498920E+00   0.100599E+00   0.763910E+02   0.100920E+00   0.103635E+00
 0.513300E+00   0.988688E-01   0.748818E+02   0.991763E-01   0.106606E+00
 0.527680E+00   0.972109E-01   0.721773E+02   0.975051E-01   0.109576E+00
 0.542060E+00   0.958254E-01   0.671156E+02   0.961083E-01   0.112544E+00
 0.556440E+00   0.951419E-01   0.620712E+02   0.954198E-01   0.115511E+00
 0.570820E+00   0.952432E-01   0.555367E+02   0.955236E-01   0.118476E+00
 0.585200E+00   0.962504E-01   0.478938E+02   0.965426E-01   0.121438E+00
 0.599580E+00   0.982266E-01   0.427350E+02   0.985414E-01   0.124399E+00
 0.613960E+00   0.101075E+00   0.395012E+02   0.101423E+00   0.127357E+00
 0.628340E+00   0.104723E+00   0.397476E+02   0.105117E+00   0.130313E+00
 0.642720E+00   0.109102E+00   0.382844E+02   0.109554E+00   0.133267E+00
 0.657100E+00   0.114170E+00   0.334947E+02   0.114694E+00   0.136218E+00
 0.671480E+00   0.119875E+00   0.292656E+02   0.120485E+00   0.139167E+00
 0.685860E+00   0.126171E+00   0.261101E+02   0.126882E+00   0.142113E+00
 0.700240E+00   0.133018E+00   0.236905E+02   0.133847E+00   0.145056E+00
 0.714620E+00   0.140381E+00   0.218088E+02   0.141346E+00   0.147996E+00
 0.729000E+00   0.148230E+00   0.203129E+02   0.149350E+00   0.150934E+00
 0.743380E+00   0.156536E+00   0.191100E+02   0.157830E+00   0.153868E+00
 0.757760E+00   0.165273E+00   0.181259E+02   0.166765E+00   0.156800E+00
 0.772140E+00   0.174420E+00   0.173214E+02   0.176130E+00   0.159728E+00
 0.786520E+00   0.183954E+00   0.166405E+02   0.185906E+00   0.162653E+00
 0.800900E+00   0.193855E+00   0.160749E+02   0.196075E+00   0.165574E+00
 0.815280E+00   0.204104E+00   0.155933E+02   0.206617E+00   0.168493E+00
 0.829660E+00   0.214684E+00   0.151925E+02   0.217517E+00   0.171408E+00
 0.844040E+00   0.225578E+00   0.148384E+02   0.228758E+00   0.174319E+00
 0.858420E+00   0.236769E+00   0.145383E+02   0.240325E+00   0.177227E+00
 0.872800E+00   0.248243E+00   0.142795E+02   0.252204E+00   0.180131E+00
 0.887180E+00   0.259983E+00   0.140568E+02   0.264380E+00   0.183031E+00
 0.901560E+00   0.271976E+00   0.138605E+02   0.276840E+00   0.185928E+00
 0.915940E+00   0.284208E+00   0.136912E+02   0.289571E+00   0.188820E+00
 0.930320E+00   0.296665E+00   0.135400E+02   0.302559E+00   0.191709E+00
 0.944700E+00   0.309334E+00   0.134106E+02   0.315792E+00   0.194594E+00
 0.959080E+00   0.322202E+00   0.133004E+02   0.329259E+00   0.197475E+00
 0.973460E+00   0.335258E+00   0.131946E+02   0.342946E+00   0.200352E+00
 0.987840E+00   0.348488E+00   0.131056E+02   0.356844E+00   0.203225E+00
 0.100222E+01   0.361882E+00   0.130313E+02   0.370939E+00   0.206094E+00
 0.101660E+01   0.375427E+00   0.129667E+02   0.385221E+00   0.208958E+00
 0.103098E+01   0.389114E+00   0.129080E+02   0.399679E+00   0.211819E+00
 0.104536E+01   0.402929E+00   0.128489E+02   0.414302E+00   0.214675E+00
 0.105974E+01   0.416864E+00   0.128090E+02   0.429081E+00   0.217526E+00
 0.107412E+01   0.430908E+00   0.127683E+02   0.444004E+00   0.220374E+00
 0.108850E+01   0.445051E+00   0.127294E+02   0.459061E+00   0.223217E+00
 0.110288E+01   0.459282E+00   0.127039E+02   0.474244E+00   0.226056E+00
 0.111726E+01   0.473593E+00   0.126724E+02   0.489541E+00   0.228890E+00
 0.113164E+01   0.487974E+00   0.126501E+02   0.504944E+00   0.231719E+00
 0.114602E+01   0.502416E+00   0.126285E+02   0.520444E+00   0.234545E+00
 0.116040E+01   0.516911E+00   0.126080E+02   0.536031E+00   0.237365E+00
 0.117478E+01   0.531448E+00   0.126001E+02   0.551697E+00   0.240181E+00
 0.118916E+01   0.546022E+00   0.125826E+02   0.567432E+00   0.242993E+00
 0.120354E+01   0.560622E+00   0.125765E+02   0.583229E+00   0.245800E+00
 0.121792E+01   0.575243E+00   0.125670E+02   0.599079E+00   0.248602E+00
 0.123230E+01   0.589874E+00   0.125605E+02   0.614974E+00   0.251399E+00
 0.124668E+01   0.604511E+00   0.125550E+02   0.630907E+00   0.254192E+00
 0.126106E+01   0.619145E+00   0.125504E+02   0.646869E+00   0.256980E+00
 0.127544E+01   0.633769E+00   0.125452E+02   0.662853E+00   0.259763E+00
 0.128982E+01   0.648377E+00   0.125469E+02   0.678853E+00   0.262542E+00
 0.130420E+01   0.662963E+00   0.125436E+02   0.694860E+00   0.265316E+00
 0.131858E+01   0.677520E+00   0.125408E+02   0.710868E+00   0.268085E+00
 0.133296E+01   0.692042E+00   0.125372E+02   0.726871E+00   0.270849E+00
 0.134734E+01   0.706524E+00   0.125363E+02   0.742862E+00   0.273608E+00
 0.136172E+01   0.720960E+00   0.125386E+02   0.758834E+00   0.276363E+00
 0.137610E+01   0.735344E+00   0.125475E+02   0.774782E+00   0.279112E+00
 0.139048E+01   0.749673E+00   0.125486E+02   0.790700E+00   0.281857E+00
 0.140486E+01   0.763940E+00   0.125439E+02   0.806582E+00   0.284597E+00
 0.141924E+01   0.778141E+00   0.125460E+02   0.822423E+00   0.287332E+00
 0.143362E+01   0.792273E+00   0.125583E+02   0.838217E+00   0.290062E+00
 0.144800E+01   0.806330E+00   0.125575E+02   0.853960E+00   0.292788E+00
 0.146238E+01   0.820308E+00   0.125588E+02   0.869647E+00   0.295508E+00
 0.147676E+01   0.834205E+00   0.125608E+02   0.885272E+00   0.298223E+00
 0.149114E+01   0.848015E+00   0.125672E+02   0.900832E+00   0.300934E+00
 0.150552E+01   0.861737E+00   0.125669E+02   0.916322E+00   0.303640E+00
 0.151990E+01   0.875365E+00   0.125712E+02   0.931738E+00   0.306340E+00
 0.153428E+01   0.888899E+00   0.125785E+02   0.947076E+00   0.309036E+00
 0.154866E+01   0.902334E+00   0.125808E+02   0.962333E+00   0.311727E+00
 0.156304E+01   0.915668E+00   0.125803E+02   0.977505E+00   0.314413E+00
 0.157742E+01   0.928899E+00   0.125843E+02   0.992588E+00   0.317094E+00
 0.159180E+01   0.942024E+00   0.125930E+02   0.100758E+01   0.319770E+00
 0.160618E+01   0.955040E+00   0.125912E+02   0.102248E+01   0.322442E+00
 0.162056E+01   0.967947E+00   0.125908E+02   0.103728E+01   0.325108E+00
 0.163494E+01   0.980742E+00   0.125985E+02   0.105198E+01   0.327769E+00
 0.164932E+01   0.993423E+00   0.126040E+02   0.106657E+01   0.330426E+00
 0.166370E+01   0.100599E+01   0.126035E+02   0.108106E+01   0.333078E+00
 0.167808E+01   0.101844E+01   0.126071E+02   0.109545E+01   0.335725E+00
 0.169246E+01   0.103077E+01   0.126092E+02   0.110972E+01   0.338367E+00
 0.170684E+01   0.104298E+01   0.126141E+02   0.112388E+01   0.341004E+00
 0.172122E+01   0.105508E+01   0.126156E+02   0.113793E+01   0.343636E+00
 0.173560E+01   0.106705E+01   0.126190E+02   0.115187E+01   0.346263E+00
 0.174998E+01   0.107890E+01   0.126184E+02   0.116569E+01   0.348886E+00
 0.176436E+01   0.109062E+01   0.126250E+02   0.117939E+01   0.351504E+00
 0.177874E+01   0.110223E+01   0.126185E+02   0.119297E+01   0.354117E+00
 0.179312E+01   0.111371E+01   0.126238E+02   0.120643E+01   0.356725E+00
 0.180750E+01   0.112507E+01   0.126250E+02   0.121977E+01   0.359328E+00
 0.182188E+01   0.113630E+01   0.126281E+02   0.123298E+01   0.361927E+00
 0.183626E+01   0.114741E+01   0.126249E+02   0.124608E+01   0.364521E+00
 0.185064E+01   0.115839E+01   0.126317E+02   0.125905E+01   0.367110E+00
 0.186502E+01   0.116925E+01   0.126282E+02   0.127189E+01   0.369694E+00
 0.187940E+01   0.117999E+01   0.126255E+02   0.128461E+01   0.372274E+00
 0.189378E+01   0.119060E+01   0.126332E+02   0.129721E+01   0.374849E+00
 0.190816E+01   0.120109E+01   0.126261E+02   0.130968E+01   0.377419E+00
 0.192254E+01   0.121145E+01   0.126266E+02   0.132202E+01   0.379984E+00
 0.193692E+01   0.122169E+01   0.126286E+02   0.133424E+01   0.382545E+00
 0.195130E+01   0.123181E+01   0.126334E+02   0.134633E+01   0.385102E+00
 0.196568E+01   0.124181E+01   0.126292E+02   0.135829E+01   0.387653E+00
 0.198006E+01   0.125168E+01   0.126340E+02   0.137013E+01   0.390200E+00
 0.199444E+01   0.126144E+01   0.126330E+02   0.138184E+01   0.392743E+00
 0.200882E+01   0.127107E+01   0.126283E+02   0.139343E+01   0.395281E+00
 0.202320E+01   0.128058E+01   0.126238E+02   0.140489E+01   0.397814E+00
 0.203758E+01   0.128997E+01   0.126289E+02   0.141622E+01   0.400343E+00
 0.205196E+01   0.129925E+01   0.126276E+02   0.142743E+01   0.402867E+00
 0.206634E+01   0.130841E+01   0.126240E+02   0.143851E+01   0.405387E+00
 0.208072E+01   0.131745E+01   0.126238E+02   0.144947E+01   0.407902E+00
 0.209510E+01   0.132637E+01   0.126186E+02   0.146031E+01   0.410413E+00
 0.210948E+01   0.133518E+01   0.126168E+02   0.147102E+01   0.412919E+00
 0.212386E+01   0.134387E+01   0.126170E+02   0.148161E+01   0.415421E+00
 0.213824E+01   0.135246E+01   0.126150E+02   0.149207E+01   0.417919E+00
 0.215262E+01   0.136093E+01   0.126141E+02   0.150242E+01   0.420412E+00
 0.216700E+01   0.136929E+01   0.126127E+02   0.151265E+01   0.422900E+00
 0.218138E+01   0.137753E+01   0.126127E+02   0.152275E+01   0.425385E+00
 0.219576E+01   0.138567E+01   0.126114E+02   0.153274E+01   0.427865E+00
 0.221014E+01   0.139370E+01   0.126010E+02   0.154261E+01   0.430341E+00
 0.222452E+01   0.140163E+01   0.126030E+02   0.155236E+01   0.432812E+00
 0.223890E+01   0.140945E+01   0.125960E+02   0.156199E+01   0.435279E+00
 0.225328E+01   0.141716E+01   0.125952E+02   0.157151E+01   0.437742E+00
 0.226766E+01   0.142477E+01   0.125961E+02   0.158091E+01   0.440201E+00
 0.228204E+01   0.143228E+01   0.125931E+02   0.159020E+01   0.442656E+00
 0.229642E+01   0.143968E+01   0.125830E+02   0.159937E+01   0.445106E+00
 0.231080E+01   0.144699E+01   0.125801E+02   0.160844E+01   0.447552E+00
 0.232518E+01   0.145419E+01   0.125805E+02   0.161739E+01   0.449994E+00
 0.233956E+01   0.146130E+01   0.125776E+02   0.162623E+01   0.452432E+00
 0.235394E+01   0.146831E+01   0.125744E+02   0.163496E+01   0.454866E+00
 0.236832E+01   0.147522E+01   0.125738E+02   0.164359E+01   0.457295E+00
 0.238270E+01   0.148204E+01   0.125710E+02   0.165210E+01   0.459721E+00
 0.239708E+01   0.148876E+01   0.125671E+02   0.166051E+01   0.462142E+00
 0.241146E+01   0.149540E+01   0.125600E+02   0.166882E+01   0.464560E+00
 0.242584E+01   0.150194E+01   0.125578E+02   0.167702E+01   0.466973E+00
 0.244022E+01   0.150839E+01   0.125549E+02   0.168512E+01   0.469383E+00
 0.245460E+01   0.151475E+01   0.125442E+02   0.169311E+01   0.471788E+00
 0.246898E+01   0.152102E+01   0.125428E+02   0.170101E+01   0.474190E+00
 0.248336E+01   0.152721E+01   0.125400E+02   0.170880E+01   0.476587E+00
 0.249774E+01   0.153331E+01   0.125356E+02   0.171650E+01   0.478981E+00
 0.251212E+01   0.153932E+01   0.125279E+02   0.172410E+01   0.481371E+00
 0.252650E+01   0.154526E+01   0.125291E+02   0.173160E+01   0.483757E+00
 0.254088E+01   0.155110E+01   0.125185E+02   0.173901E+01   0.486139E+00
 0.255526E+01   0.155687E+01   0.125158E+02   0.174632E+01   0.488517E+00
 0.256964E+01   0.156256E+01   0.125103E+02   0.175353E+01   0.490892E+00
 0.258402E+01   0.156816E+01   0.125118E+02   0.176066E+01   0.493262E+00
 0.259840E+01   0.157369E+01   0.125052E+02   0.176769E+01   0.495629E+00
 0.261278E+01   0.157914E+01   0.125052E+02   0.177463E+01   0.497992E+00
 0.262716E+01   0.158452E+01   0.124964E+02   0.178149E+01   0.500352E+00
 0.264154E+01   0.158982E+01   0.124922E+02   0.178825E+01   0.502708E+00
 0.265592E+01   0.159504E+01   0.124842E+02   0.179493E+01   0.505060E+00
 0.267030E+01   0.160020E+01   0.124774E+02   0.180152E+01   0.507408E+00
 0.268468E+01   0.160528E+01   0.124766E+02   0.180802E+01   0.509753E+00
 0.269906E+01   0.161028E+01   0.124735E+02   0.181445E+01   0.512094E+00
 0.271344E+01   0.161522E+01   0.124703E+02   0.182078E+01   0.514431E+00
 0.272782E+01   0.162009E+01   0.124591E+02   0.182704E+01   0.516765E+00
 0.274220E+01   0.162489E+01   0.124539E+02   0.183321E+01   0.519095E+00
 0.275658E+01   0.162962E+01   0.124490E+02   0.183930E+01   0.521422E+00
 0.277096E+01   0.163429E+01   0.124464E+02   0.184532E+01   0.523745E+00
 0.278534E+01   0.163889E+01   0.124470E+02   0.185125E+01   0.526064E+00
 0.279972E+01   0.164343E+01   0.124391E+02   0.185711E+01   0.528381E+00
 0.281410E+01   0.164790E+01   0.124302E+02   0.186289E+01   0.530693E+00
 0.282848E+01   0.165231E+01   0.124286E+02   0.186860E+01   0.533002E+00
 0.284286E+01   0.165665E+01   0.124270E+02   0.187423E+01   0.535308E+00
 0.285724E+01   0.166094E+01   0.124211E+02   0.187978E+01   0.537610E+00
 0.287162E+01   0.166517E+01   0.124086E+02   0.188527E+01   0.539909E+00
 0.288600E+01   0.166933E+01   0.124097E+02   0.189068E+01   0.542205E+00
 0.290038E+01   0.167344E+01   0.124017E+02   0.189602E+01   0.544497E+00
 0.291476E+01   0.167749E+01   0.123929E+02   0.190129E+01   0.546785E+00
 0.292914E+01   0.168148E+01   0.123935E+02   0.190649E+01   0.549071E+00
 0.294352E+01   0.168542E+01   0.123810E+02   0.191163E+01   0.551353E+00
 0.295790E+01   0.168930E+01   0.123760E+02   0.191669E+01   0.553632E+00
 0.297228E+01   0.169313E+01   0.123752E+02   0.192169E+01   0.555907E+00
 0.298666E+01   0.169690E+01   0.123718E+02   0.192662E+01   0.558179E+00
 0.300104E+01   0.170062E+01   0.123676E+02   0.193149E+01   0.560448E+00
 0.301542E+01   0.170429E+01   0.123571E+02   0.193630E+01   0.562714E+00
 0.302980E+01   0.170790E+01   0.123495E+02   0.194104E+01   0.564976E+00
 0.304418E+01   0.171147E+01   0.123507E+02   0.194572E+01   0.567236E+00
 0.305856E+01   0.171498E+01   0.123384E+02   0.195033E+01   0.569492E+00
 0.307294E+01   0.171845E+01   0.123392E+02   0.195489E+01   0.571745E+00
 0.308732E+01   0.172187E+01   0.123281E+02   0.195938E+01   0.573994E+00
 0.310170E+01   0.172524E+01   0.123296E+02   0.196382E+01   0.576241E+00
 0.311608E+01   0.172856E+01   0.123188E+02   0.196820E+01   0.578484E+00
 0.313046E+01   0.173183E+01   0.123136E+02   0.197252E+01   0.580725E+00
 0.314484E+01   0.173506E+01   0.123134E+02   0.197678E+01   0.582962E+00
 0.315922E+01   0.173825E+01   0.123020E+02   0.198099E+01   0.585196E+00
 0.317360E+01   0.174139E+01   0.123027E+02   0.198514E+01   0.587427E+00
 0.318798E+01   0.174448E+01   0.122928E+02   0.198923E+01   0.589656E+00
 0.320236E+01   0.174753E+01   0.122896E+02   0.199328E+01   0.591881E+00
 0.321674E+01   0.175054E+01   0.122785E+02   0.199726E+01   0.594103E+00
 0.323112E+01   0.175351E+01   0.122718E+02   0.200120E+01   0.596322E+00
 0.324550E+01   0.175644E+01   0.122653E+02   0.200508E+01   0.598538E+00
 0.325988E+01   0.175932E+01   0.122601E+02   0.200891E+01   0.600751E+00
 0.327426E+01   0.176216E+01   0.122620E+02   0.201270E+01   0.602961E+00
 0.328864E+01   0.176497E+01   0.122540E+02   0.201643E+01   0.605169E+00
 0.330302E+01   0.176773E+01   0.122518E+02   0.202011E+01   0.607373E+00
 0.331740E+01   0.177046E+01   0.122450E+02   0.202374E+01   0.609574E+00
 0.333178E+01   0.177315E+01   0.122312E+02   0.202732E+01   0.611773E+00
 0.334616E+01   0.177580E+01   0.122302E+02   0.203086E+01   0.613969E+00
 0.336054E+01   0.177841E+01   0.122277E+02   0.203435E+01   0.616161E+00
 0.337492E+01   0.178099E+01   0.122179E+02   0.203780E+01   0.618351E+00
 0.338930E+01   0.178353E+01   0.122096E+02   0.204119E+01   0.620539E+00
 0.340368E+01   0.178604E+01   0.122094E+02   0.204455E+01   0.622723E+00
 0.341806E+01   0.178851E+01   0.122015E+02   0.204785E+01   0.624904E+00
 0.343244E+01   0.179094E+01   0.121961E+02   0.205112E+01   0.627083E+00
 0.344682E+01   0.179334E+01   0.121954E+02   0.205434E+01   0.629259E+00
 0.346120E+01   0.179571E+01   0.121847E+02   0.205752E+01   0.631432E+00
 0.347558E+01   0.179805E+01   0.121821E+02   0.206065E+01   0.633603E+00
 0.348996E+01   0.180035E+01   0.121713E+02   0.206375E+01   0.635771E+00
 0.350434E+01   0.180262E+01   0.121645E+02   0.206680E+01   0.637936E+00
 0.351872E+01   0.180486E+01   0.121622E+02   0.206981E+01   0.640098E+00
 0.353310E+01   0.180706E+01   0.121618E+02   0.207278E+01   0.642258E+00
 0.354748E+01   0.180924E+01   0.121493E+02   0.207571E+01   0.644414E+00
 0.356186E+01   0.181139E+01   0.121453E+02   0.207861E+01   0.646569E+00
 0.357624E+01   0.181350E+01   0.121400E+02   0.208146E+01   0.648720E+00
 0.359062E+01   0.181559E+01   0.121391E+02   0.208428E+01   0.650869E+00
 0.360500E+01   0.181765E+01   0.121309E+02   0.208706E+01   0.653016E+00
 0.361938E+01   0.181967E+01   0.121229E+02   0.208980E+01   0.655159E+00
 0.363376E+01   0.182167E+01   0.121166E+02   0.209250E+01   0.657301E+00
 0.364814E+01   0.182365E+01   0.121115E+02   0.209517E+01   0.659439E+00
 0.366252E+01   0.182559E+01   0.121043E+02   0.209780E+01   0.661575E+00
 0.367690E+01   0.182751E+01   0.121021E+02   0.210040E+01   0.663709E+00
 0.369128E+01   0.182940E+01   0.120989E+02   0.210296E+01   0.665839E+00
 0.370566E+01   0.183126E+01   0.120867E+02   0.210549E+01   0.667968E+00
 0.372004E+01   0.183310E+01   0.120895E+02   0.210799E+01   0.670094E+00
 0.373442E+01   0.183491E+01   0.120799E+02   0.211045E+01   0.672217E+00
 0.374880E+01   0.183670E+01   0.120761E+02   0.211287E+01   0.674338E+00
 0.376318E+01   0.183846E+01   0.120634E+02   0.211527E+01   0.676456E+00
 0.377756E+01   0.184019E+01   0.120594E+02   0.211763E+01   0.678572E+00
 0.379194E+01   0.184191E+01   0.120581E+02   0.211996E+01   0.680685E+00
 0.380632E+01   0.184359E+01   0.120518E+02   0.212226E+01   0.682796E+00
 0.382070E+01   0.184526E+01   0.120488E+02   0.212453E+01   0.684905E+00
 0.383508E+01   0.184690E+01   0.120380E+02   0.212677E+01   0.687011E+00
 0.384946E+01   0.184852E+01   0.120382E+02   0.212898E+01   0.689114E+00
 0.386384E+01   0.185011E+01   0.120339E+02   0.213115E+01   0.691215E+00
 0.387822E+01   0.185168E+01   0.120251E+02   0.213330E+01   0.693314E+00
 0.389260E+01   0.185324E+01   0.120148E+02   0.213542E+01   0.695411E+00
 0.390698E+01   0.185476E+01   0.120175E+02   0.213751E+01   0.697505E+00
 0.392136E+01   0.185627E+01   0.120038E+02   0.213957E+01   0.699596E+00
 0.393574E+01   0.185776E+01   0.120002E+02   0.214161E+01   0.701686E+00
 0.395012E+01   0.185922E+01   0.119930E+02   0.214361E+01   0.703773E+00
 0.396450E+01   0.186067E+01   0.119932E+02   0.214559E+01   0.705858E+00
 0.397888E+01   0.186209E+01   0.119903E+02   0.214754E+01   0.707940E+00
 0.399326E+01   0.186349E+01   0.119852E+02   0.214947E+01   0.710020E+00
 0.400764E+01   0.186488E+01   0.119785E+02   0.215137E+01   0.712098E+00
 0.402202E+01   0.186624E+01   0.119692E+02   0.215324E+01   0.714173E+00
 0.403640E+01   0.186758E+01   0.119695E+02   0.215508E+01   0.716246E+00
 0.405078E+01   0.186891E+01   0.119579E+02   0.215691E+01   0.718317E+00
 0.406516E+01   0.187022E+01   0.119547E+02   0.215870E+01   0.720386E+00
 0.407954E+01   0.187150E+01   0.119457E+02   0.216047E+01   0.722452E+00
 0.409392E+01   0.187277E+01   0.119453E+02   0.216222E+01   0.724517E+00
 0.410830E+01   0.187402E+01   0.119345E+02   0.216394E+01   0.726579E+00
 0.412268E+01   0.187526E+01   0.119334E+02   0.216564E+01   0.728638E+00
 0.413706E+01   0.187647E+01   0.119237E+02   0.216732E+01   0.730696E+00
 0.415144E+01   0.187767E+01   0.119271E+02   0.216897E+01   0.732751E+00
 0.416582E+01   0.187885E+01   0.119195E+02   0.217060E+01   0.734804E+00
 0.418020E+01   0.188002E+01   0.119094E+02   0.217221E+01   0.736855E+00
 0.419458E+01   0.188116E+01   0.119053E+02   0.217379E+01   0.738904E+00
 0.420896E+01   0.188229E+01   0.119052E+02   0.217535E+01   0.740951E+00
 0.422334E+01   0.188341E+01   0.119002E+02   0.217690E+01   0.742995E+00
 0.423772E+01   0.188451E+01   0.118873E+02   0.217841E+01   0.745038E+00
 0.425210E+01   0.188559E+01   0.118883E+02   0.217991E+01   0.747078E+00
 0.426648E+01   0.188666E+01   0.118815E+02   0.218139E+01   0.749116E+00
 0.428086E+01   0.188771E+01   0.118759E+02   0.218284E+01   0.751152E+00
 0.429524E+01   0.188874E+01   0.118652E+02   0.218428E+01   0.753186E+00
 0.430962E+01   0.188976E+01   0.118601E+02   0.218569E+01   0.755218E+00
 0.432400E+01   0.189077E+01   0.118549E+02   0.218709E+01   0.757248E+00
 0.433838E+01   0.189176E+01   0.118561E+02   0.218846E+01   0.759275E+00
 0.435276E+01   0.189274E+01   0.118476E+02   0.218982E+01   0.761301E+00
 0.436714E+01   0.189370E+01   0.118461E+02   0.219115E+01   0.763325E+00
 0.438152E+01   0.189465E+01   0.118394E+02   0.219247E+01   0.765346E+00
 0.439590E+01   0.189558E+01   0.118385E+02   0.219377E+01   0.767366E+00
 0.441028E+01   0.189650E+01   0.118326E+02   0.219505E+01   0.769383E+00
 0.442466E+01   0.189741E+01   0.118285E+02   0.219631E+01   0.771398E+00
 0.443904E+01   0.189830E+01   0.118138E+02   0.219755E+01   0.773412E+00
 0.445342E+01   0.189918E+01   0.118106E+02   0.219877E+01   0.775423E+00
 0.446780E+01   0.190005E+01   0.118068E+02   0.219998E+01   0.777433E+00
 0.448218E+01   0.190090E+01   0.117996E+02   0.220117E+01   0.779440E+00
 0.449656E+01   0.190174E+01   0.118005E+02   0.220234E+01   0.781446E+00
 0.451094E+01   0.190257E+01   0.117965E+02   0.220350E+01   0.783449E+00
 0.452532E+01   0.190339E+01   0.117898E+02   0.220463E+01   0.785451E+00
 0.453970E+01   0.190419E+01   0.117870E+02   0.220575E+01   0.787450E+00
 0.455408E+01   0.190498E+01   0.117756E+02   0.220686E+01   0.789448E+00
 0.456846E+01   0.190576E+01   0.117737E+02   0.220795E+01   0.791444E+00
 0.458284E+01   0.190653E+01   0.117657E+02   0.220902E+01   0.793437E+00
 0.459722E+01   0.190728E+01   0.117595E+02   0.221007E+01   0.795429E+00
 0.461160E+01   0.190803E+01   0.117552E+02   0.221111E+01   0.797419E+00
 0.462598E+01   0.190876E+01   0.117575E+02   0.221214E+01   0.799407E+00
 0.464036E+01   0.190948E+01   0.117535E+02   0.221315E+01   0.801394E+00
 0.465474E+01   0.191019E+01   0.117409E+02   0.221414E+01   0.803378E+00
 0.466912E+01   0.191089E+01   0.117364E+02   0.221512E+01   0.805360E+00
 0.468350E+01   0.191158E+01   0.117319E+02   0.221608E+01   0.807341E+00
 0.469788E+01   0.191226E+01   0.117282E+02   0.221703E+01   0.809319E+00
 0.471226E+01   0.191292E+01   0.117249E+02   0.221797E+01   0.811296E+00
 0.472664E+01   0.191358E+01   0.117173E+02   0.221889E+01   0.813271E+00
 0.474102E+01   0.191423E+01   0.117165E+02   0.221979E+01   0.815244E+00
 0.475540E+01   0.191486E+01   0.117140E+02   0.222068E+01   0.817215E+00
 0.476978E+01   0.191549E+01   0.117096E+02   0.222156E+01   0.819185E+00
 0.478416E+01   0.191610E+01   0.116971E+02   0.222243E+01   0.821153E+00
 0.479854E+01   0.191671E+01   0.117000E+02   0.222328E+01   0.823118E+00
 0.481292E+01   0.191730E+01   0.116937E+02   0.222411E+01   0.825082E+00
 0.482730E+01   0.191789E+01   0.116854E+02   0.222494E+01   0.827045E+00
 0.484168E+01   0.191847E+01   0.116782E+02   0.222575E+01   0.829005E+00
 0.485606E+01   0.191904E+01   0.116805E+02   0.222655E+01   0.830964E+00
 0.487044E+01   0.191959E+01   0.116728E+02   0.222733E+01   0.832920E+00
 0.488482E+01   0.192014E+01   0.116685E+02   0.222810E+01   0.834876E+00
 0.489920E+01   0.192068E+01   0.116666E+02   0.222886E+01   0.836829E+00
 0.491358E+01   0.192121E+01   0.116533E+02   0.222961E+01   0.838780E+00
 0.492796E+01   0.192174E+01   0.116502E+02   0.223035E+01   0.840730E+00
 0.494234E+01   0.192225E+01   0.116448E+02   0.223107E+01   0.842678E+00
 0.495672E+01   0.192275E+01   0.116418E+02   0.223178E+01   0.844625E+00
 0.497110E+01   0.192325E+01   0.116352E+02   0.223248E+01   0.846569E+00
 0.498548E+01   0.192374E+01   0.116301E+02   0.223317E+01   0.848512E+00
 0.499986E+01   0.192422E+01   0.116339E+02   0.223384E+01   0.850453E+00
 0.501424E+01   0.192469E+01   0.116210E+02   0.223451E+01   0.852393E+00
 0.502862E+01   0.192515E+01   0.116203E+02   0.223516E+01   0.854331E+00
 0.504300E+01   0.192561E+01   0.116139E+02   0.223581E+01   0.856267E+00
 0.505738E+01   0.192606E+01   0.116102E+02   0.223644E+01   0.858201E+00
 0.507176E+01   0.192649E+01   0.116048E+02   0.223706E+01   0.860134E+00
 0.508614E+01   0.192693E+01   0.116044E+02   0.223767E+01   0.862065E+00
 0.510052E+01   0.192735E+01   0.116000E+02   0.223827E+01   0.863994E+00
 0.511490E+01   0.192777E+01   0.115906E+02   0.223886E+01   0.865922E+00
 0.512928E+01   0.192817E+01   0.115840E+02   0.223943E+01   0.867848E+00
 0.514366E+01   0.192858E+01   0.115848E+02   0.224000E+01   0.869772E+00
 0.515804E+01   0.192897E+01   0.115795E+02   0.224056E+01   0.871695E+00
 0.517242E+01   0.192936E+01   0.115756E+02   0.224111E+01   0.873616E+00
 0.518680E+01   0.192974E+01   0.115720E+02   0.224164E+01   0.875535E+00
 0.520118E+01   0.193011E+01   0.115681E+02   0.224217E+01   0.877453E+00
 0.521556E+01   0.193048E+01   0.115615E+02   0.224269E+01   0.879370E+00
 0.522994E+01   0.193083E+01   0.115585E+02   0.224320E+01   0.881284E+00
 0.524432E+01   0.193119E+01   0.115515E+02   0.224370E+01   0.883197E+00
 0.525870E+01   0.193153E+01   0.115462E+02   0.224419E+01   0.885109E+00
 0.527308E+01   0.193187E+01   0.115443E+02   0.224467E+01   0.887018E+00
 0.528746E+01   0.193220E+01   0.115411E+02   0.224514E+01   0.888927E+00
 0.530184E+01   0.193253E+01   0.115352E+02   0.224560E+01   0.890833E+00
 0.531622E+01   0.193285E+01   0.115319E+02   0.224605E+01   0.892738E+00
 0.533060E+01   0.193316E+01   0.115305E+02   0.224650E+01   0.894642E+00
 0.534498E+01   0.193346E+01   0.115186E+02   0.224693E+01   0.896544E+00
 0.535936E+01   0.193377E+01   0.115193E+02   0.224736E+01   0.898444E+00
 0.537374E+01   0.193406E+01   0.115121E+02   0.224778E+01   0.900343E+00
 0.538812E+01   0.193435E+01   0.115071E+02   0.224818E+01   0.902240E+00
 0.540250E+01   0.193463E+01   0.115039E+02   0.224858E+01   0.904136E+00
 0.541688E+01   0.193490E+01   0.114978E+02   0.224898E+01   0.906030E+00
 0.543126E+01   0.193517E+01   0.114949E+02   0.224936E+01   0.907923E+00
 0.544564E+01   0.193544E+01   0.114966E+02   0.224974E+01   0.909814E+00
 0.546002E+01   0.193570E+01   0.114860E+02   0.225011E+01   0.911703E+00
 0.547440E+01   0.193595E+01   0.114844E+02   0.225047E+01   0.913591E+00
 0.548878E+01   0.193620E+01   0.114759E+02   0.225082E+01   0.915478E+00
 0.550316E+01   0.193644E+01   0.114766E+02   0.225116E+01   0.917363E+00
 0.551754E+01   0.193668E+01   0.114689E+02   0.225150E+01   0.919246E+00
 0.553192E+01   0.193691E+01   0.114681E+02   0.225183E+01   0.921129E+00
 0.554630E+01   0.193713E+01   0.114597E+02   0.225215E+01   0.923009E+00
 0.556068E+01   0.193735E+01   0.114583E+02   0.225246E+01   0.924888E+00
 0.557506E+01   0.193757E+01   0.114588E+02   0.225277E+01   0.926766E+00
 0.558944E+01   0.193778E+01   0.114512E+02   0.225307E+01   0.928642E+00
 0.560382E+01   0.193798E+01   0.114421E+02   0.225336E+01   0.930517E+00
 0.561820E+01   0.193818E+01   0.114394E+02   0.225364E+01   0.932390E+00
 0.563258E+01   0.193838E+01   0.114360E+02   0.225392E+01   0.934261E+00
 0.564696E+01   0.193856E+01   0.114328E+02   0.225419E+01   0.936132E+00
 0.566134E+01   0.193875E+01   0.114247E+02   0.225446E+01   0.938001E+00
 0.567572E+01   0.193893E+01   0.114268E+02   0.225471E+01   0.939868E+00
 0.569010E+01   0.193910E+01   0.114184E+02   0.225496E+01   0.941734E+00
 0.570448E+01   0.193927E+01   0.114176E+02   0.225521E+01   0.943598E+00
 0.571886E+01   0.193944E+01   0.114129E+02   0.225544E+01   0.945462E+00
 0.573324E+01   0.193960E+01   0.114117E+02   0.225567E+01   0.947323E+00
 0.574762E+01   0.193976E+01   0.114000E+02   0.225590E+01   0.949183E+00
 0.576200E+01   0.193991E+01   0.113986E+02   0.225611E+01   0.951042E+00
 0.577638E+01   0.194006E+01   0.113921E+02   0.225632E+01   0.952900E+00
 0.579076E+01   0.194020E+01   0.113972E+02   0.225653E+01   0.954756E+00
 0.580514E+01   0.194034E+01   0.113837E+02   0.225673E+01   0.956610E+00
 0.581952E+01   0.194047E+01   0.113882E+02   0.225692E+01   0.958463E+00
 0.583390E+01   0.194060E+01   0.113776E+02   0.225711E+01   0.960315E+00
 0.584828E+01   0.194073E+01   0.113771E+02   0.225729E+01   0.962166E+00
 0.586266E+01   0.194085E+01   0.113688E+02   0.225746E+01   0.964015E+00
 0.587704E+01   0.194097E+01   0.113655E+02   0.225763E+01   0.965863E+00
 0.589142E+01   0.194108E+01   0.113605E+02   0.225779E+01   0.967709E+00
 0.590580E+01   0.194119E+01   0.113579E+02   0.225795E+01   0.969554E+00
 0.592018E+01   0.194130E+01   0.113565E+02   0.225810E+01   0.971397E+00
 0.593456E+01   0.194140E+01   0.113545E+02   0.225824E+01   0.973240E+00
 0.594894E+01   0.194149E+01   0.113456E+02   0.225838E+01   0.975080E+00
 0.596332E+01   0.194159E+01   0.113468E+02   0.225852E+01   0.976920E+00
 0.597770E+01   0.194168E+01   0.113380E+02   0.225865E+01   0.978758E+00
 0.599208E+01   0.194176E+01   0.113382E+02   0.225877E+01   0.980595E+00
 0.600646E+01   0.194184E+01   0.113291E+02   0.225889E+01   0.982431E+00
 0.602084E+01   0.194192E+01   0.113284E+02   0.225900E+01   0.984265E+00
 0.603522E+01   0.194200E+01   0.113266E+02   0.225911E+01   0.986098E+00
 0.604960E+01   0.194207E+01   0.113262E+02   0.225921E+01   0.987929E+00
 0.606398E+01   0.194214E+01   0.113131E+02   0.225930E+01   0.989759E+00
 0.607836E+01   0.194220E+01   0.113116E+02   0.225940E+01   0.991588E+00
 0.609274E+01   0.194226E+01   0.113077E+02   0.225948E+01   0.993416E+00
 0.610712E+01   0.194232E+01   0.113063E+02   0.225957E+01   0.995242E+00
 0.612150E+01   0.194237E+01   0.113028E+02   0.225964E+01   0.997067E+00
 0.613588E+01   0.194242E+01   0.113016E+02   0.225971E+01   0.998891E+00
 0.615026E+01   0.194247E+01   0.112929E+02   0.225978E+01   0.100071E+01
 0.616464E+01   0.194251E+01   0.112948E+02   0.225984E+01   0.100253E+01
 0.617902E+01   0.194255E+01   0.112921E+02   0.225990E+01   0.100435E+01
 0.619340E+01   0.194259E+01   0.112879E+02   0.225995E+01   0.100617E+01
 0.620778E+01   0.194262E+01   0.112761E+02   0.226000E+01   0.100799E+01
 0.622216E+01   0.194265E+01   0.112806E+02   0.226005E+01   0.100981E+01
 0.623654E+01   0.194268E+01   0.112709E+02   0.226009E+01   0.101162E+01
 0.625092E+01   0.194270E+01   0.112713E+02   0.226012E+01   0.101343E+01
 0.626530E+01   0.194272E+01   0.112629E+02   0.226015E+01   0.101525E+01
 0.627968E+01   0.194274E+01   0.112565E+02   0.226018E+01   0.101706E+01
 0.629406E+01   0.194276E+01   0.112601E+02   0.226020E+01   0.101887E+01
 0.630844E+01   0.194277E+01   0.112516E+02   0.226022E+01   0.102068E+01
 0.632282E+01   0.194278E+01   0.112510E+02   0.226023E+01   0.102248E+01
 0.633720E+01   0.194278E+01   0.112449E+02   0.226024E+01   0.102429E+01
 0.635158E+01   0.194279E+01   0.112406E+02   0.226024E+01   0.102609E+01
 0.636596E+01   0.194279E+01   0.112411E+02   0.226024E+01   0.102790E+01
 0.638034E+01   0.194279E+01   0.112358E+02   0.226024E+01   0.102970E+01
 
