 0.100000E+00   0.327910E+00   0.171309E+03   0.330252E+00   0.209161E-01
 0.117250E+00   0.300375E+00   0.170045E+03   0.302478E+00   0.245150E-01
 0.134500E+00   0.289066E+00   0.178974E+03   0.291092E+00   0.281119E-01
 0.151750E+00   0.263051E+00   0.180977E+03   0.264855E+00   0.317065E-01
 0.169000E+00   0.226100E+00   0.175739E+03   0.227585E+00   0.352989E-01
 0.186250E+00   0.186310E+00   0.165202E+03   0.187456E+00   0.388889E-01
 0.203500E+00   0.147001E+00   0.147048E+03   0.147816E+00   0.424768E-01
 0.220750E+00   0.123995E+00   0.136816E+03   0.124617E+00   0.460628E-01
 0.238000E+00   0.105996E+00   0.121446E+03   0.106466E+00   0.496463E-01
 0.255250E+00   0.980367E-01   0.116067E+03   0.984400E-01   0.532281E-01
 0.272500E+00   0.918493E-01   0.103463E+03   0.921991E-01   0.568078E-01
 0.289750E+00   0.892090E-01   0.934134E+02   0.895347E-01   0.603855E-01
 0.307000E+00   0.882568E-01   0.800066E+02   0.885725E-01   0.639612E-01
 0.324250E+00   0.887184E-01   0.685623E+02   0.890372E-01   0.675352E-01
 0.341500E+00   0.899673E-01   0.597586E+02   0.902971E-01   0.711074E-01
 0.358750E+00   0.915751E-01   0.523091E+02   0.919200E-01   0.746777E-01
 0.376000E+00   0.933845E-01   0.471198E+02   0.937473E-01   0.782464E-01
 0.393250E+00   0.954369E-01   0.444428E+02   0.958209E-01   0.818128E-01
 0.410500E+00   0.973157E-01   0.419635E+02   0.977198E-01   0.853862E-01
 0.427750E+00   0.999785E-01   0.401040E+02   0.100412E+00   0.889491E-01
 0.445000E+00   0.102868E+00   0.403229E+02   0.103336E+00   0.925108E-01
 0.462250E+00   0.106060E+00   0.397637E+02   0.106567E+00   0.960701E-01
 0.479500E+00   0.109597E+00   0.386589E+02   0.110149E+00   0.996272E-01
 0.496750E+00   0.113516E+00   0.357138E+02   0.114121E+00   0.103182E+00
 0.514000E+00   0.117858E+00   0.322604E+02   0.118525E+00   0.106734E+00
 0.531250E+00   0.122667E+00   0.293974E+02   0.123405E+00   0.110283E+00
 0.548500E+00   0.127916E+00   0.270188E+02   0.128737E+00   0.113829E+00
 0.565750E+00   0.133598E+00   0.250510E+02   0.134513E+00   0.117372E+00
 0.583000E+00   0.139793E+00   0.233769E+02   0.140817E+00   0.120912E+00
 0.600250E+00   0.146552E+00   0.219451E+02   0.147702E+00   0.124449E+00
 0.617500E+00   0.153919E+00   0.207139E+02   0.155214E+00   0.127982E+00
 0.634750E+00   0.161936E+00   0.196523E+02   0.163399E+00   0.131512E+00
 0.652000E+00   0.170642E+00   0.187334E+02   0.172298E+00   0.135037E+00
 0.669250E+00   0.180071E+00   0.179432E+02   0.181950E+00   0.138559E+00
 0.686500E+00   0.190256E+00   0.172458E+02   0.192391E+00   0.142076E+00
 0.703750E+00   0.201228E+00   0.166532E+02   0.203657E+00   0.145589E+00
 0.721000E+00   0.213014E+00   0.161327E+02   0.215777E+00   0.149097E+00
 0.738250E+00   0.225636E+00   0.156738E+02   0.228782E+00   0.152599E+00
 0.755500E+00   0.239117E+00   0.152857E+02   0.242697E+00   0.156097E+00
 0.772750E+00   0.253474E+00   0.149444E+02   0.257545E+00   0.159589E+00
 0.790000E+00   0.268723E+00   0.146467E+02   0.273350E+00   0.163076E+00
 0.807250E+00   0.284875E+00   0.143937E+02   0.290127E+00   0.166556E+00
 0.824500E+00   0.301940E+00   0.141790E+02   0.307894E+00   0.170030E+00
 0.841750E+00   0.319925E+00   0.139916E+02   0.326664E+00   0.173498E+00
 0.859000E+00   0.338832E+00   0.138383E+02   0.346447E+00   0.176959E+00
 0.876250E+00   0.358663E+00   0.136975E+02   0.367251E+00   0.180413E+00
 0.893500E+00   0.379415E+00   0.135822E+02   0.389080E+00   0.183860E+00
 0.910750E+00   0.401082E+00   0.134867E+02   0.411938E+00   0.187299E+00
 0.928000E+00   0.423655E+00   0.134150E+02   0.435823E+00   0.190731E+00
 0.945250E+00   0.447123E+00   0.133516E+02   0.460731E+00   0.194154E+00
 0.962500E+00   0.471472E+00   0.132952E+02   0.486654E+00   0.197569E+00
 0.979750E+00   0.496682E+00   0.132564E+02   0.513583E+00   0.200976E+00
 0.997000E+00   0.522732E+00   0.132239E+02   0.541504E+00   0.204374E+00
 0.101425E+01   0.549598E+00   0.132125E+02   0.570399E+00   0.207762E+00
 0.103150E+01   0.577252E+00   0.131959E+02   0.600248E+00   0.211142E+00
 0.104875E+01   0.605664E+00   0.131916E+02   0.631026E+00   0.214511E+00
 0.106600E+01   0.634799E+00   0.131854E+02   0.662706E+00   0.217871E+00
 0.108325E+01   0.664620E+00   0.131932E+02   0.695257E+00   0.221221E+00
 0.110050E+01   0.695087E+00   0.132060E+02   0.728644E+00   0.224561E+00
 0.111775E+01   0.726159E+00   0.132230E+02   0.762829E+00   0.227890E+00
 0.113500E+01   0.757790E+00   0.132382E+02   0.797771E+00   0.231208E+00
 0.115225E+01   0.789933E+00   0.132597E+02   0.833426E+00   0.234515E+00
 0.116950E+01   0.822539E+00   0.132786E+02   0.869747E+00   0.237811E+00
 0.118675E+01   0.855558E+00   0.132980E+02   0.906685E+00   0.241095E+00
 0.120400E+01   0.888938E+00   0.133321E+02   0.944189E+00   0.244367E+00
 0.122125E+01   0.922625E+00   0.133538E+02   0.982204E+00   0.247628E+00
 0.123850E+01   0.956566E+00   0.133834E+02   0.102068E+01   0.250877E+00
 0.125575E+01   0.990708E+00   0.134126E+02   0.105955E+01   0.254114E+00
 0.127300E+01   0.102500E+01   0.134403E+02   0.109876E+01   0.257338E+00
 0.129025E+01   0.105938E+01   0.134729E+02   0.113827E+01   0.260549E+00
 0.130750E+01   0.109380E+01   0.134953E+02   0.117800E+01   0.263748E+00
 0.132475E+01   0.112821E+01   0.135267E+02   0.121790E+01   0.266934E+00
 0.134200E+01   0.116256E+01   0.135549E+02   0.125791E+01   0.270107E+00
 0.135925E+01   0.119680E+01   0.135928E+02   0.129799E+01   0.273267E+00
 0.137650E+01   0.123089E+01   0.136170E+02   0.133806E+01   0.276414E+00
 0.139375E+01   0.126478E+01   0.136450E+02   0.137809E+01   0.279548E+00
 0.141100E+01   0.129843E+01   0.136733E+02   0.141803E+01   0.282668E+00
 0.142825E+01   0.133180E+01   0.136970E+02   0.145781E+01   0.285775E+00
 0.144550E+01   0.136485E+01   0.137272E+02   0.149740E+01   0.288868E+00
 0.146275E+01   0.139755E+01   0.137520E+02   0.153675E+01   0.291948E+00
 0.148000E+01   0.142987E+01   0.137715E+02   0.157582E+01   0.295014E+00
 0.149725E+01   0.146178E+01   0.137910E+02   0.161457E+01   0.298067E+00
 0.151450E+01   0.149325E+01   0.138194E+02   0.165297E+01   0.301106E+00
 0.153175E+01   0.152427E+01   0.138338E+02   0.169098E+01   0.304132E+00
 0.154900E+01   0.155480E+01   0.138629E+02   0.172857E+01   0.307144E+00
 0.156625E+01   0.158484E+01   0.138740E+02   0.176572E+01   0.310142E+00
 0.158350E+01   0.161436E+01   0.138974E+02   0.180239E+01   0.313127E+00
 0.160075E+01   0.164336E+01   0.139142E+02   0.183857E+01   0.316099E+00
 0.161800E+01   0.167183E+01   0.139323E+02   0.187423E+01   0.319057E+00
 0.163525E+01   0.169975E+01   0.139412E+02   0.190937E+01   0.322001E+00
 0.165250E+01   0.172711E+01   0.139593E+02   0.194396E+01   0.324932E+00
 0.166975E+01   0.175392E+01   0.139754E+02   0.197798E+01   0.327850E+00
 0.168700E+01   0.178018E+01   0.139815E+02   0.201144E+01   0.330754E+00
 0.170425E+01   0.180587E+01   0.139944E+02   0.204432E+01   0.333645E+00
 0.172150E+01   0.183100E+01   0.140038E+02   0.207661E+01   0.336523E+00
 0.173875E+01   0.185557E+01   0.140133E+02   0.210831E+01   0.339388E+00
 0.175600E+01   0.187958E+01   0.140251E+02   0.213942E+01   0.342240E+00
 0.177325E+01   0.190304E+01   0.140325E+02   0.216993E+01   0.345079E+00
 0.179050E+01   0.192595E+01   0.140439E+02   0.219984E+01   0.347905E+00
 0.180775E+01   0.194831E+01   0.140491E+02   0.222915E+01   0.350718E+00
 0.182500E+01   0.197014E+01   0.140510E+02   0.225787E+01   0.353519E+00
 0.184225E+01   0.199144E+01   0.140556E+02   0.228599E+01   0.356307E+00
 0.185950E+01   0.201222E+01   0.140599E+02   0.231352E+01   0.359082E+00
 0.187675E+01   0.203248E+01   0.140689E+02   0.234047E+01   0.361846E+00
 0.189400E+01   0.205224E+01   0.140670E+02   0.236684E+01   0.364597E+00
 0.191125E+01   0.207150E+01   0.140748E+02   0.239264E+01   0.367335E+00
 0.192850E+01   0.209027E+01   0.140723E+02   0.241787E+01   0.370062E+00
 0.194575E+01   0.210856E+01   0.140769E+02   0.244254E+01   0.372777E+00
 0.196300E+01   0.212638E+01   0.140760E+02   0.246665E+01   0.375479E+00
 0.198025E+01   0.214374E+01   0.140764E+02   0.249023E+01   0.378170E+00
 0.199750E+01   0.216065E+01   0.140774E+02   0.251326E+01   0.380850E+00
 0.201475E+01   0.217712E+01   0.140804E+02   0.253577E+01   0.383517E+00
 0.203200E+01   0.219316E+01   0.140784E+02   0.255776E+01   0.386174E+00
 0.204925E+01   0.220879E+01   0.140705E+02   0.257924E+01   0.388819E+00
 0.206650E+01   0.222400E+01   0.140720E+02   0.260022E+01   0.391452E+00
 0.208375E+01   0.223881E+01   0.140696E+02   0.262071E+01   0.394075E+00
 0.210100E+01   0.225323E+01   0.140705E+02   0.264072E+01   0.396686E+00
 0.211825E+01   0.226726E+01   0.140639E+02   0.266025E+01   0.399287E+00
 0.213550E+01   0.228093E+01   0.140629E+02   0.267932E+01   0.401877E+00
 0.215275E+01   0.229423E+01   0.140572E+02   0.269794E+01   0.404456E+00
 0.217000E+01   0.230718E+01   0.140525E+02   0.271612E+01   0.407024E+00
 0.218725E+01   0.231979E+01   0.140520E+02   0.273386E+01   0.409582E+00
 0.220450E+01   0.233206E+01   0.140477E+02   0.275117E+01   0.412129E+00
 0.222175E+01   0.234400E+01   0.140409E+02   0.276807E+01   0.414667E+00
 0.223900E+01   0.235563E+01   0.140434E+02   0.278456E+01   0.417194E+00
 0.225625E+01   0.236695E+01   0.140339E+02   0.280065E+01   0.419710E+00
 0.227350E+01   0.237796E+01   0.140275E+02   0.281635E+01   0.422217E+00
 0.229075E+01   0.238868E+01   0.140280E+02   0.283168E+01   0.424714E+00
 0.230800E+01   0.239912E+01   0.140200E+02   0.284663E+01   0.427201E+00
 0.232525E+01   0.240928E+01   0.140140E+02   0.286122E+01   0.429678E+00
 0.234250E+01   0.241916E+01   0.140101E+02   0.287545E+01   0.432146E+00
 0.235975E+01   0.242879E+01   0.140014E+02   0.288934E+01   0.434604E+00
 0.237700E+01   0.243815E+01   0.139970E+02   0.290288E+01   0.437053E+00
 0.239425E+01   0.244727E+01   0.139853E+02   0.291610E+01   0.439492E+00
 0.241150E+01   0.245615E+01   0.139833E+02   0.292900E+01   0.441922E+00
 0.242875E+01   0.246479E+01   0.139699E+02   0.294157E+01   0.444343E+00
 0.244600E+01   0.247320E+01   0.139628E+02   0.295385E+01   0.446755E+00
 0.246325E+01   0.248139E+01   0.139624E+02   0.296582E+01   0.449158E+00
 0.248050E+01   0.248936E+01   0.139541E+02   0.297750E+01   0.451552E+00
 0.249775E+01   0.249712E+01   0.139451E+02   0.298889E+01   0.453937E+00
 0.251500E+01   0.250467E+01   0.139379E+02   0.300000E+01   0.456314E+00
 0.253225E+01   0.251203E+01   0.139283E+02   0.301084E+01   0.458681E+00
 0.254950E+01   0.251919E+01   0.139259E+02   0.302141E+01   0.461041E+00
 0.256675E+01   0.252616E+01   0.139178E+02   0.303172E+01   0.463391E+00
 0.258400E+01   0.253294E+01   0.139026E+02   0.304178E+01   0.465734E+00
 0.260125E+01   0.253955E+01   0.138966E+02   0.305160E+01   0.468068E+00
 0.261850E+01   0.254598E+01   0.138930E+02   0.306117E+01   0.470394E+00
 0.263575E+01   0.255224E+01   0.138817E+02   0.307050E+01   0.472711E+00
 0.265300E+01   0.255834E+01   0.138773E+02   0.307960E+01   0.475021E+00
 0.267025E+01   0.256427E+01   0.138650E+02   0.308848E+01   0.477323E+00
 0.268750E+01   0.257005E+01   0.138598E+02   0.309714E+01   0.479616E+00
 0.270475E+01   0.257568E+01   0.138528E+02   0.310559E+01   0.481902E+00
 0.272200E+01   0.258116E+01   0.138405E+02   0.311383E+01   0.484180E+00
 0.273925E+01   0.258649E+01   0.138331E+02   0.312186E+01   0.486450E+00
 0.275650E+01   0.259168E+01   0.138219E+02   0.312969E+01   0.488713E+00
 0.277375E+01   0.259674E+01   0.138206E+02   0.313733E+01   0.490968E+00
 0.279100E+01   0.260166E+01   0.138045E+02   0.314478E+01   0.493216E+00
 0.280825E+01   0.260645E+01   0.138021E+02   0.315204E+01   0.495456E+00
 0.282550E+01   0.261112E+01   0.137923E+02   0.315913E+01   0.497689E+00
 0.284275E+01   0.261566E+01   0.137779E+02   0.316603E+01   0.499915E+00
 0.286000E+01   0.262008E+01   0.137726E+02   0.317277E+01   0.502133E+00
 0.287725E+01   0.262439E+01   0.137691E+02   0.317933E+01   0.504344E+00
 0.289450E+01   0.262858E+01   0.137532E+02   0.318573E+01   0.506548E+00
 0.291175E+01   0.263266E+01   0.137495E+02   0.319197E+01   0.508745E+00
 0.292900E+01   0.263663E+01   0.137420E+02   0.319806E+01   0.510936E+00
 0.294625E+01   0.264050E+01   0.137301E+02   0.320399E+01   0.513119E+00
 0.296350E+01   0.264426E+01   0.137205E+02   0.320977E+01   0.515295E+00
 0.298075E+01   0.264793E+01   0.137083E+02   0.321540E+01   0.517465E+00
 0.299800E+01   0.265149E+01   0.137002E+02   0.322089E+01   0.519628E+00
 0.301525E+01   0.265497E+01   0.136930E+02   0.322624E+01   0.521784E+00
 0.303250E+01   0.265834E+01   0.136874E+02   0.323146E+01   0.523934E+00
 0.304975E+01   0.266163E+01   0.136728E+02   0.323654E+01   0.526077E+00
 0.306700E+01   0.266483E+01   0.136637E+02   0.324150E+01   0.528213E+00
 0.308425E+01   0.266795E+01   0.136635E+02   0.324632E+01   0.530344E+00
 0.310150E+01   0.267098E+01   0.136536E+02   0.325102E+01   0.532467E+00
 0.311875E+01   0.267393E+01   0.136473E+02   0.325560E+01   0.534585E+00
 0.313600E+01   0.267679E+01   0.136371E+02   0.326006E+01   0.536696E+00
 0.315325E+01   0.267958E+01   0.136253E+02   0.326441E+01   0.538801E+00
 0.317050E+01   0.268230E+01   0.136176E+02   0.326864E+01   0.540900E+00
 0.318775E+01   0.268494E+01   0.136083E+02   0.327276E+01   0.542993E+00
 0.320500E+01   0.268751E+01   0.135992E+02   0.327677E+01   0.545079E+00
 0.322225E+01   0.269001E+01   0.135921E+02   0.328068E+01   0.547160E+00
 0.323950E+01   0.269243E+01   0.135843E+02   0.328448E+01   0.549235E+00
 0.325675E+01   0.269480E+01   0.135726E+02   0.328819E+01   0.551304E+00
 0.327400E+01   0.269709E+01   0.135690E+02   0.329179E+01   0.553367E+00
 0.329125E+01   0.269933E+01   0.135601E+02   0.329529E+01   0.555424E+00
 0.330850E+01   0.270149E+01   0.135429E+02   0.329871E+01   0.557475E+00
 0.332575E+01   0.270360E+01   0.135417E+02   0.330203E+01   0.559521E+00
 0.334300E+01   0.270565E+01   0.135279E+02   0.330525E+01   0.561561E+00
 0.336025E+01   0.270764E+01   0.135189E+02   0.330839E+01   0.563595E+00
 0.337750E+01   0.270958E+01   0.135129E+02   0.331145E+01   0.565624E+00
 0.339475E+01   0.271146E+01   0.135040E+02   0.331442E+01   0.567647E+00
 0.341200E+01   0.271328E+01   0.134937E+02   0.331730E+01   0.569665E+00
 0.342925E+01   0.271505E+01   0.134907E+02   0.332011E+01   0.571677E+00
 0.344650E+01   0.271677E+01   0.134760E+02   0.332283E+01   0.573684E+00
 0.346375E+01   0.271844E+01   0.134679E+02   0.332548E+01   0.575685E+00
 0.348100E+01   0.272006E+01   0.134640E+02   0.332806E+01   0.577682E+00
 0.349825E+01   0.272164E+01   0.134531E+02   0.333055E+01   0.579672E+00
 0.351550E+01   0.272316E+01   0.134455E+02   0.333298E+01   0.581658E+00
 0.353275E+01   0.272464E+01   0.134367E+02   0.333533E+01   0.583639E+00
 0.355000E+01   0.272607E+01   0.134298E+02   0.333762E+01   0.585614E+00
 0.356725E+01   0.272746E+01   0.134176E+02   0.333983E+01   0.587584E+00
 0.358450E+01   0.272881E+01   0.134115E+02   0.334198E+01   0.589549E+00
 0.360175E+01   0.273012E+01   0.134016E+02   0.334407E+01   0.591509E+00
 0.361900E+01   0.273138E+01   0.133962E+02   0.334609E+01   0.593464E+00
 0.363625E+01   0.273260E+01   0.133890E+02   0.334805E+01   0.595414E+00
 0.365350E+01   0.273379E+01   0.133781E+02   0.334995E+01   0.597360E+00
 0.367075E+01   0.273493E+01   0.133677E+02   0.335178E+01   0.599300E+00
 0.368800E+01   0.273604E+01   0.133607E+02   0.335356E+01   0.601235E+00
 0.370525E+01   0.273712E+01   0.133552E+02   0.335528E+01   0.603166E+00
 0.372250E+01   0.273815E+01   0.133487E+02   0.335695E+01   0.605092E+00
 0.373975E+01   0.273915E+01   0.133360E+02   0.335856E+01   0.607013E+00
 0.375700E+01   0.274012E+01   0.133278E+02   0.336011E+01   0.608929E+00
 0.377425E+01   0.274105E+01   0.133213E+02   0.336161E+01   0.610841E+00
 0.379150E+01   0.274195E+01   0.133150E+02   0.336307E+01   0.612748E+00
 0.380875E+01   0.274282E+01   0.133094E+02   0.336447E+01   0.614650E+00
 0.382600E+01   0.274366E+01   0.133011E+02   0.336582E+01   0.616548E+00
 0.384325E+01   0.274447E+01   0.132871E+02   0.336712E+01   0.618441E+00
 0.386050E+01   0.274524E+01   0.132837E+02   0.336837E+01   0.620330E+00
 0.387775E+01   0.274599E+01   0.132745E+02   0.336958E+01   0.622214E+00
 0.389500E+01   0.274671E+01   0.132652E+02   0.337074E+01   0.624094E+00
 0.391225E+01   0.274740E+01   0.132627E+02   0.337186E+01   0.625969E+00
 0.392950E+01   0.274806E+01   0.132512E+02   0.337293E+01   0.627840E+00
 0.394675E+01   0.274869E+01   0.132447E+02   0.337396E+01   0.629707E+00
 0.396400E+01   0.274930E+01   0.132345E+02   0.337495E+01   0.631569E+00
 0.398125E+01   0.274989E+01   0.132233E+02   0.337590E+01   0.633427E+00
 0.399850E+01   0.275044E+01   0.132188E+02   0.337680E+01   0.635281E+00
 0.401575E+01   0.275098E+01   0.132099E+02   0.337767E+01   0.637130E+00
 0.403300E+01   0.275149E+01   0.132045E+02   0.337850E+01   0.638975E+00
 0.405025E+01   0.275197E+01   0.131985E+02   0.337929E+01   0.640816E+00
 0.406750E+01   0.275243E+01   0.131922E+02   0.338004E+01   0.642653E+00
 0.408475E+01   0.275287E+01   0.131815E+02   0.338076E+01   0.644486E+00
 0.410200E+01   0.275329E+01   0.131780E+02   0.338144E+01   0.646315E+00
 0.411925E+01   0.275369E+01   0.131700E+02   0.338208E+01   0.648139E+00
 0.413650E+01   0.275406E+01   0.131555E+02   0.338269E+01   0.649960E+00
 0.415375E+01   0.275441E+01   0.131468E+02   0.338327E+01   0.651776E+00
 0.417100E+01   0.275475E+01   0.131449E+02   0.338381E+01   0.653589E+00
 0.418825E+01   0.275506E+01   0.131356E+02   0.338432E+01   0.655397E+00
 0.420550E+01   0.275535E+01   0.131331E+02   0.338480E+01   0.657202E+00
 0.422275E+01   0.275562E+01   0.131205E+02   0.338525E+01   0.659003E+00
 0.424000E+01   0.275588E+01   0.131134E+02   0.338567E+01   0.660799E+00
 0.425725E+01   0.275612E+01   0.131069E+02   0.338605E+01   0.662592E+00
 0.427450E+01   0.275633E+01   0.131004E+02   0.338641E+01   0.664381E+00
 0.429175E+01   0.275653E+01   0.130971E+02   0.338674E+01   0.666167E+00
 0.430900E+01   0.275672E+01   0.130809E+02   0.338704E+01   0.667948E+00
 0.432625E+01   0.275688E+01   0.130804E+02   0.338732E+01   0.669726E+00
 0.434350E+01   0.275703E+01   0.130736E+02   0.338756E+01   0.671500E+00
 0.436075E+01   0.275717E+01   0.130641E+02   0.338778E+01   0.673270E+00
 0.437800E+01   0.275728E+01   0.130577E+02   0.338798E+01   0.675037E+00
 0.439525E+01   0.275739E+01   0.130506E+02   0.338814E+01   0.676799E+00
 0.441250E+01   0.275747E+01   0.130395E+02   0.338829E+01   0.678559E+00
 0.442975E+01   0.275754E+01   0.130314E+02   0.338840E+01   0.680314E+00
 0.444700E+01   0.275760E+01   0.130315E+02   0.338850E+01   0.682066E+00
 0.446425E+01   0.275764E+01   0.130253E+02   0.338857E+01   0.683815E+00
 0.448150E+01   0.275767E+01   0.130137E+02   0.338862E+01   0.685559E+00
 0.449875E+01   0.275769E+01   0.130124E+02   0.338864E+01   0.687301E+00
 0.451600E+01   0.275769E+01   0.130000E+02   0.338864E+01   0.689039E+00
 0.453325E+01   0.275767E+01   0.129938E+02   0.338862E+01   0.690773E+00
 0.455050E+01   0.275765E+01   0.129836E+02   0.338858E+01   0.692504E+00
 0.456775E+01   0.275761E+01   0.129758E+02   0.338852E+01   0.694231E+00
 0.458500E+01   0.275756E+01   0.129754E+02   0.338843E+01   0.695955E+00
 0.460225E+01   0.275750E+01   0.129682E+02   0.338833E+01   0.697675E+00
 0.461950E+01   0.275742E+01   0.129645E+02   0.338821E+01   0.699392E+00
 0.463675E+01   0.275734E+01   0.129487E+02   0.338806E+01   0.701106E+00
 0.465400E+01   0.275724E+01   0.129479E+02   0.338790E+01   0.702816E+00
 0.467125E+01   0.275713E+01   0.129393E+02   0.338772E+01   0.704523E+00
 0.468850E+01   0.275701E+01   0.129335E+02   0.338752E+01   0.706227E+00
 0.470575E+01   0.275688E+01   0.129260E+02   0.338730E+01   0.707927E+00
 0.472300E+01   0.275673E+01   0.129226E+02   0.338707E+01   0.709624E+00
 0.474025E+01   0.275658E+01   0.129147E+02   0.338681E+01   0.711318E+00
 0.475750E+01   0.275642E+01   0.129114E+02   0.338654E+01   0.713009E+00
 0.477475E+01   0.275624E+01   0.128999E+02   0.338626E+01   0.714696E+00
 0.479200E+01   0.275606E+01   0.128921E+02   0.338596E+01   0.716381E+00
 0.480925E+01   0.275587E+01   0.128839E+02   0.338564E+01   0.718062E+00
 0.482650E+01   0.275567E+01   0.128837E+02   0.338530E+01   0.719739E+00
 0.484375E+01   0.275546E+01   0.128719E+02   0.338495E+01   0.721414E+00
 0.486100E+01   0.275524E+01   0.128634E+02   0.338459E+01   0.723086E+00
 0.487825E+01   0.275501E+01   0.128651E+02   0.338420E+01   0.724754E+00
 0.489550E+01   0.275477E+01   0.128505E+02   0.338381E+01   0.726419E+00
 0.491275E+01   0.275452E+01   0.128476E+02   0.338340E+01   0.728082E+00
 0.493000E+01   0.275427E+01   0.128465E+02   0.338298E+01   0.729741E+00
 0.494725E+01   0.275401E+01   0.128359E+02   0.338254E+01   0.731397E+00
 0.496450E+01   0.275374E+01   0.128259E+02   0.338209E+01   0.733050E+00
 0.498175E+01   0.275346E+01   0.128266E+02   0.338162E+01   0.734700E+00
 0.499900E+01   0.275317E+01   0.128214E+02   0.338115E+01   0.736347E+00
 0.501625E+01   0.275288E+01   0.128101E+02   0.338066E+01   0.737991E+00
 0.503350E+01   0.275257E+01   0.128016E+02   0.338015E+01   0.739633E+00
 0.505075E+01   0.275226E+01   0.127970E+02   0.337964E+01   0.741271E+00
 0.506800E+01   0.275195E+01   0.127908E+02   0.337911E+01   0.742906E+00
 0.508525E+01   0.275163E+01   0.127883E+02   0.337857E+01   0.744539E+00
 0.510250E+01   0.275130E+01   0.127791E+02   0.337802E+01   0.746168E+00
 0.511975E+01   0.275096E+01   0.127722E+02   0.337746E+01   0.747795E+00
 0.513700E+01   0.275062E+01   0.127700E+02   0.337688E+01   0.749418E+00
 0.515425E+01   0.275027E+01   0.127629E+02   0.337630E+01   0.751039E+00
 0.517150E+01   0.274991E+01   0.127576E+02   0.337570E+01   0.752657E+00
 0.518875E+01   0.274955E+01   0.127504E+02   0.337510E+01   0.754272E+00
 0.520600E+01   0.274918E+01   0.127426E+02   0.337448E+01   0.755885E+00
 0.522325E+01   0.274880E+01   0.127418E+02   0.337386E+01   0.757495E+00
 0.524050E+01   0.274842E+01   0.127313E+02   0.337322E+01   0.759101E+00
 0.525775E+01   0.274804E+01   0.127302E+02   0.337257E+01   0.760705E+00
 0.527500E+01   0.274765E+01   0.127208E+02   0.337192E+01   0.762307E+00
 0.529225E+01   0.274725E+01   0.127120E+02   0.337125E+01   0.763905E+00
 0.530950E+01   0.274685E+01   0.127058E+02   0.337058E+01   0.765501E+00
 0.532675E+01   0.274644E+01   0.127018E+02   0.336989E+01   0.767094E+00
 0.534400E+01   0.274603E+01   0.126995E+02   0.336920E+01   0.768685E+00
 0.536125E+01   0.274561E+01   0.126899E+02   0.336850E+01   0.770273E+00
 0.537850E+01   0.274519E+01   0.126839E+02   0.336779E+01   0.771858E+00
 0.539575E+01   0.274476E+01   0.126799E+02   0.336707E+01   0.773440E+00
 0.541300E+01   0.274432E+01   0.126760E+02   0.336635E+01   0.775020E+00
 0.543025E+01   0.274389E+01   0.126689E+02   0.336561E+01   0.776597E+00
 0.544750E+01   0.274345E+01   0.126685E+02   0.336487E+01   0.778172E+00
 0.546475E+01   0.274300E+01   0.126548E+02   0.336412E+01   0.779744E+00
 0.548200E+01   0.274255E+01   0.126567E+02   0.336336E+01   0.781313E+00
 0.549925E+01   0.274209E+01   0.126498E+02   0.336260E+01   0.782880E+00
 0.551650E+01   0.274163E+01   0.126431E+02   0.336183E+01   0.784444E+00
 0.553375E+01   0.274117E+01   0.126406E+02   0.336105E+01   0.786006E+00
 0.555100E+01   0.274070E+01   0.126354E+02   0.336026E+01   0.787565E+00
 0.556825E+01   0.274023E+01   0.126294E+02   0.335947E+01   0.789122E+00
 0.558550E+01   0.273975E+01   0.126161E+02   0.335867E+01   0.790676E+00
 0.560275E+01   0.273927E+01   0.126108E+02   0.335786E+01   0.792227E+00
 0.562000E+01   0.273879E+01   0.126090E+02   0.335705E+01   0.793777E+00
 0.563725E+01   0.273831E+01   0.125986E+02   0.335623E+01   0.795323E+00
 0.565450E+01   0.273781E+01   0.125933E+02   0.335540E+01   0.796867E+00
 0.567175E+01   0.273732E+01   0.125967E+02   0.335457E+01   0.798409E+00
 0.568900E+01   0.273682E+01   0.125866E+02   0.335373E+01   0.799948E+00
 0.570625E+01   0.273632E+01   0.125811E+02   0.335289E+01   0.801485E+00
 0.572350E+01   0.273582E+01   0.125798E+02   0.335204E+01   0.803020E+00
 0.574075E+01   0.273531E+01   0.125757E+02   0.335118E+01   0.804552E+00
 0.575800E+01   0.273480E+01   0.125697E+02   0.335032E+01   0.806082E+00
 0.577525E+01   0.273429E+01   0.125625E+02   0.334946E+01   0.807609E+00
 0.579250E+01   0.273377E+01   0.125578E+02   0.334858E+01   0.809134E+00
 0.580975E+01   0.273325E+01   0.125473E+02   0.334771E+01   0.810656E+00
 0.582700E+01   0.273273E+01   0.125481E+02   0.334683E+01   0.812176E+00
 0.584425E+01   0.273220E+01   0.125394E+02   0.334594E+01   0.813694E+00
 0.586150E+01   0.273167E+01   0.125332E+02   0.334505E+01   0.815210E+00
 0.587875E+01   0.273114E+01   0.125271E+02   0.334415E+01   0.816723E+00
 0.589600E+01   0.273061E+01   0.125208E+02   0.334325E+01   0.818234E+00
 0.591325E+01   0.273007E+01   0.125195E+02   0.334234E+01   0.819743E+00
 0.593050E+01   0.272954E+01   0.125119E+02   0.334143E+01   0.821249E+00
 0.594775E+01   0.272899E+01   0.125073E+02   0.334052E+01   0.822753E+00
 0.596500E+01   0.272845E+01   0.125033E+02   0.333960E+01   0.824255E+00
 0.598225E+01   0.272790E+01   0.125004E+02   0.333868E+01   0.825754E+00
 0.599950E+01   0.272736E+01   0.124892E+02   0.333775E+01   0.827252E+00
 0.601675E+01   0.272681E+01   0.124880E+02   0.333682E+01   0.828747E+00
 0.603400E+01   0.272625E+01   0.124859E+02   0.333588E+01   0.830240E+00
 0.605125E+01   0.272570E+01   0.124798E+02   0.333495E+01   0.831730E+00
 0.606850E+01   0.272514E+01   0.124752E+02   0.333400E+01   0.833219E+00
 0.608575E+01   0.272458E+01   0.124694E+02   0.333306E+01   0.834705E+00
 0.610300E+01   0.272402E+01   0.124669E+02   0.333211E+01   0.836189E+00
 0.612025E+01   0.272346E+01   0.124547E+02   0.333115E+01   0.837671E+00
 0.613750E+01   0.272289E+01   0.124555E+02   0.333020E+01   0.839150E+00
 0.615475E+01   0.272232E+01   0.124503E+02   0.332923E+01   0.840628E+00
 0.617200E+01   0.272176E+01   0.124441E+02   0.332827E+01   0.842103E+00
 0.618925E+01   0.272118E+01   0.124404E+02   0.332730E+01   0.843577E+00
 0.620650E+01   0.272061E+01   0.124341E+02   0.332633E+01   0.845048E+00
 0.622375E+01   0.272004E+01   0.124255E+02   0.332536E+01   0.846517E+00
 0.624100E+01   0.271946E+01   0.124262E+02   0.332438E+01   0.847984E+00
 0.625825E+01   0.271888E+01   0.124244E+02   0.332341E+01   0.849449E+00
 0.627550E+01   0.271831E+01   0.124119E+02   0.332242E+01   0.850911E+00
 0.629275E+01   0.271772E+01   0.124156E+02   0.332144E+01   0.852372E+00
 0.631000E+01   0.271714E+01   0.124041E+02   0.332045E+01   0.853831E+00
 0.632725E+01   0.271656E+01   0.123976E+02   0.331946E+01   0.855287E+00
 0.634450E+01   0.271597E+01   0.124007E+02   0.331847E+01   0.856742E+00
 0.636175E+01   0.271539E+01   0.123908E+02   0.331747E+01   0.858194E+00
 0.637900E+01   0.271480E+01   0.123857E+02   0.331647E+01   0.859644E+00
 0.639625E+01   0.271421E+01   0.123806E+02   0.331547E+01   0.861093E+00
 0.641350E+01   0.271362E+01   0.123771E+02   0.331447E+01   0.862539E+00
 0.643075E+01   0.271303E+01   0.123763E+02   0.331347E+01   0.863983E+00
 0.644800E+01   0.271243E+01   0.123683E+02   0.331246E+01   0.865426E+00
 0.646525E+01   0.271184E+01   0.123639E+02   0.331145E+01   0.866866E+00
 0.648250E+01   0.271124E+01   0.123612E+02   0.331044E+01   0.868304E+00
 0.649975E+01   0.271065E+01   0.123559E+02   0.330942E+01   0.869741E+00
 0.651700E+01   0.271005E+01   0.123525E+02   0.330841E+01   0.871175E+00
 0.653425E+01   0.270945E+01   0.123484E+02   0.330739E+01   0.872608E+00
 0.655150E+01   0.270885E+01   0.123378E+02   0.330637E+01   0.874038E+00
 0.656875E+01   0.270825E+01   0.123330E+02   0.330535E+01   0.875467E+00
 0.658600E+01   0.270765E+01   0.123361E+02   0.330433E+01   0.876893E+00
 0.660325E+01   0.270704E+01   0.123296E+02   0.330330E+01   0.878318E+00
 0.662050E+01   0.270644E+01   0.123234E+02   0.330227E+01   0.879741E+00
 0.663775E+01   0.270583E+01   0.123181E+02   0.330125E+01   0.881161E+00
 0.665500E+01   0.270523E+01   0.123112E+02   0.330022E+01   0.882580E+00
 0.667225E+01   0.270462E+01   0.123145E+02   0.329918E+01   0.883997E+00
 0.668950E+01   0.270402E+01   0.123034E+02   0.329815E+01   0.885413E+00
 0.670675E+01   0.270341E+01   0.122992E+02   0.329712E+01   0.886826E+00
 0.672400E+01   0.270280E+01   0.122948E+02   0.329608E+01   0.888237E+00
 0.674125E+01   0.270219E+01   0.122920E+02   0.329504E+01   0.889647E+00
 0.675850E+01   0.270158E+01   0.122875E+02   0.329400E+01   0.891054E+00
 0.677575E+01   0.270097E+01   0.122873E+02   0.329296E+01   0.892460E+00
 0.679300E+01   0.270035E+01   0.122749E+02   0.329192E+01   0.893864E+00
