 0.100000E-01   0.422035E+00   0.148015E+03   0.425211E+00   0.209985E-02
 0.339667E-01   0.375377E+00   0.145330E+03   0.378113E+00   0.712373E-02
 0.579333E-01   0.385535E+00   0.153273E+03   0.388386E+00   0.121356E-01
 0.819000E-01   0.413755E+00   0.166929E+03   0.416895E+00   0.171503E-01
 0.105867E+00   0.396457E+00   0.161706E+03   0.399427E+00   0.221626E-01
 0.129833E+00   0.433384E+00   0.181806E+03   0.436740E+00   0.271726E-01
 0.153800E+00   0.437542E+00   0.193183E+03   0.440965E+00   0.321794E-01
 0.177767E+00   0.415554E+00   0.202001E+03   0.418782E+00   0.371828E-01
 0.201733E+00   0.396103E+00   0.228046E+03   0.399177E+00   0.421819E-01
 0.225700E+00   0.340747E+00   0.258494E+03   0.343332E+00   0.471762E-01
 0.249667E+00   0.179859E+00   0.232882E+03   0.181041E+00   0.521651E-01
 0.273633E+00   0.738190E-01   0.122838E+03   0.741085E-01   0.571465E-01
 0.297600E+00   0.740302E-01   0.546293E+02   0.743175E-01   0.621360E-01
 0.321567E+00   0.862430E-01   0.405409E+02   0.866565E-01   0.671063E-01
 0.345533E+00   0.100954E+00   0.331786E+02   0.101549E+00   0.720687E-01
 0.369500E+00   0.117393E+00   0.258042E+02   0.118229E+00   0.770228E-01
 0.393467E+00   0.135310E+00   0.220297E+02   0.136451E+00   0.819680E-01
 0.417433E+00   0.154558E+00   0.197933E+02   0.156074E+00   0.869038E-01
 0.441400E+00   0.175022E+00   0.183425E+02   0.176990E+00   0.918300E-01
 0.465367E+00   0.196599E+00   0.173532E+02   0.199103E+00   0.967459E-01
 0.489333E+00   0.219196E+00   0.166584E+02   0.222326E+00   0.101651E+00
 0.513300E+00   0.242731E+00   0.161418E+02   0.246582E+00   0.106546E+00
 0.537267E+00   0.266686E+00   0.157644E+02   0.271342E+00   0.111429E+00
 0.561233E+00   0.290554E+00   0.154837E+02   0.296084E+00   0.116301E+00
 0.585200E+00   0.314629E+00   0.152642E+02   0.321113E+00   0.121162E+00
 0.609167E+00   0.338958E+00   0.150944E+02   0.346479E+00   0.126011E+00
 0.633133E+00   0.363552E+00   0.149582E+02   0.372196E+00   0.130849E+00
 0.657100E+00   0.388411E+00   0.148596E+02   0.398266E+00   0.135675E+00
 0.681067E+00   0.413527E+00   0.147700E+02   0.424684E+00   0.140489E+00
 0.705033E+00   0.438891E+00   0.147002E+02   0.451443E+00   0.145291E+00
 0.729000E+00   0.464493E+00   0.146373E+02   0.478534E+00   0.150081E+00
 0.752967E+00   0.490319E+00   0.145917E+02   0.505946E+00   0.154858E+00
 0.776933E+00   0.516357E+00   0.145533E+02   0.533667E+00   0.159622E+00
 0.800900E+00   0.542593E+00   0.145207E+02   0.561687E+00   0.164374E+00
 0.824867E+00   0.569013E+00   0.144969E+02   0.589992E+00   0.169112E+00
 0.848833E+00   0.595604E+00   0.144691E+02   0.618569E+00   0.173837E+00
 0.872800E+00   0.622349E+00   0.144496E+02   0.647405E+00   0.178548E+00
 0.896767E+00   0.649234E+00   0.144399E+02   0.676485E+00   0.183246E+00
 0.920733E+00   0.676243E+00   0.144224E+02   0.705793E+00   0.187929E+00
 0.944700E+00   0.703359E+00   0.144189E+02   0.735314E+00   0.192599E+00
 0.968667E+00   0.730564E+00   0.144087E+02   0.765031E+00   0.197254E+00
 0.992633E+00   0.757843E+00   0.144022E+02   0.794926E+00   0.201896E+00
 0.101660E+01   0.785175E+00   0.143907E+02   0.824982E+00   0.206522E+00
 0.104057E+01   0.812543E+00   0.143920E+02   0.855178E+00   0.211134E+00
 0.106453E+01   0.839927E+00   0.143801E+02   0.885495E+00   0.215731E+00
 0.108850E+01   0.867308E+00   0.143797E+02   0.915912E+00   0.220313E+00
 0.111247E+01   0.894665E+00   0.143800E+02   0.946408E+00   0.224879E+00
 0.113643E+01   0.921978E+00   0.143784E+02   0.976960E+00   0.229431E+00
 0.116040E+01   0.949227E+00   0.143667E+02   0.100755E+01   0.233966E+00
 0.118437E+01   0.976389E+00   0.143703E+02   0.103814E+01   0.238487E+00
 0.120833E+01   0.100345E+01   0.143688E+02   0.106872E+01   0.242991E+00
 0.123230E+01   0.103037E+01   0.143659E+02   0.109927E+01   0.247480E+00
 0.125627E+01   0.105715E+01   0.143580E+02   0.112975E+01   0.251953E+00
 0.128023E+01   0.108376E+01   0.143612E+02   0.116015E+01   0.256410E+00
 0.130420E+01   0.111018E+01   0.143569E+02   0.119044E+01   0.260850E+00
 0.132817E+01   0.113639E+01   0.143467E+02   0.122060E+01   0.265275E+00
 0.135213E+01   0.116237E+01   0.143437E+02   0.125059E+01   0.269683E+00
 0.137610E+01   0.118811E+01   0.143447E+02   0.128041E+01   0.274075E+00
 0.140007E+01   0.121358E+01   0.143424E+02   0.131002E+01   0.278451E+00
 0.142403E+01   0.123876E+01   0.143335E+02   0.133941E+01   0.282810E+00
 0.144800E+01   0.126365E+01   0.143331E+02   0.136855E+01   0.287153E+00
 0.147197E+01   0.128823E+01   0.143191E+02   0.139743E+01   0.291479E+00
 0.149593E+01   0.131247E+01   0.143170E+02   0.142602E+01   0.295789E+00
 0.151990E+01   0.133638E+01   0.143162E+02   0.145431E+01   0.300082E+00
 0.154387E+01   0.135993E+01   0.143003E+02   0.148227E+01   0.304359E+00
 0.156783E+01   0.138311E+01   0.143020E+02   0.150990E+01   0.308619E+00
 0.159180E+01   0.140593E+01   0.142944E+02   0.153717E+01   0.312863E+00
 0.161577E+01   0.142836E+01   0.142792E+02   0.156408E+01   0.317091E+00
 0.163973E+01   0.145040E+01   0.142707E+02   0.159061E+01   0.321302E+00
 0.166370E+01   0.147204E+01   0.142647E+02   0.161675E+01   0.325497E+00
 0.168767E+01   0.149328E+01   0.142526E+02   0.164249E+01   0.329675E+00
 0.171163E+01   0.151411E+01   0.142476E+02   0.166782E+01   0.333838E+00
 0.173560E+01   0.153454E+01   0.142367E+02   0.169273E+01   0.337984E+00
 0.175957E+01   0.155455E+01   0.142231E+02   0.171721E+01   0.342114E+00
 0.178353E+01   0.157415E+01   0.142184E+02   0.174127E+01   0.346228E+00
 0.180750E+01   0.159333E+01   0.142027E+02   0.176490E+01   0.350326E+00
 0.183147E+01   0.161210E+01   0.141978E+02   0.178808E+01   0.354408E+00
 0.185543E+01   0.163045E+01   0.141878E+02   0.181083E+01   0.358474E+00
 0.187940E+01   0.164839E+01   0.141749E+02   0.183313E+01   0.362525E+00
 0.190337E+01   0.166593E+01   0.141648E+02   0.185499E+01   0.366560E+00
 0.192733E+01   0.168305E+01   0.141521E+02   0.187641E+01   0.370580E+00
 0.195130E+01   0.169978E+01   0.141386E+02   0.189738E+01   0.374584E+00
 0.197527E+01   0.171610E+01   0.141222E+02   0.191792E+01   0.378574E+00
 0.199923E+01   0.173203E+01   0.141075E+02   0.193801E+01   0.382548E+00
 0.202320E+01   0.174758E+01   0.140981E+02   0.195767E+01   0.386506E+00
 0.204717E+01   0.176273E+01   0.140818E+02   0.197690E+01   0.390451E+00
 0.207113E+01   0.177751E+01   0.140691E+02   0.199570E+01   0.394380E+00
 0.209510E+01   0.179192E+01   0.140614E+02   0.201408E+01   0.398294E+00
 0.211907E+01   0.180596E+01   0.140462E+02   0.203204E+01   0.402195E+00
 0.214303E+01   0.181964E+01   0.140360E+02   0.204958E+01   0.406080E+00
 0.216700E+01   0.183297E+01   0.140228E+02   0.206671E+01   0.409952E+00
 0.219097E+01   0.184595E+01   0.140049E+02   0.208344E+01   0.413809E+00
 0.221493E+01   0.185859E+01   0.139896E+02   0.209978E+01   0.417652E+00
 0.223890E+01   0.187089E+01   0.139794E+02   0.211572E+01   0.421482E+00
 0.226287E+01   0.188287E+01   0.139567E+02   0.213128E+01   0.425297E+00
 0.228683E+01   0.189453E+01   0.139440E+02   0.214646E+01   0.429099E+00
 0.231080E+01   0.190588E+01   0.139365E+02   0.216127E+01   0.432888E+00
 0.233477E+01   0.191692E+01   0.139199E+02   0.217571E+01   0.436663E+00
 0.235873E+01   0.192767E+01   0.139059E+02   0.218979E+01   0.440425E+00
 0.238270E+01   0.193812E+01   0.138859E+02   0.220353E+01   0.444173E+00
 0.240667E+01   0.194829E+01   0.138704E+02   0.221692E+01   0.447909E+00
 0.243063E+01   0.195818E+01   0.138569E+02   0.222997E+01   0.451632E+00
 0.245460E+01   0.196780E+01   0.138455E+02   0.224270E+01   0.455342E+00
 0.247857E+01   0.197716E+01   0.138282E+02   0.225510E+01   0.459040E+00
 0.250253E+01   0.198626E+01   0.138195E+02   0.226718E+01   0.462725E+00
 0.252650E+01   0.199510E+01   0.137997E+02   0.227896E+01   0.466398E+00
 0.255047E+01   0.200371E+01   0.137818E+02   0.229043E+01   0.470059E+00
 0.257443E+01   0.201207E+01   0.137673E+02   0.230160E+01   0.473707E+00
 0.259840E+01   0.202020E+01   0.137540E+02   0.231249E+01   0.477344E+00
 0.262237E+01   0.202810E+01   0.137409E+02   0.232309E+01   0.480969E+00
 0.264633E+01   0.203579E+01   0.137283E+02   0.233342E+01   0.484582E+00
 0.267030E+01   0.204326E+01   0.137112E+02   0.234348E+01   0.488183E+00
 0.269427E+01   0.205052E+01   0.136971E+02   0.235327E+01   0.491773E+00
 0.271823E+01   0.205758E+01   0.136786E+02   0.236281E+01   0.495352E+00
 0.274220E+01   0.206443E+01   0.136665E+02   0.237210E+01   0.498919E+00
 0.276617E+01   0.207110E+01   0.136586E+02   0.238114E+01   0.502475E+00
 0.279013E+01   0.207758E+01   0.136379E+02   0.238994E+01   0.506021E+00
 0.281410E+01   0.208388E+01   0.136204E+02   0.239850E+01   0.509555E+00
 0.283807E+01   0.208999E+01   0.136137E+02   0.240684E+01   0.513079E+00
 0.286203E+01   0.209594E+01   0.135928E+02   0.241496E+01   0.516591E+00
 0.288600E+01   0.210172E+01   0.135828E+02   0.242286E+01   0.520094E+00
 0.290997E+01   0.210733E+01   0.135662E+02   0.243055E+01   0.523586E+00
 0.293393E+01   0.211279E+01   0.135560E+02   0.243803E+01   0.527067E+00
 0.295790E+01   0.211809E+01   0.135430E+02   0.244532E+01   0.530539E+00
 0.298187E+01   0.212323E+01   0.135227E+02   0.245240E+01   0.534000E+00
 0.300583E+01   0.212824E+01   0.135075E+02   0.245929E+01   0.537451E+00
 0.302980E+01   0.213310E+01   0.135012E+02   0.246600E+01   0.540892E+00
 0.305377E+01   0.213782E+01   0.134803E+02   0.247253E+01   0.544324E+00
 0.307773E+01   0.214241E+01   0.134677E+02   0.247887E+01   0.547745E+00
 0.310170E+01   0.214686E+01   0.134583E+02   0.248505E+01   0.551157E+00
 0.312567E+01   0.215119E+01   0.134417E+02   0.249106E+01   0.554560E+00
 0.314963E+01   0.215539E+01   0.134230E+02   0.249690E+01   0.557953E+00
 0.317360E+01   0.215948E+01   0.134096E+02   0.250258E+01   0.561337E+00
 0.319757E+01   0.216344E+01   0.133974E+02   0.250810E+01   0.564711E+00
 0.322153E+01   0.216729E+01   0.133853E+02   0.251347E+01   0.568076E+00
 0.324550E+01   0.217103E+01   0.133705E+02   0.251870E+01   0.571433E+00
 0.326947E+01   0.217466E+01   0.133598E+02   0.252377E+01   0.574780E+00
 0.329343E+01   0.217819E+01   0.133480E+02   0.252871E+01   0.578118E+00
 0.331740E+01   0.218161E+01   0.133370E+02   0.253351E+01   0.581448E+00
 0.334137E+01   0.218493E+01   0.133218E+02   0.253817E+01   0.584769E+00
 0.336533E+01   0.218816E+01   0.133032E+02   0.254271E+01   0.588081E+00
 0.338930E+01   0.219129E+01   0.132933E+02   0.254711E+01   0.591385E+00
 0.341327E+01   0.219433E+01   0.132858E+02   0.255139E+01   0.594680E+00
 0.343723E+01   0.219728E+01   0.132720E+02   0.255555E+01   0.597967E+00
 0.346120E+01   0.220014E+01   0.132513E+02   0.255959E+01   0.601245E+00
 0.348517E+01   0.220292E+01   0.132386E+02   0.256352E+01   0.604516E+00
 0.350913E+01   0.220561E+01   0.132279E+02   0.256733E+01   0.607778E+00
 0.353310E+01   0.220823E+01   0.132198E+02   0.257103E+01   0.611032E+00
 0.355707E+01   0.221076E+01   0.132062E+02   0.257462E+01   0.614278E+00
 0.358103E+01   0.221322E+01   0.131880E+02   0.257811E+01   0.617516E+00
 0.360500E+01   0.221560E+01   0.131810E+02   0.258150E+01   0.620747E+00
 0.362897E+01   0.221792E+01   0.131688E+02   0.258479E+01   0.623969E+00
 0.365293E+01   0.222016E+01   0.131591E+02   0.258798E+01   0.627184E+00
 0.367690E+01   0.222233E+01   0.131390E+02   0.259107E+01   0.630391E+00
 0.370087E+01   0.222444E+01   0.131309E+02   0.259408E+01   0.633591E+00
 0.372483E+01   0.222648E+01   0.131189E+02   0.259699E+01   0.636783E+00
 0.374880E+01   0.222846E+01   0.131080E+02   0.259981E+01   0.639968E+00
 0.377277E+01   0.223037E+01   0.130913E+02   0.260255E+01   0.643146E+00
 0.379673E+01   0.223223E+01   0.130777E+02   0.260521E+01   0.646316E+00
 0.382070E+01   0.223402E+01   0.130740E+02   0.260778E+01   0.649479E+00
 0.384467E+01   0.223576E+01   0.130636E+02   0.261027E+01   0.652634E+00
 0.386863E+01   0.223745E+01   0.130437E+02   0.261269E+01   0.655783E+00
 0.389260E+01   0.223907E+01   0.130348E+02   0.261503E+01   0.658925E+00
 0.391657E+01   0.224065E+01   0.130231E+02   0.261729E+01   0.662059E+00
 0.394053E+01   0.224217E+01   0.130076E+02   0.261948E+01   0.665187E+00
 0.396450E+01   0.224365E+01   0.129989E+02   0.262161E+01   0.668308E+00
 0.398847E+01   0.224507E+01   0.129918E+02   0.262366E+01   0.671422E+00
 0.401243E+01   0.224645E+01   0.129776E+02   0.262564E+01   0.674529E+00
 0.403640E+01   0.224778E+01   0.129622E+02   0.262756E+01   0.677630E+00
 0.406037E+01   0.224906E+01   0.129606E+02   0.262942E+01   0.680724E+00
 0.408433E+01   0.225030E+01   0.129438E+02   0.263121E+01   0.683811E+00
 0.410830E+01   0.225150E+01   0.129289E+02   0.263294E+01   0.686893E+00
 0.413227E+01   0.225265E+01   0.129266E+02   0.263461E+01   0.689967E+00
 0.415623E+01   0.225377E+01   0.129076E+02   0.263622E+01   0.693035E+00
 0.418020E+01   0.225484E+01   0.129027E+02   0.263777E+01   0.696097E+00
 0.420417E+01   0.225587E+01   0.128911E+02   0.263927E+01   0.699152E+00
 0.422813E+01   0.225687E+01   0.128835E+02   0.264072E+01   0.702202E+00
 0.425210E+01   0.225783E+01   0.128648E+02   0.264211E+01   0.705245E+00
 0.427607E+01   0.225875E+01   0.128571E+02   0.264345E+01   0.708282E+00
 0.430003E+01   0.225963E+01   0.128525E+02   0.264474E+01   0.711313E+00
 0.432400E+01   0.226048E+01   0.128391E+02   0.264598E+01   0.714337E+00
 0.434797E+01   0.226130E+01   0.128300E+02   0.264717E+01   0.717356E+00
 0.437193E+01   0.226209E+01   0.128182E+02   0.264831E+01   0.720369E+00
 0.439590E+01   0.226284E+01   0.128069E+02   0.264940E+01   0.723376E+00
 0.441987E+01   0.226356E+01   0.127915E+02   0.265046E+01   0.726377E+00
 0.444383E+01   0.226425E+01   0.127844E+02   0.265146E+01   0.729373E+00
 0.446780E+01   0.226491E+01   0.127798E+02   0.265243E+01   0.732362E+00
 0.449177E+01   0.226554E+01   0.127679E+02   0.265335E+01   0.735346E+00
 0.451573E+01   0.226614E+01   0.127598E+02   0.265423E+01   0.738324E+00
 0.453970E+01   0.226672E+01   0.127466E+02   0.265507E+01   0.741297E+00
 0.456367E+01   0.226726E+01   0.127375E+02   0.265587E+01   0.744264E+00
 0.458763E+01   0.226778E+01   0.127222E+02   0.265663E+01   0.747225E+00
 0.461160E+01   0.226828E+01   0.127205E+02   0.265735E+01   0.750181E+00
 0.463557E+01   0.226875E+01   0.127100E+02   0.265804E+01   0.753132E+00
 0.465953E+01   0.226919E+01   0.126964E+02   0.265869E+01   0.756077E+00
 0.468350E+01   0.226961E+01   0.126850E+02   0.265931E+01   0.759017E+00
 0.470747E+01   0.227001E+01   0.126749E+02   0.265989E+01   0.761951E+00
 0.473143E+01   0.227038E+01   0.126673E+02   0.266044E+01   0.764880E+00
 0.475540E+01   0.227073E+01   0.126575E+02   0.266096E+01   0.767804E+00
 0.477937E+01   0.227106E+01   0.126521E+02   0.266144E+01   0.770723E+00
 0.480333E+01   0.227137E+01   0.126448E+02   0.266189E+01   0.773636E+00
 0.482730E+01   0.227165E+01   0.126313E+02   0.266231E+01   0.776545E+00
 0.485127E+01   0.227192E+01   0.126230E+02   0.266270E+01   0.779448E+00
 0.487523E+01   0.227216E+01   0.126119E+02   0.266306E+01   0.782346E+00
 0.489920E+01   0.227239E+01   0.126031E+02   0.266340E+01   0.785239E+00
 0.492317E+01   0.227259E+01   0.125948E+02   0.266370E+01   0.788127E+00
 0.494713E+01   0.227278E+01   0.125879E+02   0.266398E+01   0.791011E+00
 0.497110E+01   0.227295E+01   0.125759E+02   0.266423E+01   0.793889E+00
 0.499507E+01   0.227310E+01   0.125704E+02   0.266445E+01   0.796762E+00
 0.501903E+01   0.227324E+01   0.125648E+02   0.266465E+01   0.799631E+00
 0.504300E+01   0.227336E+01   0.125482E+02   0.266482E+01   0.802495E+00
 0.506697E+01   0.227346E+01   0.125394E+02   0.266497E+01   0.805354E+00
 0.509093E+01   0.227354E+01   0.125346E+02   0.266510E+01   0.808208E+00
 0.511490E+01   0.227361E+01   0.125256E+02   0.266520E+01   0.811057E+00
 0.513887E+01   0.227366E+01   0.125167E+02   0.266528E+01   0.813902E+00
 0.516283E+01   0.227370E+01   0.125120E+02   0.266533E+01   0.816743E+00
 0.518680E+01   0.227372E+01   0.125003E+02   0.266536E+01   0.819578E+00
 0.521077E+01   0.227373E+01   0.124952E+02   0.266538E+01   0.822409E+00
 0.523473E+01   0.227372E+01   0.124868E+02   0.266537E+01   0.825236E+00
 0.525870E+01   0.227370E+01   0.124739E+02   0.266534E+01   0.828058E+00
 0.528267E+01   0.227367E+01   0.124691E+02   0.266529E+01   0.830875E+00
 0.530663E+01   0.227362E+01   0.124616E+02   0.266522E+01   0.833688E+00
 0.533060E+01   0.227356E+01   0.124449E+02   0.266513E+01   0.836497E+00
 0.535457E+01   0.227349E+01   0.124389E+02   0.266502E+01   0.839301E+00
 0.537853E+01   0.227340E+01   0.124293E+02   0.266489E+01   0.842100E+00
 0.540250E+01   0.227330E+01   0.124220E+02   0.266475E+01   0.844896E+00
 0.542647E+01   0.227320E+01   0.124168E+02   0.266458E+01   0.847687E+00
 0.545043E+01   0.227307E+01   0.124107E+02   0.266440E+01   0.850474E+00
 0.547440E+01   0.227294E+01   0.124044E+02   0.266421E+01   0.853256E+00
 0.549837E+01   0.227280E+01   0.123885E+02   0.266399E+01   0.856035E+00
 0.552233E+01   0.227264E+01   0.123868E+02   0.266376E+01   0.858809E+00
 0.554630E+01   0.227248E+01   0.123757E+02   0.266352E+01   0.861579E+00
 0.557027E+01   0.227230E+01   0.123679E+02   0.266326E+01   0.864345E+00
 0.559423E+01   0.227212E+01   0.123601E+02   0.266298E+01   0.867106E+00
 0.561820E+01   0.227192E+01   0.123551E+02   0.266269E+01   0.869864E+00
 0.564217E+01   0.227172E+01   0.123450E+02   0.266238E+01   0.872617E+00
 0.566613E+01   0.227150E+01   0.123390E+02   0.266206E+01   0.875367E+00
 0.569010E+01   0.227128E+01   0.123289E+02   0.266173E+01   0.878112E+00
 0.571407E+01   0.227105E+01   0.123243E+02   0.266138E+01   0.880854E+00
 0.573803E+01   0.227081E+01   0.123176E+02   0.266102E+01   0.883591E+00
 0.576200E+01   0.227056E+01   0.123053E+02   0.266065E+01   0.886325E+00
 0.578597E+01   0.227030E+01   0.123031E+02   0.266026E+01   0.889054E+00
 0.580993E+01   0.227003E+01   0.122895E+02   0.265986E+01   0.891780E+00
 0.583390E+01   0.226975E+01   0.122902E+02   0.265945E+01   0.894502E+00
 0.585787E+01   0.226947E+01   0.122781E+02   0.265903E+01   0.897220E+00
 0.588183E+01   0.226918E+01   0.122718E+02   0.265859E+01   0.899934E+00
 0.590580E+01   0.226888E+01   0.122601E+02   0.265814E+01   0.902644E+00
 0.592977E+01   0.226858E+01   0.122592E+02   0.265769E+01   0.905351E+00
 0.595373E+01   0.226826E+01   0.122478E+02   0.265722E+01   0.908054E+00
 0.597770E+01   0.226794E+01   0.122395E+02   0.265674E+01   0.910753E+00
 0.600167E+01   0.226762E+01   0.122393E+02   0.265625E+01   0.913448E+00
 0.602563E+01   0.226728E+01   0.122338E+02   0.265575E+01   0.916140E+00
 0.604960E+01   0.226694E+01   0.122203E+02   0.265524E+01   0.918828E+00
 0.607357E+01   0.226659E+01   0.122183E+02   0.265472E+01   0.921512E+00
 0.609753E+01   0.226624E+01   0.122090E+02   0.265419E+01   0.924193E+00
 0.612150E+01   0.226588E+01   0.121988E+02   0.265365E+01   0.926870E+00
 0.614547E+01   0.226552E+01   0.121954E+02   0.265310E+01   0.929544E+00
 0.616943E+01   0.226514E+01   0.121853E+02   0.265254E+01   0.932214E+00
 0.619340E+01   0.226477E+01   0.121831E+02   0.265197E+01   0.934880E+00
 0.621737E+01   0.226438E+01   0.121776E+02   0.265140E+01   0.937543E+00
 0.624133E+01   0.226399E+01   0.121666E+02   0.265081E+01   0.940202E+00
 0.626530E+01   0.226360E+01   0.121583E+02   0.265022E+01   0.942858E+00
 0.628927E+01   0.226320E+01   0.121580E+02   0.264962E+01   0.945511E+00
 0.631323E+01   0.226280E+01   0.121511E+02   0.264901E+01   0.948160E+00
 0.633720E+01   0.226239E+01   0.121384E+02   0.264840E+01   0.950805E+00
 0.636117E+01   0.226197E+01   0.121353E+02   0.264778E+01   0.953447E+00
 0.638513E+01   0.226155E+01   0.121237E+02   0.264714E+01   0.956086E+00
 0.640910E+01   0.226113E+01   0.121250E+02   0.264651E+01   0.958721E+00
 0.643307E+01   0.226070E+01   0.121132E+02   0.264586E+01   0.961353E+00
 0.645703E+01   0.226027E+01   0.121061E+02   0.264521E+01   0.963982E+00
 0.648100E+01   0.225983E+01   0.121012E+02   0.264455E+01   0.966608E+00
 0.650497E+01   0.225939E+01   0.120997E+02   0.264389E+01   0.969230E+00
 0.652893E+01   0.225894E+01   0.120891E+02   0.264322E+01   0.971849E+00
 0.655290E+01   0.225849E+01   0.120857E+02   0.264254E+01   0.974464E+00
 0.657687E+01   0.225804E+01   0.120773E+02   0.264185E+01   0.977076E+00
 0.660083E+01   0.225758E+01   0.120711E+02   0.264116E+01   0.979686E+00
 0.662480E+01   0.225712E+01   0.120675E+02   0.264047E+01   0.982291E+00
 0.664877E+01   0.225665E+01   0.120598E+02   0.263977E+01   0.984894E+00
 0.667273E+01   0.225618E+01   0.120563E+02   0.263906E+01   0.987494E+00
 0.669670E+01   0.225571E+01   0.120427E+02   0.263835E+01   0.990090E+00
 0.672067E+01   0.225524E+01   0.120377E+02   0.263763E+01   0.992683E+00
 0.674463E+01   0.225476E+01   0.120379E+02   0.263690E+01   0.995273E+00
 0.676860E+01   0.225427E+01   0.120243E+02   0.263618E+01   0.997860E+00
 0.679257E+01   0.225379E+01   0.120195E+02   0.263544E+01   0.100044E+01
 0.681653E+01   0.225330E+01   0.120137E+02   0.263470E+01   0.100303E+01
 0.684050E+01   0.225281E+01   0.120103E+02   0.263396E+01   0.100560E+01
 0.686447E+01   0.225231E+01   0.120054E+02   0.263321E+01   0.100818E+01
 0.688843E+01   0.225181E+01   0.119931E+02   0.263246E+01   0.101075E+01
 0.691240E+01   0.225131E+01   0.119868E+02   0.263170E+01   0.101332E+01
 0.693637E+01   0.225081E+01   0.119888E+02   0.263094E+01   0.101588E+01
 0.696033E+01   0.225030E+01   0.119818E+02   0.263018E+01   0.101845E+01
 0.698430E+01   0.224979E+01   0.119778E+02   0.262941E+01   0.102101E+01
 0.700827E+01   0.224928E+01   0.119710E+02   0.262863E+01   0.102356E+01
 0.703223E+01   0.224876E+01   0.119670E+02   0.262785E+01   0.102612E+01
 0.705620E+01   0.224825E+01   0.119610E+02   0.262707E+01   0.102867E+01
 0.708017E+01   0.224773E+01   0.119482E+02   0.262629E+01   0.103122E+01
 0.710413E+01   0.224721E+01   0.119418E+02   0.262550E+01   0.103376E+01
 0.712810E+01   0.224668E+01   0.119382E+02   0.262471E+01   0.103630E+01
 0.715207E+01   0.224616E+01   0.119301E+02   0.262391E+01   0.103884E+01
 0.717603E+01   0.224563E+01   0.119254E+02   0.262311E+01   0.104138E+01
