 0.100000E-01   0.399599E+00   0.139169E+03   0.402520E+00   0.209833E-02
 0.339667E-01   0.322955E+00   0.131390E+03   0.325167E+00   0.711712E-02
 0.579333E-01   0.306569E+00   0.136934E+03   0.308652E+00   0.121297E-01
 0.819000E-01   0.304909E+00   0.148515E+03   0.307008E+00   0.171372E-01
 0.105867E+00   0.321205E+00   0.172161E+03   0.323492E+00   0.221404E-01
 0.129833E+00   0.294436E+00   0.177667E+03   0.296506E+00   0.271391E-01
 0.153800E+00   0.261297E+00   0.182176E+03   0.263087E+00   0.321335E-01
 0.177767E+00   0.207342E+00   0.172222E+03   0.208667E+00   0.371236E-01
 0.201733E+00   0.149960E+00   0.148294E+03   0.150799E+00   0.421095E-01
 0.225700E+00   0.117842E+00   0.132207E+03   0.118413E+00   0.470913E-01
 0.249667E+00   0.988583E-01   0.113458E+03   0.992683E-01   0.520691E-01
 0.273633E+00   0.914836E-01   0.102099E+03   0.918301E-01   0.570429E-01
 0.297600E+00   0.885823E-01   0.874818E+02   0.889016E-01   0.620131E-01
 0.321567E+00   0.885751E-01   0.700073E+02   0.888927E-01   0.669794E-01
 0.345533E+00   0.903234E-01   0.577624E+02   0.906564E-01   0.719423E-01
 0.369500E+00   0.926310E-01   0.489422E+02   0.929862E-01   0.769018E-01
 0.393467E+00   0.954630E-01   0.444379E+02   0.958472E-01   0.818580E-01
 0.417433E+00   0.985859E-01   0.414719E+02   0.990038E-01   0.868090E-01
 0.441400E+00   0.102795E+00   0.403922E+02   0.103261E+00   0.917574E-01
 0.465367E+00   0.107708E+00   0.389180E+02   0.108235E+00   0.967012E-01
 0.489333E+00   0.113400E+00   0.359347E+02   0.114002E+00   0.101640E+00
 0.513300E+00   0.119947E+00   0.310404E+02   0.120641E+00   0.106574E+00
 0.537267E+00   0.127372E+00   0.273710E+02   0.128180E+00   0.111502E+00
 0.561233E+00   0.135558E+00   0.246043E+02   0.136501E+00   0.116424E+00
 0.585200E+00   0.144654E+00   0.224420E+02   0.145760E+00   0.121339E+00
 0.609167E+00   0.154746E+00   0.207209E+02   0.156049E+00   0.126248E+00
 0.633133E+00   0.165899E+00   0.193246E+02   0.167437E+00   0.131150E+00
 0.657100E+00   0.178164E+00   0.182012E+02   0.179982E+00   0.136045E+00
 0.681067E+00   0.191578E+00   0.172748E+02   0.193729E+00   0.140931E+00
 0.705033E+00   0.206165E+00   0.165138E+02   0.208710E+00   0.145809E+00
 0.729000E+00   0.221940E+00   0.158825E+02   0.224945E+00   0.150679E+00
 0.752967E+00   0.238902E+00   0.153715E+02   0.242444E+00   0.155539E+00
 0.776933E+00   0.257044E+00   0.149380E+02   0.261206E+00   0.160389E+00
 0.800900E+00   0.276345E+00   0.145835E+02   0.281221E+00   0.165229E+00
 0.824867E+00   0.296779E+00   0.142922E+02   0.302468E+00   0.170058E+00
 0.848833E+00   0.318308E+00   0.140507E+02   0.324921E+00   0.174876E+00
 0.872800E+00   0.340891E+00   0.138563E+02   0.348544E+00   0.179682E+00
 0.896767E+00   0.364478E+00   0.136868E+02   0.373295E+00   0.184476E+00
 0.920733E+00   0.389015E+00   0.135529E+02   0.399127E+00   0.189259E+00
 0.944700E+00   0.414442E+00   0.134517E+02   0.425987E+00   0.194028E+00
 0.968667E+00   0.440697E+00   0.133580E+02   0.453818E+00   0.198784E+00
 0.992633E+00   0.467716E+00   0.132877E+02   0.482561E+00   0.203527E+00
 0.101660E+01   0.495430E+00   0.132358E+02   0.512152E+00   0.208255E+00
 0.104057E+01   0.523771E+00   0.131918E+02   0.542526E+00   0.212970E+00
 0.106453E+01   0.552669E+00   0.131633E+02   0.573615E+00   0.217670E+00
 0.108850E+01   0.582056E+00   0.131418E+02   0.605352E+00   0.222355E+00
 0.111247E+01   0.611862E+00   0.131258E+02   0.637668E+00   0.227026E+00
 0.113643E+01   0.642018E+00   0.131187E+02   0.670495E+00   0.231681E+00
 0.116040E+01   0.672458E+00   0.131103E+02   0.703765E+00   0.236320E+00
 0.118437E+01   0.703117E+00   0.131124E+02   0.737410E+00   0.240944E+00
 0.120833E+01   0.733932E+00   0.131169E+02   0.771365E+00   0.245552E+00
 0.123230E+01   0.764842E+00   0.131167E+02   0.805566E+00   0.250144E+00
 0.125627E+01   0.795788E+00   0.131309E+02   0.839950E+00   0.254719E+00
 0.128023E+01   0.826717E+00   0.131368E+02   0.874456E+00   0.259278E+00
 0.130420E+01   0.857574E+00   0.131481E+02   0.909028E+00   0.263820E+00
 0.132817E+01   0.888311E+00   0.131552E+02   0.943609E+00   0.268346E+00
 0.135213E+01   0.918882E+00   0.131652E+02   0.978148E+00   0.272854E+00
 0.137610E+01   0.949244E+00   0.131852E+02   0.101259E+01   0.277346E+00
 0.140007E+01   0.979356E+00   0.131963E+02   0.104690E+01   0.281821E+00
 0.142403E+01   0.100918E+01   0.132071E+02   0.108102E+01   0.286279E+00
 0.144800E+01   0.103869E+01   0.132214E+02   0.111491E+01   0.290720E+00
 0.147197E+01   0.106784E+01   0.132321E+02   0.114854E+01   0.295143E+00
 0.149593E+01   0.109662E+01   0.132404E+02   0.118188E+01   0.299549E+00
 0.151990E+01   0.112500E+01   0.132537E+02   0.121488E+01   0.303939E+00
 0.154387E+01   0.115295E+01   0.132686E+02   0.124751E+01   0.308311E+00
 0.156783E+01   0.118046E+01   0.132704E+02   0.127976E+01   0.312666E+00
 0.159180E+01   0.120751E+01   0.132788E+02   0.131160E+01   0.317004E+00
 0.161577E+01   0.123408E+01   0.132909E+02   0.134300E+01   0.321324E+00
 0.163973E+01   0.126017E+01   0.133049E+02   0.137395E+01   0.325628E+00
 0.166370E+01   0.128576E+01   0.133038E+02   0.140443E+01   0.329915E+00
 0.168767E+01   0.131085E+01   0.133095E+02   0.143443E+01   0.334185E+00
 0.171163E+01   0.133543E+01   0.133152E+02   0.146392E+01   0.338438E+00
 0.173560E+01   0.135950E+01   0.133272E+02   0.149291E+01   0.342674E+00
 0.175957E+01   0.138305E+01   0.133271E+02   0.152138E+01   0.346893E+00
 0.178353E+01   0.140608E+01   0.133367E+02   0.154932E+01   0.351096E+00
 0.180750E+01   0.142859E+01   0.133312E+02   0.157674E+01   0.355283E+00
 0.183147E+01   0.145059E+01   0.133323E+02   0.160362E+01   0.359453E+00
 0.185543E+01   0.147207E+01   0.133340E+02   0.162997E+01   0.363607E+00
 0.187940E+01   0.149305E+01   0.133369E+02   0.165578E+01   0.367744E+00
 0.190337E+01   0.151352E+01   0.133405E+02   0.168106E+01   0.371866E+00
 0.192733E+01   0.153349E+01   0.133425E+02   0.170580E+01   0.375971E+00
 0.195130E+01   0.155296E+01   0.133402E+02   0.173001E+01   0.380061E+00
 0.197527E+01   0.157195E+01   0.133361E+02   0.175369E+01   0.384135E+00
 0.199923E+01   0.159045E+01   0.133327E+02   0.177684E+01   0.388193E+00
 0.202320E+01   0.160848E+01   0.133292E+02   0.179947E+01   0.392236E+00
 0.204717E+01   0.162605E+01   0.133318E+02   0.182159E+01   0.396264E+00
 0.207113E+01   0.164316E+01   0.133250E+02   0.184320E+01   0.400276E+00
 0.209510E+01   0.165982E+01   0.133190E+02   0.186430E+01   0.404274E+00
 0.211907E+01   0.167604E+01   0.133228E+02   0.188491E+01   0.408256E+00
 0.214303E+01   0.169183E+01   0.133181E+02   0.190503E+01   0.412224E+00
 0.216700E+01   0.170720E+01   0.133101E+02   0.192467E+01   0.416177E+00
 0.219097E+01   0.172215E+01   0.132979E+02   0.194383E+01   0.420116E+00
 0.221493E+01   0.173670E+01   0.132972E+02   0.196253E+01   0.424040E+00
 0.223890E+01   0.175086E+01   0.132926E+02   0.198078E+01   0.427950E+00
 0.226287E+01   0.176463E+01   0.132798E+02   0.199857E+01   0.431846E+00
 0.228683E+01   0.177803E+01   0.132760E+02   0.201592E+01   0.435728E+00
 0.231080E+01   0.179106E+01   0.132746E+02   0.203285E+01   0.439597E+00
 0.233477E+01   0.180373E+01   0.132641E+02   0.204935E+01   0.443451E+00
 0.235873E+01   0.181605E+01   0.132502E+02   0.206543E+01   0.447293E+00
 0.238270E+01   0.182803E+01   0.132517E+02   0.208111E+01   0.451120E+00
 0.240667E+01   0.183968E+01   0.132411E+02   0.209640E+01   0.454935E+00
 0.243063E+01   0.185101E+01   0.132281E+02   0.211129E+01   0.458736E+00
 0.245460E+01   0.186202E+01   0.132178E+02   0.212581E+01   0.462525E+00
 0.247857E+01   0.187273E+01   0.132181E+02   0.213996E+01   0.466300E+00
 0.250253E+01   0.188314E+01   0.132001E+02   0.215374E+01   0.470063E+00
 0.252650E+01   0.189326E+01   0.131912E+02   0.216717E+01   0.473813E+00
 0.255047E+01   0.190310E+01   0.131847E+02   0.218026E+01   0.477551E+00
 0.257443E+01   0.191267E+01   0.131790E+02   0.219301E+01   0.481277E+00
 0.259840E+01   0.192197E+01   0.131634E+02   0.220543E+01   0.484990E+00
 0.262237E+01   0.193101E+01   0.131595E+02   0.221752E+01   0.488692E+00
 0.264633E+01   0.193979E+01   0.131469E+02   0.222931E+01   0.492381E+00
 0.267030E+01   0.194833E+01   0.131392E+02   0.224079E+01   0.496059E+00
 0.269427E+01   0.195664E+01   0.131282E+02   0.225197E+01   0.499725E+00
 0.271823E+01   0.196471E+01   0.131222E+02   0.226286E+01   0.503379E+00
 0.274220E+01   0.197255E+01   0.131107E+02   0.227346E+01   0.507022E+00
 0.276617E+01   0.198018E+01   0.131009E+02   0.228379E+01   0.510654E+00
 0.279013E+01   0.198759E+01   0.130884E+02   0.229385E+01   0.514275E+00
 0.281410E+01   0.199480E+01   0.130743E+02   0.230364E+01   0.517884E+00
 0.283807E+01   0.200181E+01   0.130663E+02   0.231318E+01   0.521483E+00
 0.286203E+01   0.200862E+01   0.130562E+02   0.232247E+01   0.525070E+00
 0.288600E+01   0.201524E+01   0.130470E+02   0.233151E+01   0.528647E+00
 0.290997E+01   0.202167E+01   0.130338E+02   0.234032E+01   0.532214E+00
 0.293393E+01   0.202793E+01   0.130265E+02   0.234890E+01   0.535770E+00
 0.295790E+01   0.203401E+01   0.130105E+02   0.235725E+01   0.539315E+00
 0.298187E+01   0.203992E+01   0.129995E+02   0.236538E+01   0.542850E+00
 0.300583E+01   0.204567E+01   0.129888E+02   0.237329E+01   0.546375E+00
 0.302980E+01   0.205125E+01   0.129799E+02   0.238100E+01   0.549890E+00
 0.305377E+01   0.205668E+01   0.129751E+02   0.238851E+01   0.553395E+00
 0.307773E+01   0.206196E+01   0.129654E+02   0.239581E+01   0.556890E+00
 0.310170E+01   0.206709E+01   0.129556E+02   0.240292E+01   0.560375E+00
 0.312567E+01   0.207208E+01   0.129417E+02   0.240984E+01   0.563851E+00
 0.314963E+01   0.207693E+01   0.129330E+02   0.241658E+01   0.567317E+00
 0.317360E+01   0.208164E+01   0.129197E+02   0.242314E+01   0.570774E+00
 0.319757E+01   0.208622E+01   0.129094E+02   0.242953E+01   0.574221E+00
 0.322153E+01   0.209068E+01   0.129008E+02   0.243575E+01   0.577659E+00
 0.324550E+01   0.209500E+01   0.128815E+02   0.244180E+01   0.581088E+00
 0.326947E+01   0.209921E+01   0.128748E+02   0.244768E+01   0.584507E+00
 0.329343E+01   0.210330E+01   0.128659E+02   0.245341E+01   0.587918E+00
 0.331740E+01   0.210728E+01   0.128586E+02   0.245899E+01   0.591320E+00
 0.334137E+01   0.211114E+01   0.128434E+02   0.246442E+01   0.594712E+00
 0.336533E+01   0.211489E+01   0.128301E+02   0.246970E+01   0.598097E+00
 0.338930E+01   0.211854E+01   0.128255E+02   0.247484E+01   0.601472E+00
 0.341327E+01   0.212209E+01   0.128082E+02   0.247984E+01   0.604839E+00
 0.343723E+01   0.212554E+01   0.127980E+02   0.248471E+01   0.608197E+00
 0.346120E+01   0.212888E+01   0.127901E+02   0.248944E+01   0.611547E+00
 0.348517E+01   0.213214E+01   0.127777E+02   0.249404E+01   0.614889E+00
 0.350913E+01   0.213530E+01   0.127646E+02   0.249852E+01   0.618222E+00
 0.353310E+01   0.213837E+01   0.127552E+02   0.250288E+01   0.621547E+00
 0.355707E+01   0.214136E+01   0.127527E+02   0.250712E+01   0.624865E+00
 0.358103E+01   0.214426E+01   0.127365E+02   0.251124E+01   0.628174E+00
 0.360500E+01   0.214707E+01   0.127282E+02   0.251525E+01   0.631475E+00
 0.362897E+01   0.214981E+01   0.127195E+02   0.251914E+01   0.634768E+00
 0.365293E+01   0.215247E+01   0.127032E+02   0.252293E+01   0.638053E+00
 0.367690E+01   0.215505E+01   0.126970E+02   0.252662E+01   0.641331E+00
 0.370087E+01   0.215756E+01   0.126863E+02   0.253020E+01   0.644601E+00
 0.372483E+01   0.215999E+01   0.126714E+02   0.253368E+01   0.647864E+00
 0.374880E+01   0.216235E+01   0.126688E+02   0.253706E+01   0.651119E+00
 0.377277E+01   0.216465E+01   0.126602E+02   0.254035E+01   0.654366E+00
 0.379673E+01   0.216688E+01   0.126498E+02   0.254354E+01   0.657606E+00
 0.382070E+01   0.216904E+01   0.126339E+02   0.254664E+01   0.660839E+00
 0.384467E+01   0.217114E+01   0.126295E+02   0.254966E+01   0.664064E+00
 0.386863E+01   0.217317E+01   0.126115E+02   0.255259E+01   0.667283E+00
 0.389260E+01   0.217515E+01   0.126039E+02   0.255543E+01   0.670494E+00
 0.391657E+01   0.217706E+01   0.125974E+02   0.255819E+01   0.673698E+00
 0.394053E+01   0.217892E+01   0.125811E+02   0.256087E+01   0.676895E+00
 0.396450E+01   0.218073E+01   0.125803E+02   0.256347E+01   0.680085E+00
 0.398847E+01   0.218247E+01   0.125673E+02   0.256600E+01   0.683269E+00
 0.401243E+01   0.218417E+01   0.125522E+02   0.256844E+01   0.686445E+00
 0.403640E+01   0.218581E+01   0.125422E+02   0.257082E+01   0.689615E+00
 0.406037E+01   0.218740E+01   0.125388E+02   0.257313E+01   0.692778E+00
 0.408433E+01   0.218895E+01   0.125241E+02   0.257536E+01   0.695934E+00
 0.410830E+01   0.219044E+01   0.125202E+02   0.257753E+01   0.699084E+00
 0.413227E+01   0.219189E+01   0.125126E+02   0.257963E+01   0.702227E+00
 0.415623E+01   0.219329E+01   0.125023E+02   0.258166E+01   0.705364E+00
 0.418020E+01   0.219464E+01   0.124885E+02   0.258363E+01   0.708495E+00
 0.420417E+01   0.219596E+01   0.124828E+02   0.258554E+01   0.711618E+00
 0.422813E+01   0.219723E+01   0.124749E+02   0.258739E+01   0.714736E+00
 0.425210E+01   0.219846E+01   0.124601E+02   0.258918E+01   0.717848E+00
 0.427607E+01   0.219964E+01   0.124477E+02   0.259091E+01   0.720953E+00
 0.430003E+01   0.220079E+01   0.124454E+02   0.259259E+01   0.724052E+00
 0.432400E+01   0.220190E+01   0.124346E+02   0.259420E+01   0.727145E+00
 0.434797E+01   0.220297E+01   0.124292E+02   0.259577E+01   0.730231E+00
 0.437193E+01   0.220401E+01   0.124111E+02   0.259728E+01   0.733312E+00
 0.439590E+01   0.220501E+01   0.124072E+02   0.259874E+01   0.736387E+00
 0.441987E+01   0.220597E+01   0.124011E+02   0.260015E+01   0.739456E+00
 0.444383E+01   0.220690E+01   0.123860E+02   0.260151E+01   0.742519E+00
 0.446780E+01   0.220780E+01   0.123819E+02   0.260283E+01   0.745576E+00
 0.449177E+01   0.220866E+01   0.123662E+02   0.260409E+01   0.748627E+00
 0.451573E+01   0.220949E+01   0.123630E+02   0.260531E+01   0.751673E+00
 0.453970E+01   0.221029E+01   0.123550E+02   0.260649E+01   0.754713E+00
 0.456367E+01   0.221106E+01   0.123429E+02   0.260762E+01   0.757747E+00
 0.458763E+01   0.221180E+01   0.123374E+02   0.260871E+01   0.760776E+00
 0.461160E+01   0.221251E+01   0.123286E+02   0.260975E+01   0.763799E+00
 0.463557E+01   0.221319E+01   0.123225E+02   0.261075E+01   0.766817E+00
 0.465953E+01   0.221385E+01   0.123121E+02   0.261172E+01   0.769829E+00
 0.468350E+01   0.221448E+01   0.123051E+02   0.261264E+01   0.772836E+00
 0.470747E+01   0.221508E+01   0.122879E+02   0.261353E+01   0.775837E+00
 0.473143E+01   0.221565E+01   0.122828E+02   0.261438E+01   0.778833E+00
 0.475540E+01   0.221620E+01   0.122773E+02   0.261519E+01   0.781824E+00
 0.477937E+01   0.221673E+01   0.122699E+02   0.261596E+01   0.784809E+00
 0.480333E+01   0.221723E+01   0.122542E+02   0.261670E+01   0.787789E+00
 0.482730E+01   0.221771E+01   0.122524E+02   0.261741E+01   0.790764E+00
 0.485127E+01   0.221816E+01   0.122451E+02   0.261808E+01   0.793734E+00
 0.487523E+01   0.221859E+01   0.122369E+02   0.261872E+01   0.796698E+00
 0.489920E+01   0.221900E+01   0.122275E+02   0.261933E+01   0.799658E+00
 0.492317E+01   0.221939E+01   0.122159E+02   0.261990E+01   0.802612E+00
 0.494713E+01   0.221976E+01   0.122046E+02   0.262045E+01   0.805562E+00
 0.497110E+01   0.222011E+01   0.121990E+02   0.262096E+01   0.808506E+00
 0.499507E+01   0.222043E+01   0.121933E+02   0.262144E+01   0.811446E+00
 0.501903E+01   0.222074E+01   0.121854E+02   0.262190E+01   0.814380E+00
 0.504300E+01   0.222103E+01   0.121791E+02   0.262233E+01   0.817310E+00
 0.506697E+01   0.222130E+01   0.121704E+02   0.262273E+01   0.820235E+00
 0.509093E+01   0.222155E+01   0.121641E+02   0.262310E+01   0.823155E+00
 0.511490E+01   0.222178E+01   0.121559E+02   0.262344E+01   0.826070E+00
 0.513887E+01   0.222199E+01   0.121489E+02   0.262376E+01   0.828981E+00
 0.516283E+01   0.222219E+01   0.121346E+02   0.262406E+01   0.831887E+00
 0.518680E+01   0.222237E+01   0.121323E+02   0.262432E+01   0.834788E+00
 0.521077E+01   0.222254E+01   0.121213E+02   0.262457E+01   0.837684E+00
 0.523473E+01   0.222268E+01   0.121142E+02   0.262479E+01   0.840576E+00
 0.525870E+01   0.222282E+01   0.121078E+02   0.262499E+01   0.843464E+00
 0.528267E+01   0.222293E+01   0.120999E+02   0.262516E+01   0.846346E+00
 0.530663E+01   0.222304E+01   0.120917E+02   0.262531E+01   0.849225E+00
 0.533060E+01   0.222312E+01   0.120881E+02   0.262544E+01   0.852098E+00
 0.535457E+01   0.222320E+01   0.120757E+02   0.262555E+01   0.854968E+00
 0.537853E+01   0.222325E+01   0.120665E+02   0.262564E+01   0.857833E+00
 0.540250E+01   0.222330E+01   0.120594E+02   0.262571E+01   0.860693E+00
 0.542647E+01   0.222333E+01   0.120527E+02   0.262575E+01   0.863549E+00
 0.545043E+01   0.222335E+01   0.120434E+02   0.262578E+01   0.866401E+00
 0.547440E+01   0.222335E+01   0.120448E+02   0.262579E+01   0.869248E+00
 0.549837E+01   0.222335E+01   0.120308E+02   0.262578E+01   0.872091E+00
 0.552233E+01   0.222333E+01   0.120217E+02   0.262575E+01   0.874930E+00
 0.554630E+01   0.222330E+01   0.120190E+02   0.262570E+01   0.877765E+00
 0.557027E+01   0.222325E+01   0.120079E+02   0.262564E+01   0.880595E+00
 0.559423E+01   0.222320E+01   0.120023E+02   0.262555E+01   0.883422E+00
 0.561820E+01   0.222313E+01   0.119969E+02   0.262545E+01   0.886244E+00
 0.564217E+01   0.222305E+01   0.119885E+02   0.262534E+01   0.889062E+00
 0.566613E+01   0.222296E+01   0.119855E+02   0.262520E+01   0.891876E+00
 0.569010E+01   0.222286E+01   0.119770E+02   0.262505E+01   0.894686E+00
 0.571407E+01   0.222275E+01   0.119739E+02   0.262489E+01   0.897491E+00
 0.573803E+01   0.222263E+01   0.119609E+02   0.262471E+01   0.900293E+00
 0.576200E+01   0.222250E+01   0.119527E+02   0.262452E+01   0.903091E+00
 0.578597E+01   0.222236E+01   0.119449E+02   0.262431E+01   0.905884E+00
 0.580993E+01   0.222222E+01   0.119432E+02   0.262408E+01   0.908674E+00
 0.583390E+01   0.222206E+01   0.119369E+02   0.262384E+01   0.911460E+00
 0.585787E+01   0.222189E+01   0.119317E+02   0.262359E+01   0.914242E+00
 0.588183E+01   0.222171E+01   0.119257E+02   0.262333E+01   0.917020E+00
 0.590580E+01   0.222153E+01   0.119166E+02   0.262305E+01   0.919794E+00
 0.592977E+01   0.222133E+01   0.119120E+02   0.262276E+01   0.922565E+00
 0.595373E+01   0.222113E+01   0.118962E+02   0.262245E+01   0.925331E+00
 0.597770E+01   0.222092E+01   0.118925E+02   0.262213E+01   0.928094E+00
 0.600167E+01   0.222070E+01   0.118877E+02   0.262180E+01   0.930853E+00
 0.602563E+01   0.222048E+01   0.118798E+02   0.262146E+01   0.933608E+00
 0.604960E+01   0.222024E+01   0.118741E+02   0.262111E+01   0.936360E+00
 0.607357E+01   0.222000E+01   0.118640E+02   0.262075E+01   0.939108E+00
 0.609753E+01   0.221975E+01   0.118620E+02   0.262037E+01   0.941852E+00
 0.612150E+01   0.221949E+01   0.118579E+02   0.261999E+01   0.944593E+00
 0.614547E+01   0.221923E+01   0.118538E+02   0.261959E+01   0.947329E+00
 0.616943E+01   0.221896E+01   0.118466E+02   0.261918E+01   0.950063E+00
 0.619340E+01   0.221868E+01   0.118327E+02   0.261876E+01   0.952792E+00
 0.621737E+01   0.221840E+01   0.118272E+02   0.261833E+01   0.955519E+00
 0.624133E+01   0.221811E+01   0.118220E+02   0.261790E+01   0.958241E+00
 0.626530E+01   0.221781E+01   0.118183E+02   0.261745E+01   0.960960E+00
 0.628927E+01   0.221751E+01   0.118159E+02   0.261699E+01   0.963676E+00
 0.631323E+01   0.221720E+01   0.118092E+02   0.261652E+01   0.966388E+00
 0.633720E+01   0.221689E+01   0.117961E+02   0.261605E+01   0.969096E+00
 0.636117E+01   0.221657E+01   0.117879E+02   0.261556E+01   0.971801E+00
 0.638513E+01   0.221624E+01   0.117834E+02   0.261507E+01   0.974503E+00
 0.640910E+01   0.221591E+01   0.117775E+02   0.261457E+01   0.977201E+00
 0.643307E+01   0.221557E+01   0.117726E+02   0.261406E+01   0.979896E+00
 0.645703E+01   0.221523E+01   0.117679E+02   0.261354E+01   0.982587E+00
 0.648100E+01   0.221488E+01   0.117595E+02   0.261301E+01   0.985276E+00
 0.650497E+01   0.221453E+01   0.117547E+02   0.261248E+01   0.987960E+00
 0.652893E+01   0.221417E+01   0.117481E+02   0.261194E+01   0.990642E+00
 0.655290E+01   0.221380E+01   0.117452E+02   0.261139E+01   0.993320E+00
 0.657687E+01   0.221344E+01   0.117416E+02   0.261083E+01   0.995995E+00
 0.660083E+01   0.221306E+01   0.117335E+02   0.261027E+01   0.998666E+00
 0.662480E+01   0.221269E+01   0.117252E+02   0.260969E+01   0.100133E+01
 0.664877E+01   0.221231E+01   0.117176E+02   0.260912E+01   0.100400E+01
 0.667273E+01   0.221192E+01   0.117190E+02   0.260853E+01   0.100666E+01
 0.669670E+01   0.221153E+01   0.117113E+02   0.260794E+01   0.100932E+01
 0.672067E+01   0.221113E+01   0.117046E+02   0.260734E+01   0.101198E+01
 0.674463E+01   0.221074E+01   0.116987E+02   0.260674E+01   0.101463E+01
 0.676860E+01   0.221033E+01   0.116960E+02   0.260613E+01   0.101728E+01
 0.679257E+01   0.220993E+01   0.116840E+02   0.260551E+01   0.101992E+01
 0.681653E+01   0.220952E+01   0.116763E+02   0.260489E+01   0.102257E+01
 0.684050E+01   0.220910E+01   0.116777E+02   0.260426E+01   0.102521E+01
 0.686447E+01   0.220868E+01   0.116719E+02   0.260362E+01   0.102784E+01
 0.688843E+01   0.220826E+01   0.116640E+02   0.260298E+01   0.103048E+01
 0.691240E+01   0.220784E+01   0.116634E+02   0.260234E+01   0.103311E+01
 0.693637E+01   0.220741E+01   0.116543E+02   0.260169E+01   0.103573E+01
 0.696033E+01   0.220698E+01   0.116496E+02   0.260103E+01   0.103836E+01
 0.698430E+01   0.220654E+01   0.116395E+02   0.260037E+01   0.104098E+01
 0.700827E+01   0.220610E+01   0.116351E+02   0.259970E+01   0.104360E+01
 0.703223E+01   0.220566E+01   0.116325E+02   0.259903E+01   0.104621E+01
 0.705620E+01   0.220522E+01   0.116267E+02   0.259836E+01   0.104883E+01
 0.708017E+01   0.220477E+01   0.116197E+02   0.259768E+01   0.105144E+01
 0.710413E+01   0.220432E+01   0.116181E+02   0.259699E+01   0.105404E+01
 0.712810E+01   0.220387E+01   0.116139E+02   0.259630E+01   0.105665E+01
 0.715207E+01   0.220341E+01   0.116088E+02   0.259561E+01   0.105925E+01
 0.717603E+01   0.220295E+01   0.115990E+02   0.259491E+01   0.106185E+01
